[2021-02-05 23:19:33] [INFO] [COMMIT-MGR] [uploader]: Starting commmitment manager server... 
[2021-02-05 23:19:33] [DEBUG] [COMMIT-MGR] [uploader]: shieldContract: Shield 
[2021-02-05 23:19:33] [DEBUG] [COMMIT-MGR] [uploader]: verifierContract: VerifierNoop 
[2021-02-05 23:19:33] [DEBUG] [COMMIT-MGR] [uploader]: Attempting to connect to db: localhost:27117/baseline 
[2021-02-05 23:19:33] [INFO] [COMMIT-MGR] [uploader]: Successfully connected to mongo db. 
[2021-02-05 23:19:38] [INFO] [COMMIT-MGR] [uploader]: Established websocket connection: http://localhost:8546 
[2021-02-05 23:19:38] [INFO] [COMMIT-MGR] [uploader]: Checking chain logs for missed newLeaf events starting at block 42094 for contract: 0xa64c234389ef26727892ca15252008397a57a9de 
[2021-02-05 23:19:38] [INFO] [COMMIT-MGR] [uploader]: Creating event listeners for contract: 0xa64c234389ef26727892ca15252008397a57a9de 
[2021-02-05 23:19:38] [INFO] [COMMIT-MGR] [uploader]: REST server listening on port 4001. 
[2021-02-05 23:19:39] [DEBUG] [COMMIT-MGR] [uploader]: NEW BLOCK: 42670 
[2021-02-05 23:19:40] [DEBUG] [COMMIT-MGR] [uploader]: NEW BLOCK: 42671 
[2021-02-05 23:19:41] [DEBUG] [COMMIT-MGR] [uploader]: NEW BLOCK: 42672 
[2021-02-05 23:19:42] [DEBUG] [COMMIT-MGR] [uploader]: NEW BLOCK: 42673 
[2021-02-05 23:19:43] [DEBUG] [COMMIT-MGR] [uploader]: NEW BLOCK: 42674 
[2021-02-05 23:19:44] [DEBUG] [COMMIT-MGR] [uploader]: NEW BLOCK: 42675 
[2021-02-05 23:19:45] [DEBUG] [COMMIT-MGR] [uploader]: NEW BLOCK: 42676 
[2021-02-05 23:19:46] [DEBUG] [COMMIT-MGR] [uploader]: NEW BLOCK: 42677 
[2021-02-05 23:19:47] [DEBUG] [COMMIT-MGR] [uploader]: NEW BLOCK: 42678 
[2021-02-05 23:19:48] [DEBUG] [COMMIT-MGR] [uploader]: NEW BLOCK: 42679 
[2021-02-05 23:19:49] [DEBUG] [COMMIT-MGR] [uploader]: NEW BLOCK: 42680 
[2021-02-05 23:19:50] [DEBUG] [COMMIT-MGR] [uploader]: NEW BLOCK: 42681 
[2021-02-05 23:19:51] [DEBUG] [COMMIT-MGR] [uploader]: NEW BLOCK: 42682 
[2021-02-05 23:19:52] [DEBUG] [COMMIT-MGR] [uploader]: NEW BLOCK: 42683 
[2021-02-05 23:19:53] [DEBUG] [COMMIT-MGR] [uploader]: NEW BLOCK: 42684 
[2021-02-05 23:19:54] [DEBUG] [COMMIT-MGR] [uploader]: NEW BLOCK: 42685 
[2021-02-05 23:19:55] [DEBUG] [COMMIT-MGR] [uploader]: NEW BLOCK: 42686 
[2021-02-05 23:19:56] [DEBUG] [COMMIT-MGR] [uploader]: NEW BLOCK: 42687 
[2021-02-05 23:19:57] [DEBUG] [COMMIT-MGR] [uploader]: NEW BLOCK: 42688 
[2021-02-05 23:19:58] [DEBUG] [COMMIT-MGR] [uploader]: NEW BLOCK: 42689 
[2021-02-05 23:19:59] [DEBUG] [COMMIT-MGR] [uploader]: NEW BLOCK: 42690 
[2021-02-05 23:20:00] [DEBUG] [COMMIT-MGR] [uploader]: NEW BLOCK: 42691 
[2021-02-05 23:20:01] [DEBUG] [COMMIT-MGR] [uploader]: NEW BLOCK: 42692 
[2021-02-05 23:20:02] [DEBUG] [COMMIT-MGR] [uploader]: NEW BLOCK: 42693 
[2021-02-05 23:20:03] [DEBUG] [COMMIT-MGR] [uploader]: NEW BLOCK: 42694 
[2021-02-05 23:20:04] [DEBUG] [COMMIT-MGR] [uploader]: NEW BLOCK: 42695 
[2021-02-05 23:20:05] [DEBUG] [COMMIT-MGR] [uploader]: NEW BLOCK: 42696 
[2021-02-05 23:20:06] [DEBUG] [COMMIT-MGR] [uploader]: NEW BLOCK: 42697 
[2021-02-05 23:20:07] [DEBUG] [COMMIT-MGR] [uploader]: NEW BLOCK: 42698 
[2021-02-05 23:20:08] [DEBUG] [COMMIT-MGR] [uploader]: NEW BLOCK: 42699 
[2021-02-05 23:20:09] [DEBUG] [COMMIT-MGR] [uploader]: NEW BLOCK: 42700 
[2021-02-05 23:20:10] [DEBUG] [COMMIT-MGR] [uploader]: NEW BLOCK: 42701 
[2021-02-05 23:20:11] [DEBUG] [COMMIT-MGR] [uploader]: NEW BLOCK: 42702 
[2021-02-05 23:20:12] [DEBUG] [COMMIT-MGR] [uploader]: NEW BLOCK: 42703 
[2021-02-05 23:20:13] [DEBUG] [COMMIT-MGR] [uploader]: NEW BLOCK: 42704 
[2021-02-05 23:20:14] [DEBUG] [COMMIT-MGR] [uploader]: NEW BLOCK: 42705 
[2021-02-05 23:20:15] [DEBUG] [COMMIT-MGR] [uploader]: NEW BLOCK: 42706 
[2021-02-05 23:20:16] [DEBUG] [COMMIT-MGR] [uploader]: NEW BLOCK: 42707 
[2021-02-05 23:20:17] [DEBUG] [COMMIT-MGR] [uploader]: NEW BLOCK: 42708 
[2021-02-05 23:20:18] [DEBUG] [COMMIT-MGR] [uploader]: NEW BLOCK: 42709 
[2021-02-05 23:20:19] [DEBUG] [COMMIT-MGR] [uploader]: NEW BLOCK: 42710 
[2021-02-05 23:20:20] [DEBUG] [COMMIT-MGR] [uploader]: NEW BLOCK: 42711 
[2021-02-05 23:20:21] [DEBUG] [COMMIT-MGR] [uploader]: NEW BLOCK: 42712 
[2021-02-05 23:20:22] [DEBUG] [COMMIT-MGR] [uploader]: NEW BLOCK: 42713 
[2021-02-05 23:20:23] [DEBUG] [COMMIT-MGR] [uploader]: NEW BLOCK: 42714 
[2021-02-05 23:20:24] [DEBUG] [COMMIT-MGR] [uploader]: NEW BLOCK: 42715 
[2021-02-05 23:20:25] [DEBUG] [COMMIT-MGR] [uploader]: NEW BLOCK: 42716 
[2021-02-05 23:20:26] [DEBUG] [COMMIT-MGR] [uploader]: NEW BLOCK: 42717 
[2021-02-05 23:20:27] [DEBUG] [COMMIT-MGR] [uploader]: NEW BLOCK: 42718 
[2021-02-05 23:20:28] [DEBUG] [COMMIT-MGR] [uploader]: NEW BLOCK: 42719 
[2021-02-05 23:20:29] [DEBUG] [COMMIT-MGR] [uploader]: NEW BLOCK: 42720 
[2021-02-05 23:20:30] [DEBUG] [COMMIT-MGR] [uploader]: NEW BLOCK: 42721 
[2021-02-05 23:20:31] [DEBUG] [COMMIT-MGR] [uploader]: NEW BLOCK: 42722 
[2021-02-05 23:20:32] [DEBUG] [COMMIT-MGR] [uploader]: NEW BLOCK: 42723 
[2021-02-05 23:20:33] [DEBUG] [COMMIT-MGR] [uploader]: NEW BLOCK: 42724 
[2021-02-05 23:20:34] [DEBUG] [COMMIT-MGR] [uploader]: NEW BLOCK: 42725 
[2021-02-05 23:20:35] [DEBUG] [COMMIT-MGR] [uploader]: NEW BLOCK: 42726 
[2021-02-05 23:20:36] [DEBUG] [COMMIT-MGR] [uploader]: NEW BLOCK: 42727 
[2021-02-05 23:20:37] [DEBUG] [COMMIT-MGR] [uploader]: NEW BLOCK: 42728 
[2021-02-05 23:20:38] [DEBUG] [COMMIT-MGR] [uploader]: NEW BLOCK: 42729 
[2021-02-05 23:20:39] [DEBUG] [COMMIT-MGR] [uploader]: NEW BLOCK: 42730 
[2021-02-05 23:20:40] [DEBUG] [COMMIT-MGR] [uploader]: NEW BLOCK: 42731 
[2021-02-05 23:20:41] [DEBUG] [COMMIT-MGR] [uploader]: NEW BLOCK: 42732 
[2021-02-05 23:20:42] [DEBUG] [COMMIT-MGR] [uploader]: NEW BLOCK: 42733 
[2021-02-05 23:20:43] [DEBUG] [COMMIT-MGR] [uploader]: NEW BLOCK: 42734 
[2021-02-05 23:20:44] [DEBUG] [COMMIT-MGR] [uploader]: NEW BLOCK: 42735 
[2021-02-05 23:20:45] [DEBUG] [COMMIT-MGR] [uploader]: NEW BLOCK: 42736 
[2021-02-05 23:20:46] [DEBUG] [COMMIT-MGR] [uploader]: NEW BLOCK: 42737 
[2021-02-05 23:20:47] [DEBUG] [COMMIT-MGR] [uploader]: NEW BLOCK: 42738 
[2021-02-05 23:20:48] [DEBUG] [COMMIT-MGR] [uploader]: NEW BLOCK: 42739 
[2021-02-05 23:20:49] [DEBUG] [COMMIT-MGR] [uploader]: NEW BLOCK: 42740 
[2021-02-05 23:20:50] [DEBUG] [COMMIT-MGR] [uploader]: NEW BLOCK: 42741 
[2021-02-05 23:20:51] [DEBUG] [COMMIT-MGR] [uploader]: NEW BLOCK: 42742 
[2021-02-05 23:20:52] [DEBUG] [COMMIT-MGR] [uploader]: NEW BLOCK: 42743 
[2021-02-05 23:20:53] [DEBUG] [COMMIT-MGR] [uploader]: NEW BLOCK: 42744 
[2021-02-05 23:20:54] [DEBUG] [COMMIT-MGR] [uploader]: NEW BLOCK: 42745 
[2021-02-05 23:20:55] [DEBUG] [COMMIT-MGR] [uploader]: NEW BLOCK: 42746 
[2021-02-05 23:20:56] [DEBUG] [COMMIT-MGR] [uploader]: NEW BLOCK: 42747 
[2021-02-05 23:20:57] [DEBUG] [COMMIT-MGR] [uploader]: NEW BLOCK: 42748 
[2021-02-05 23:20:58] [DEBUG] [COMMIT-MGR] [uploader]: NEW BLOCK: 42749 
[2021-02-05 23:20:59] [DEBUG] [COMMIT-MGR] [uploader]: NEW BLOCK: 42750 
[2021-02-05 23:21:00] [DEBUG] [COMMIT-MGR] [uploader]: NEW BLOCK: 42751 
[2021-02-05 23:21:01] [DEBUG] [COMMIT-MGR] [uploader]: NEW BLOCK: 42752 
[2021-02-05 23:21:02] [DEBUG] [COMMIT-MGR] [uploader]: NEW BLOCK: 42753 
[2021-02-05 23:21:03] [DEBUG] [COMMIT-MGR] [uploader]: NEW BLOCK: 42754 
[2021-02-05 23:21:04] [DEBUG] [COMMIT-MGR] [uploader]: NEW BLOCK: 42755 
[2021-02-05 23:21:05] [DEBUG] [COMMIT-MGR] [uploader]: NEW BLOCK: 42756 
[2021-02-05 23:21:06] [DEBUG] [COMMIT-MGR] [uploader]: NEW BLOCK: 42757 
[2021-02-05 23:21:07] [DEBUG] [COMMIT-MGR] [uploader]: NEW BLOCK: 42758 
[2021-02-05 23:21:08] [DEBUG] [COMMIT-MGR] [uploader]: NEW BLOCK: 42759 
[2021-02-05 23:21:09] [DEBUG] [COMMIT-MGR] [uploader]: NEW BLOCK: 42760 
[2021-02-05 23:21:10] [DEBUG] [COMMIT-MGR] [uploader]: NEW BLOCK: 42761 
[2021-02-05 23:21:11] [DEBUG] [COMMIT-MGR] [uploader]: NEW BLOCK: 42762 
[2021-02-05 23:21:12] [DEBUG] [COMMIT-MGR] [uploader]: NEW BLOCK: 42763 
[2021-02-05 23:21:13] [DEBUG] [COMMIT-MGR] [uploader]: NEW BLOCK: 42764 
[2021-02-05 23:21:14] [DEBUG] [COMMIT-MGR] [uploader]: NEW BLOCK: 42765 
[2021-02-05 23:21:15] [DEBUG] [COMMIT-MGR] [uploader]: NEW BLOCK: 42766 
[2021-02-05 23:21:16] [DEBUG] [COMMIT-MGR] [uploader]: NEW BLOCK: 42767 
[2021-02-05 23:21:17] [DEBUG] [COMMIT-MGR] [uploader]: NEW BLOCK: 42768 
[2021-02-05 23:21:18] [DEBUG] [COMMIT-MGR] [uploader]: NEW BLOCK: 42769 
[2021-02-05 23:21:19] [DEBUG] [COMMIT-MGR] [uploader]: NEW BLOCK: 42770 
[2021-02-05 23:21:20] [DEBUG] [COMMIT-MGR] [uploader]: NEW BLOCK: 42771 
[2021-02-05 23:21:21] [DEBUG] [COMMIT-MGR] [uploader]: NEW BLOCK: 42772 
[2021-02-05 23:21:22] [DEBUG] [COMMIT-MGR] [uploader]: NEW BLOCK: 42773 
[2021-02-05 23:21:23] [DEBUG] [COMMIT-MGR] [uploader]: NEW BLOCK: 42774 
[2021-02-05 23:21:24] [DEBUG] [COMMIT-MGR] [uploader]: NEW BLOCK: 42775 
[2021-02-05 23:21:25] [DEBUG] [COMMIT-MGR] [uploader]: NEW BLOCK: 42776 
[2021-02-05 23:21:26] [DEBUG] [COMMIT-MGR] [uploader]: NEW BLOCK: 42777 
[2021-02-05 23:21:27] [DEBUG] [COMMIT-MGR] [uploader]: NEW BLOCK: 42778 
[2021-02-05 23:21:28] [DEBUG] [COMMIT-MGR] [uploader]: NEW BLOCK: 42779 
[2021-02-05 23:21:29] [DEBUG] [COMMIT-MGR] [uploader]: NEW BLOCK: 42780 
[2021-02-05 23:21:30] [DEBUG] [COMMIT-MGR] [uploader]: NEW BLOCK: 42781 
[2021-02-05 23:21:31] [DEBUG] [COMMIT-MGR] [uploader]: NEW BLOCK: 42782 
[2021-02-05 23:21:32] [DEBUG] [COMMIT-MGR] [uploader]: NEW BLOCK: 42783 
[2021-02-05 23:21:33] [DEBUG] [COMMIT-MGR] [uploader]: NEW BLOCK: 42784 
[2021-02-05 23:21:34] [DEBUG] [COMMIT-MGR] [uploader]: NEW BLOCK: 42785 
[2021-02-05 23:21:35] [DEBUG] [COMMIT-MGR] [uploader]: NEW BLOCK: 42786 
[2021-02-05 23:21:36] [DEBUG] [COMMIT-MGR] [uploader]: NEW BLOCK: 42787 
[2021-02-05 23:21:37] [DEBUG] [COMMIT-MGR] [uploader]: NEW BLOCK: 42788 
[2021-02-05 23:21:38] [DEBUG] [COMMIT-MGR] [uploader]: NEW BLOCK: 42789 
[2021-02-05 23:21:39] [DEBUG] [COMMIT-MGR] [uploader]: NEW BLOCK: 42790 
[2021-02-05 23:21:40] [DEBUG] [COMMIT-MGR] [uploader]: NEW BLOCK: 42791 
[2021-02-05 23:21:41] [DEBUG] [COMMIT-MGR] [uploader]: NEW BLOCK: 42792 
[2021-02-05 23:21:42] [DEBUG] [COMMIT-MGR] [uploader]: NEW BLOCK: 42793 
[2021-02-05 23:21:43] [DEBUG] [COMMIT-MGR] [uploader]: NEW BLOCK: 42794 
[2021-02-05 23:21:44] [DEBUG] [COMMIT-MGR] [uploader]: NEW BLOCK: 42795 
[2021-02-05 23:21:45] [DEBUG] [COMMIT-MGR] [uploader]: NEW BLOCK: 42796 
[2021-02-05 23:21:46] [DEBUG] [COMMIT-MGR] [uploader]: NEW BLOCK: 42797 
[2021-02-05 23:21:47] [DEBUG] [COMMIT-MGR] [uploader]: NEW BLOCK: 42798 
[2021-02-05 23:21:48] [DEBUG] [COMMIT-MGR] [uploader]: NEW BLOCK: 42799 
[2021-02-05 23:21:49] [DEBUG] [COMMIT-MGR] [uploader]: NEW BLOCK: 42800 
[2021-02-05 23:21:50] [DEBUG] [COMMIT-MGR] [uploader]: NEW BLOCK: 42801 
[2021-02-05 23:21:51] [DEBUG] [COMMIT-MGR] [uploader]: NEW BLOCK: 42802 
[2021-02-05 23:21:52] [DEBUG] [COMMIT-MGR] [uploader]: NEW BLOCK: 42803 
[2021-02-05 23:21:53] [DEBUG] [COMMIT-MGR] [uploader]: NEW BLOCK: 42804 
[2021-02-05 23:21:54] [DEBUG] [COMMIT-MGR] [uploader]: NEW BLOCK: 42805 
[2021-02-05 23:21:55] [DEBUG] [COMMIT-MGR] [uploader]: NEW BLOCK: 42806 
[2021-02-05 23:21:56] [DEBUG] [COMMIT-MGR] [uploader]: NEW BLOCK: 42807 
[2021-02-05 23:21:57] [DEBUG] [COMMIT-MGR] [uploader]: NEW BLOCK: 42808 
[2021-02-05 23:21:58] [DEBUG] [COMMIT-MGR] [uploader]: NEW BLOCK: 42809 
[2021-02-05 23:21:59] [DEBUG] [COMMIT-MGR] [uploader]: NEW BLOCK: 42810 
[2021-02-05 23:22:00] [DEBUG] [COMMIT-MGR] [uploader]: NEW BLOCK: 42811 
[2021-02-05 23:22:01] [DEBUG] [COMMIT-MGR] [uploader]: NEW BLOCK: 42812 
[2021-02-05 23:22:02] [DEBUG] [COMMIT-MGR] [uploader]: NEW BLOCK: 42813 
[2021-02-05 23:22:03] [DEBUG] [COMMIT-MGR] [uploader]: NEW BLOCK: 42814 
[2021-02-05 23:22:04] [DEBUG] [COMMIT-MGR] [uploader]: NEW BLOCK: 42815 
[2021-02-05 23:22:05] [DEBUG] [COMMIT-MGR] [uploader]: NEW BLOCK: 42816 
[2021-02-05 23:22:06] [DEBUG] [COMMIT-MGR] [uploader]: NEW BLOCK: 42817 
[2021-02-05 23:22:07] [DEBUG] [COMMIT-MGR] [uploader]: NEW BLOCK: 42818 
[2021-02-05 23:22:08] [DEBUG] [COMMIT-MGR] [uploader]: NEW BLOCK: 42819 
[2021-02-05 23:22:09] [DEBUG] [COMMIT-MGR] [uploader]: NEW BLOCK: 42820 
[2021-02-05 23:22:10] [DEBUG] [COMMIT-MGR] [uploader]: NEW BLOCK: 42821 
[2021-02-05 23:22:11] [DEBUG] [COMMIT-MGR] [uploader]: NEW BLOCK: 42822 
[2021-02-05 23:22:12] [DEBUG] [COMMIT-MGR] [uploader]: NEW BLOCK: 42823 
[2021-02-05 23:22:13] [DEBUG] [COMMIT-MGR] [uploader]: NEW BLOCK: 42824 
[2021-02-05 23:22:14] [DEBUG] [COMMIT-MGR] [uploader]: NEW BLOCK: 42825 
[2021-02-05 23:22:15] [DEBUG] [COMMIT-MGR] [uploader]: NEW BLOCK: 42826 
[2021-02-05 23:22:16] [DEBUG] [COMMIT-MGR] [uploader]: NEW BLOCK: 42827 
[2021-02-05 23:22:17] [DEBUG] [COMMIT-MGR] [uploader]: NEW BLOCK: 42828 
[2021-02-05 23:22:18] [DEBUG] [COMMIT-MGR] [uploader]: NEW BLOCK: 42829 
[2021-02-05 23:22:19] [DEBUG] [COMMIT-MGR] [uploader]: NEW BLOCK: 42830 
[2021-02-05 23:22:20] [DEBUG] [COMMIT-MGR] [uploader]: NEW BLOCK: 42831 
[2021-02-05 23:22:21] [DEBUG] [COMMIT-MGR] [uploader]: NEW BLOCK: 42832 
[2021-02-05 23:22:22] [DEBUG] [COMMIT-MGR] [uploader]: NEW BLOCK: 42833 
[2021-02-05 23:22:23] [DEBUG] [COMMIT-MGR] [uploader]: NEW BLOCK: 42834 
[2021-02-05 23:22:24] [DEBUG] [COMMIT-MGR] [uploader]: NEW BLOCK: 42835 
[2021-02-05 23:22:25] [DEBUG] [COMMIT-MGR] [uploader]: NEW BLOCK: 42836 
[2021-02-05 23:22:26] [DEBUG] [COMMIT-MGR] [uploader]: NEW BLOCK: 42837 
[2021-02-05 23:22:27] [DEBUG] [COMMIT-MGR] [uploader]: NEW BLOCK: 42838 
[2021-02-05 23:22:28] [DEBUG] [COMMIT-MGR] [uploader]: NEW BLOCK: 42839 
[2021-02-05 23:22:29] [DEBUG] [COMMIT-MGR] [uploader]: NEW BLOCK: 42840 
[2021-02-05 23:22:30] [DEBUG] [COMMIT-MGR] [uploader]: NEW BLOCK: 42841 
[2021-02-05 23:22:31] [DEBUG] [COMMIT-MGR] [uploader]: NEW BLOCK: 42842 
[2021-02-05 23:22:32] [DEBUG] [COMMIT-MGR] [uploader]: NEW BLOCK: 42843 
[2021-02-05 23:22:33] [DEBUG] [COMMIT-MGR] [uploader]: NEW BLOCK: 42844 
[2021-02-05 23:22:34] [DEBUG] [COMMIT-MGR] [uploader]: NEW BLOCK: 42845 
[2021-02-05 23:22:35] [DEBUG] [COMMIT-MGR] [uploader]: NEW BLOCK: 42846 
[2021-02-05 23:22:36] [DEBUG] [COMMIT-MGR] [uploader]: NEW BLOCK: 42847 
[2021-02-05 23:22:37] [DEBUG] [COMMIT-MGR] [uploader]: NEW BLOCK: 42848 
[2021-02-05 23:22:38] [DEBUG] [COMMIT-MGR] [uploader]: NEW BLOCK: 42849 
[2021-02-05 23:22:39] [DEBUG] [COMMIT-MGR] [uploader]: NEW BLOCK: 42850 
[2021-02-05 23:22:40] [DEBUG] [COMMIT-MGR] [uploader]: NEW BLOCK: 42851 
[2021-02-05 23:22:41] [DEBUG] [COMMIT-MGR] [uploader]: NEW BLOCK: 42852 
[2021-02-05 23:22:42] [DEBUG] [COMMIT-MGR] [uploader]: NEW BLOCK: 42853 
[2021-02-05 23:22:43] [DEBUG] [COMMIT-MGR] [uploader]: NEW BLOCK: 42854 
[2021-02-05 23:22:44] [DEBUG] [COMMIT-MGR] [uploader]: NEW BLOCK: 42855 
[2021-02-05 23:22:45] [DEBUG] [COMMIT-MGR] [uploader]: NEW BLOCK: 42856 
[2021-02-05 23:22:46] [DEBUG] [COMMIT-MGR] [uploader]: NEW BLOCK: 42857 
[2021-02-05 23:22:47] [DEBUG] [COMMIT-MGR] [uploader]: NEW BLOCK: 42858 
[2021-02-05 23:22:48] [DEBUG] [COMMIT-MGR] [uploader]: NEW BLOCK: 42859 
[2021-02-05 23:22:49] [DEBUG] [COMMIT-MGR] [uploader]: NEW BLOCK: 42860 
[2021-02-05 23:22:50] [DEBUG] [COMMIT-MGR] [uploader]: NEW BLOCK: 42861 
[2021-02-05 23:22:51] [DEBUG] [COMMIT-MGR] [uploader]: NEW BLOCK: 42862 
[2021-02-05 23:22:52] [DEBUG] [COMMIT-MGR] [uploader]: NEW BLOCK: 42863 
[2021-02-05 23:22:53] [DEBUG] [COMMIT-MGR] [uploader]: NEW BLOCK: 42864 
[2021-02-05 23:22:54] [DEBUG] [COMMIT-MGR] [uploader]: NEW BLOCK: 42865 
[2021-02-05 23:22:55] [DEBUG] [COMMIT-MGR] [uploader]: NEW BLOCK: 42866 
[2021-02-05 23:22:56] [DEBUG] [COMMIT-MGR] [uploader]: NEW BLOCK: 42867 
[2021-02-05 23:22:57] [DEBUG] [COMMIT-MGR] [uploader]: NEW BLOCK: 42868 
[2021-02-05 23:22:58] [DEBUG] [COMMIT-MGR] [uploader]: NEW BLOCK: 42869 
[2021-02-05 23:22:59] [DEBUG] [COMMIT-MGR] [uploader]: NEW BLOCK: 42870 
[2021-02-05 23:23:00] [DEBUG] [COMMIT-MGR] [uploader]: NEW BLOCK: 42871 
[2021-02-05 23:23:01] [DEBUG] [COMMIT-MGR] [uploader]: NEW BLOCK: 42872 
[2021-02-05 23:23:02] [DEBUG] [COMMIT-MGR] [uploader]: NEW BLOCK: 42873 
[2021-02-05 23:23:03] [DEBUG] [COMMIT-MGR] [uploader]: NEW BLOCK: 42874 
[2021-02-05 23:23:04] [DEBUG] [COMMIT-MGR] [uploader]: NEW BLOCK: 42875 
[2021-02-05 23:23:05] [DEBUG] [COMMIT-MGR] [uploader]: NEW BLOCK: 42876 
[2021-02-05 23:23:06] [DEBUG] [COMMIT-MGR] [uploader]: NEW BLOCK: 42877 
[2021-02-05 23:23:07] [DEBUG] [COMMIT-MGR] [uploader]: NEW BLOCK: 42878 
[2021-02-05 23:23:08] [DEBUG] [COMMIT-MGR] [uploader]: NEW BLOCK: 42879 
[2021-02-05 23:23:09] [DEBUG] [COMMIT-MGR] [uploader]: NEW BLOCK: 42880 
[2021-02-05 23:23:10] [DEBUG] [COMMIT-MGR] [uploader]: NEW BLOCK: 42881 
[2021-02-05 23:23:11] [DEBUG] [COMMIT-MGR] [uploader]: NEW BLOCK: 42882 
[2021-02-05 23:23:12] [DEBUG] [COMMIT-MGR] [uploader]: NEW BLOCK: 42883 
[2021-02-05 23:23:13] [DEBUG] [COMMIT-MGR] [uploader]: NEW BLOCK: 42884 
[2021-02-05 23:23:14] [DEBUG] [COMMIT-MGR] [uploader]: NEW BLOCK: 42885 
[2021-02-05 23:23:15] [DEBUG] [COMMIT-MGR] [uploader]: NEW BLOCK: 42886 
[2021-02-05 23:23:16] [DEBUG] [COMMIT-MGR] [uploader]: NEW BLOCK: 42887 
[2021-02-05 23:23:17] [DEBUG] [COMMIT-MGR] [uploader]: NEW BLOCK: 42888 
[2021-02-05 23:23:18] [DEBUG] [COMMIT-MGR] [uploader]: NEW BLOCK: 42889 
[2021-02-05 23:23:19] [DEBUG] [COMMIT-MGR] [uploader]: NEW BLOCK: 42890 
[2021-02-05 23:23:20] [DEBUG] [COMMIT-MGR] [uploader]: NEW BLOCK: 42891 
[2021-02-05 23:23:21] [DEBUG] [COMMIT-MGR] [uploader]: NEW BLOCK: 42892 
[2021-02-05 23:23:22] [DEBUG] [COMMIT-MGR] [uploader]: NEW BLOCK: 42893 
[2021-02-05 23:23:23] [DEBUG] [COMMIT-MGR] [uploader]: NEW BLOCK: 42894 
[2021-02-05 23:23:24] [DEBUG] [COMMIT-MGR] [uploader]: NEW BLOCK: 42895 
[2021-02-05 23:23:25] [DEBUG] [COMMIT-MGR] [uploader]: NEW BLOCK: 42896 
[2021-02-05 23:23:26] [DEBUG] [COMMIT-MGR] [uploader]: NEW BLOCK: 42897 
[2021-02-05 23:23:27] [DEBUG] [COMMIT-MGR] [uploader]: NEW BLOCK: 42898 
[2021-02-05 23:23:28] [DEBUG] [COMMIT-MGR] [uploader]: NEW BLOCK: 42899 
[2021-02-05 23:23:29] [DEBUG] [COMMIT-MGR] [uploader]: NEW BLOCK: 42900 
[2021-02-05 23:23:30] [DEBUG] [COMMIT-MGR] [uploader]: NEW BLOCK: 42901 
[2021-02-05 23:23:31] [DEBUG] [COMMIT-MGR] [uploader]: NEW BLOCK: 42902 
[2021-02-05 23:23:32] [DEBUG] [COMMIT-MGR] [uploader]: NEW BLOCK: 42903 
[2021-02-05 23:23:33] [DEBUG] [COMMIT-MGR] [uploader]: NEW BLOCK: 42904 
[2021-02-05 23:23:34] [DEBUG] [COMMIT-MGR] [uploader]: NEW BLOCK: 42905 
[2021-02-05 23:23:35] [DEBUG] [COMMIT-MGR] [uploader]: NEW BLOCK: 42906 
[2021-02-05 23:23:36] [DEBUG] [COMMIT-MGR] [uploader]: NEW BLOCK: 42907 
[2021-02-05 23:23:37] [DEBUG] [COMMIT-MGR] [uploader]: NEW BLOCK: 42908 
[2021-02-05 23:23:38] [DEBUG] [COMMIT-MGR] [uploader]: NEW BLOCK: 42909 
[2021-02-05 23:23:39] [DEBUG] [COMMIT-MGR] [uploader]: NEW BLOCK: 42910 
[2021-02-05 23:23:40] [DEBUG] [COMMIT-MGR] [uploader]: NEW BLOCK: 42911 
[2021-02-05 23:23:41] [DEBUG] [COMMIT-MGR] [uploader]: NEW BLOCK: 42912 
[2021-02-05 23:23:42] [DEBUG] [COMMIT-MGR] [uploader]: NEW BLOCK: 42913 
[2021-02-05 23:23:43] [DEBUG] [COMMIT-MGR] [uploader]: NEW BLOCK: 42914 
[2021-02-05 23:23:44] [DEBUG] [COMMIT-MGR] [uploader]: NEW BLOCK: 42915 
[2021-02-05 23:23:45] [DEBUG] [COMMIT-MGR] [uploader]: NEW BLOCK: 42916 
[2021-02-05 23:23:46] [DEBUG] [COMMIT-MGR] [uploader]: NEW BLOCK: 42917 
[2021-02-05 23:23:47] [DEBUG] [COMMIT-MGR] [uploader]: NEW BLOCK: 42918 
[2021-02-05 23:23:48] [DEBUG] [COMMIT-MGR] [uploader]: NEW BLOCK: 42919 
[2021-02-05 23:23:49] [DEBUG] [COMMIT-MGR] [uploader]: NEW BLOCK: 42920 
[2021-02-05 23:23:50] [DEBUG] [COMMIT-MGR] [uploader]: NEW BLOCK: 42921 
[2021-02-05 23:23:51] [DEBUG] [COMMIT-MGR] [uploader]: NEW BLOCK: 42922 
[2021-02-05 23:23:52] [DEBUG] [COMMIT-MGR] [uploader]: NEW BLOCK: 42923 
[2021-02-05 23:23:53] [DEBUG] [COMMIT-MGR] [uploader]: NEW BLOCK: 42924 
[2021-02-05 23:23:54] [DEBUG] [COMMIT-MGR] [uploader]: NEW BLOCK: 42925 
[2021-02-05 23:23:55] [DEBUG] [COMMIT-MGR] [uploader]: NEW BLOCK: 42926 
[2021-02-05 23:23:56] [DEBUG] [COMMIT-MGR] [uploader]: NEW BLOCK: 42927 
[2021-02-05 23:23:57] [DEBUG] [COMMIT-MGR] [uploader]: NEW BLOCK: 42928 
[2021-02-05 23:23:58] [DEBUG] [COMMIT-MGR] [uploader]: NEW BLOCK: 42929 
[2021-02-05 23:23:59] [DEBUG] [COMMIT-MGR] [uploader]: NEW BLOCK: 42930 
[2021-02-05 23:24:00] [DEBUG] [COMMIT-MGR] [uploader]: NEW BLOCK: 42931 
[2021-02-05 23:24:01] [DEBUG] [COMMIT-MGR] [uploader]: NEW BLOCK: 42932 
[2021-02-05 23:24:02] [DEBUG] [COMMIT-MGR] [uploader]: NEW BLOCK: 42933 
[2021-02-05 23:24:03] [DEBUG] [COMMIT-MGR] [uploader]: NEW BLOCK: 42934 
[2021-02-05 23:24:04] [DEBUG] [COMMIT-MGR] [uploader]: NEW BLOCK: 42935 
[2021-02-05 23:24:05] [DEBUG] [COMMIT-MGR] [uploader]: NEW BLOCK: 42936 
[2021-02-05 23:24:06] [DEBUG] [COMMIT-MGR] [uploader]: NEW BLOCK: 42937 
[2021-02-05 23:24:07] [DEBUG] [COMMIT-MGR] [uploader]: NEW BLOCK: 42938 
[2021-02-05 23:24:07] [INFO] [COMMIT-MGR] [uploader]: Mongoose default connection disconnected. 
