[2021-02-02 18:36:42] [INFO] [COMMIT-MGR] [uploader]: Starting commmitment manager server... 
[2021-02-02 18:36:42] [DEBUG] [COMMIT-MGR] [uploader]: shieldContract: Shield 
[2021-02-02 18:36:42] [DEBUG] [COMMIT-MGR] [uploader]: verifierContract: VerifierNoop 
[2021-02-02 18:36:42] [DEBUG] [COMMIT-MGR] [uploader]: Attempting to connect to db: localhost:27017/baseline 
[2021-02-02 18:36:42] [INFO] [COMMIT-MGR] [uploader]: Successfully connected to mongo db. 
[2021-02-02 18:36:47] [INFO] [COMMIT-MGR] [uploader]: Established websocket connection: wss://goerli.infura.io/ws/v3/655f1ad19d494a9fbbac8944c60c5ef8 
[2021-02-02 18:36:47] [INFO] [COMMIT-MGR] [uploader]: REST server listening on port 4001. 
[2021-02-02 18:37:00] [DEBUG] [COMMIT-MGR] [uploader]: NEW BLOCK: 4214174 
[2021-02-02 18:37:13] [DEBUG] [COMMIT-MGR] [uploader]: NEW BLOCK: 4214175 
[2021-02-02 18:37:28] [DEBUG] [COMMIT-MGR] [uploader]: NEW BLOCK: 4214176 
[2021-02-02 18:37:44] [DEBUG] [COMMIT-MGR] [uploader]: NEW BLOCK: 4214177 
[2021-02-02 18:37:59] [DEBUG] [COMMIT-MGR] [uploader]: NEW BLOCK: 4214177 
[2021-02-02 18:37:59] [DEBUG] [COMMIT-MGR] [uploader]: NEW BLOCK: 4214178 
[2021-02-02 18:38:13] [DEBUG] [COMMIT-MGR] [uploader]: NEW BLOCK: 4214177 
[2021-02-02 18:38:14] [DEBUG] [COMMIT-MGR] [uploader]: NEW BLOCK: 4214178 
[2021-02-02 18:38:14] [DEBUG] [COMMIT-MGR] [uploader]: NEW BLOCK: 4214179 
[2021-02-02 18:38:29] [DEBUG] [COMMIT-MGR] [uploader]: NEW BLOCK: 4214180 
[2021-02-02 18:38:44] [DEBUG] [COMMIT-MGR] [uploader]: NEW BLOCK: 4214180 
[2021-02-02 18:38:44] [DEBUG] [COMMIT-MGR] [uploader]: NEW BLOCK: 4214181 
[2021-02-02 18:38:58] [DEBUG] [COMMIT-MGR] [uploader]: NEW BLOCK: 4214182 
[2021-02-02 18:39:13] [DEBUG] [COMMIT-MGR] [uploader]: NEW BLOCK: 4214183 
[2021-02-02 18:39:29] [DEBUG] [COMMIT-MGR] [uploader]: NEW BLOCK: 4214184 
[2021-02-02 18:39:43] [DEBUG] [COMMIT-MGR] [uploader]: NEW BLOCK: 4214185 
[2021-02-02 18:39:59] [DEBUG] [COMMIT-MGR] [uploader]: NEW BLOCK: 4214186 
[2021-02-02 18:40:13] [DEBUG] [COMMIT-MGR] [uploader]: NEW BLOCK: 4214186 
[2021-02-02 18:40:13] [DEBUG] [COMMIT-MGR] [uploader]: NEW BLOCK: 4214187 
[2021-02-02 18:40:28] [DEBUG] [COMMIT-MGR] [uploader]: NEW BLOCK: 4214188 
[2021-02-02 18:40:44] [DEBUG] [COMMIT-MGR] [uploader]: NEW BLOCK: 4214189 
[2021-02-02 18:40:59] [DEBUG] [COMMIT-MGR] [uploader]: NEW BLOCK: 4214190 
[2021-02-02 18:41:13] [DEBUG] [COMMIT-MGR] [uploader]: NEW BLOCK: 4214191 
[2021-02-02 18:41:29] [DEBUG] [COMMIT-MGR] [uploader]: NEW BLOCK: 4214192 
[2021-02-02 18:41:43] [DEBUG] [COMMIT-MGR] [uploader]: NEW BLOCK: 4214193 
[2021-02-02 18:41:59] [DEBUG] [COMMIT-MGR] [uploader]: NEW BLOCK: 4214194 
[2021-02-02 18:42:13] [DEBUG] [COMMIT-MGR] [uploader]: NEW BLOCK: 4214195 
[2021-02-02 18:42:30] [DEBUG] [COMMIT-MGR] [uploader]: NEW BLOCK: 4214196 
[2021-02-02 18:42:43] [DEBUG] [COMMIT-MGR] [uploader]: NEW BLOCK: 4214197 
[2021-02-02 18:42:59] [DEBUG] [COMMIT-MGR] [uploader]: NEW BLOCK: 4214198 
[2021-02-02 18:43:13] [DEBUG] [COMMIT-MGR] [uploader]: NEW BLOCK: 4214199 
[2021-02-02 18:43:29] [DEBUG] [COMMIT-MGR] [uploader]: NEW BLOCK: 4214200 
[2021-02-02 18:43:45] [DEBUG] [COMMIT-MGR] [uploader]: NEW BLOCK: 4214201 
[2021-02-02 18:44:00] [DEBUG] [COMMIT-MGR] [uploader]: NEW BLOCK: 4214202 
[2021-02-02 18:44:15] [DEBUG] [COMMIT-MGR] [uploader]: NEW BLOCK: 4214203 
[2021-02-02 18:44:30] [DEBUG] [COMMIT-MGR] [uploader]: NEW BLOCK: 4214204 
[2021-02-02 18:44:46] [DEBUG] [COMMIT-MGR] [uploader]: NEW BLOCK: 4214205 
[2021-02-02 18:45:00] [DEBUG] [COMMIT-MGR] [uploader]: NEW BLOCK: 4214206 
[2021-02-02 18:45:15] [DEBUG] [COMMIT-MGR] [uploader]: NEW BLOCK: 4214207 
[2021-02-02 18:45:30] [DEBUG] [COMMIT-MGR] [uploader]: NEW BLOCK: 4214208 
[2021-02-02 18:45:45] [DEBUG] [COMMIT-MGR] [uploader]: NEW BLOCK: 4214209 
[2021-02-02 18:46:00] [DEBUG] [COMMIT-MGR] [uploader]: NEW BLOCK: 4214210 
[2021-02-02 18:46:15] [DEBUG] [COMMIT-MGR] [uploader]: NEW BLOCK: 4214211 
[2021-02-02 18:46:32] [DEBUG] [COMMIT-MGR] [uploader]: NEW BLOCK: 4214211 
[2021-02-02 18:46:32] [DEBUG] [COMMIT-MGR] [uploader]: NEW BLOCK: 4214212 
[2021-02-02 18:46:46] [DEBUG] [COMMIT-MGR] [uploader]: NEW BLOCK: 4214213 
[2021-02-02 18:47:01] [DEBUG] [COMMIT-MGR] [uploader]: NEW BLOCK: 4214214 
[2021-02-02 18:47:14] [DEBUG] [COMMIT-MGR] [uploader]: NEW BLOCK: 4214214 
[2021-02-02 18:47:15] [DEBUG] [COMMIT-MGR] [uploader]: NEW BLOCK: 4214215 
[2021-02-02 18:47:30] [DEBUG] [COMMIT-MGR] [uploader]: NEW BLOCK: 4214216 
[2021-02-02 18:47:44] [DEBUG] [COMMIT-MGR] [uploader]: NEW BLOCK: 4214217 
[2021-02-02 18:47:59] [DEBUG] [COMMIT-MGR] [uploader]: NEW BLOCK: 4214218 
[2021-02-02 18:48:14] [DEBUG] [COMMIT-MGR] [uploader]: NEW BLOCK: 4214219 
[2021-02-02 18:48:30] [DEBUG] [COMMIT-MGR] [uploader]: NEW BLOCK: 4214220 
[2021-02-02 18:48:46] [DEBUG] [COMMIT-MGR] [uploader]: NEW BLOCK: 4214221 
[2021-02-02 18:49:00] [DEBUG] [COMMIT-MGR] [uploader]: NEW BLOCK: 4214222 
[2021-02-02 18:49:15] [DEBUG] [COMMIT-MGR] [uploader]: NEW BLOCK: 4214223 
[2021-02-02 18:49:30] [DEBUG] [COMMIT-MGR] [uploader]: NEW BLOCK: 4214224 
[2021-02-02 18:49:44] [DEBUG] [COMMIT-MGR] [uploader]: NEW BLOCK: 4214225 
[2021-02-02 18:50:00] [DEBUG] [COMMIT-MGR] [uploader]: NEW BLOCK: 4214226 
[2021-02-02 18:50:15] [DEBUG] [COMMIT-MGR] [uploader]: NEW BLOCK: 4214227 
[2021-02-02 18:50:31] [DEBUG] [COMMIT-MGR] [uploader]: NEW BLOCK: 4214228 
[2021-02-02 18:50:45] [DEBUG] [COMMIT-MGR] [uploader]: NEW BLOCK: 4214229 
[2021-02-02 18:51:01] [DEBUG] [COMMIT-MGR] [uploader]: NEW BLOCK: 4214230 
[2021-02-02 18:51:15] [DEBUG] [COMMIT-MGR] [uploader]: NEW BLOCK: 4214231 
[2021-02-02 18:51:30] [DEBUG] [COMMIT-MGR] [uploader]: NEW BLOCK: 4214232 
[2021-02-02 18:51:44] [DEBUG] [COMMIT-MGR] [uploader]: NEW BLOCK: 4214233 
[2021-02-02 18:52:01] [DEBUG] [COMMIT-MGR] [uploader]: NEW BLOCK: 4214234 
[2021-02-02 18:52:15] [DEBUG] [COMMIT-MGR] [uploader]: NEW BLOCK: 4214235 
[2021-02-02 18:52:18] [INFO] [COMMIT-MGR] [uploader]: Mongoose default connection disconnected. 
