[2021-02-04 12:25:26] [INFO] [COMMIT-MGR] [uploader]: Starting commmitment manager server... 
[2021-02-04 12:25:26] [DEBUG] [COMMIT-MGR] [uploader]: shieldContract: Shield 
[2021-02-04 12:25:26] [DEBUG] [COMMIT-MGR] [uploader]: verifierContract: VerifierNoop 
[2021-02-04 12:25:26] [DEBUG] [COMMIT-MGR] [uploader]: Attempting to connect to db: localhost:27117/baseline 
[2021-02-04 12:25:26] [INFO] [COMMIT-MGR] [uploader]: Successfully connected to mongo db. 
[2021-02-04 12:25:31] [INFO] [COMMIT-MGR] [uploader]: Established websocket connection: ws://localhost:8546 
[2021-02-04 12:25:31] [INFO] [COMMIT-MGR] [uploader]: Checking chain logs for missed newLeaf events starting at block 4223441 for contract: 0x4292d66dc701ca35baf9873efd1f908deb0ddad5 
[2021-02-04 12:25:31] [INFO] [COMMIT-MGR] [uploader]: Creating event listeners for contract: 0x4292d66dc701ca35baf9873efd1f908deb0ddad5 
[2021-02-04 12:25:31] [INFO] [COMMIT-MGR] [uploader]: Checking chain logs for missed newLeaf events starting at block 53098 for contract: 0x4e68da1d277693d001eaedcfba12c19e71d838ff 
[2021-02-04 12:25:31] [INFO] [COMMIT-MGR] [uploader]: Creating event listeners for contract: 0x4e68da1d277693d001eaedcfba12c19e71d838ff 
[2021-02-04 12:25:31] [INFO] [COMMIT-MGR] [uploader]: REST server listening on port 4001. 
[2021-02-04 12:25:32] [DEBUG] [COMMIT-MGR] [uploader]: NEW BLOCK: 66028 
[2021-02-04 12:25:33] [DEBUG] [COMMIT-MGR] [uploader]: NEW BLOCK: 66029 
[2021-02-04 12:25:34] [DEBUG] [COMMIT-MGR] [uploader]: NEW BLOCK: 66030 
[2021-02-04 12:25:35] [DEBUG] [COMMIT-MGR] [uploader]: NEW BLOCK: 66031 
[2021-02-04 12:25:36] [DEBUG] [COMMIT-MGR] [uploader]: NEW BLOCK: 66032 
[2021-02-04 12:25:37] [DEBUG] [COMMIT-MGR] [uploader]: NEW BLOCK: 66033 
[2021-02-04 12:25:38] [DEBUG] [COMMIT-MGR] [uploader]: NEW BLOCK: 66034 
[2021-02-04 12:25:39] [DEBUG] [COMMIT-MGR] [uploader]: NEW BLOCK: 66035 
[2021-02-04 12:25:40] [DEBUG] [COMMIT-MGR] [uploader]: NEW BLOCK: 66036 
[2021-02-04 12:25:41] [DEBUG] [COMMIT-MGR] [uploader]: NEW BLOCK: 66037 
[2021-02-04 12:25:42] [HTTP] [COMMIT-MGR] [uploader]: OPTIONS /status 204 2ms [] {"req":{"url":"/status","headers":{"connection":"close","x-forwarded-for":"192.168.0.5","host":"api.baseline.test","accept":"*/*","access-control-request-method":"GET","access-control-request-headers":"content-type","origin":"http://dashboard.baseline.test","user-agent":"Mozilla/5.0 (X11; Linux x86_64) AppleWebKit/537.36 (KHTML, like Gecko) Chrome/88.0.4324.96 Safari/537.36","sec-fetch-mode":"cors","referer":"http://dashboard.baseline.test/","accept-encoding":"gzip, deflate","accept-language":"en-US,en;q=0.9"},"method":"OPTIONS","httpVersion":"1.1","originalUrl":"/status","query":{}},"res":{"statusCode":204},"responseTime":2}
[2021-02-04 12:25:42] [HTTP] [COMMIT-MGR] [uploader]: GET /status 304 4ms [] {"req":{"url":"/status","headers":{"connection":"close","x-forwarded-for":"192.168.0.5","host":"api.baseline.test","user-agent":"Mozilla/5.0 (X11; Linux x86_64) AppleWebKit/537.36 (KHTML, like Gecko) Chrome/88.0.4324.96 Safari/537.36","content-type":"application/text","accept":"*/*","sec-gpc":"1","origin":"http://dashboard.baseline.test","referer":"http://dashboard.baseline.test/","accept-encoding":"gzip, deflate","accept-language":"en-US,en;q=0.9","if-none-match":"W/\"2-nOO9QiTIwXgNtWtBJezz8kv3SLc\""},"method":"GET","httpVersion":"1.1","originalUrl":"/status","query":{}},"res":{"statusCode":304},"responseTime":4}
[2021-02-04 12:25:42] [HTTP] [COMMIT-MGR] [uploader]: GET /network-mode 200 1ms [] {"req":{"url":"/network-mode","headers":{"connection":"close","x-forwarded-for":"192.168.0.5","host":"api.baseline.test","user-agent":"Mozilla/5.0 (X11; Linux x86_64) AppleWebKit/537.36 (KHTML, like Gecko) Chrome/88.0.4324.96 Safari/537.36","accept":"*/*","sec-gpc":"1","origin":"http://dashboard.baseline.test","referer":"http://dashboard.baseline.test/","accept-encoding":"gzip, deflate","accept-language":"en-US,en;q=0.9"},"method":"GET","httpVersion":"1.1","originalUrl":"/network-mode","query":{}},"res":{"statusCode":200},"responseTime":1}
[2021-02-04 12:25:42] [DEBUG] [COMMIT-MGR] [uploader]: NEW BLOCK: 66038 
[2021-02-04 12:25:43] [DEBUG] [COMMIT-MGR] [uploader]: NEW BLOCK: 66039 
[2021-02-04 12:25:44] [DEBUG] [COMMIT-MGR] [uploader]: NEW BLOCK: 66040 
[2021-02-04 12:25:45] [DEBUG] [COMMIT-MGR] [uploader]: NEW BLOCK: 66041 
[2021-02-04 12:25:46] [DEBUG] [COMMIT-MGR] [uploader]: NEW BLOCK: 66042 
[2021-02-04 12:25:47] [DEBUG] [COMMIT-MGR] [uploader]: NEW BLOCK: 66043 
[2021-02-04 12:25:48] [DEBUG] [COMMIT-MGR] [uploader]: NEW BLOCK: 66044 
[2021-02-04 12:25:49] [DEBUG] [COMMIT-MGR] [uploader]: NEW BLOCK: 66045 
[2021-02-04 12:25:50] [DEBUG] [COMMIT-MGR] [uploader]: NEW BLOCK: 66046 
[2021-02-04 12:25:51] [DEBUG] [COMMIT-MGR] [uploader]: NEW BLOCK: 66047 
[2021-02-04 12:25:52] [DEBUG] [COMMIT-MGR] [uploader]: NEW BLOCK: 66048 
[2021-02-04 12:25:53] [DEBUG] [COMMIT-MGR] [uploader]: NEW BLOCK: 66049 
[2021-02-04 12:25:54] [DEBUG] [COMMIT-MGR] [uploader]: NEW BLOCK: 66050 
[2021-02-04 12:25:55] [DEBUG] [COMMIT-MGR] [uploader]: NEW BLOCK: 66051 
[2021-02-04 12:25:56] [DEBUG] [COMMIT-MGR] [uploader]: NEW BLOCK: 66052 
[2021-02-04 12:25:57] [DEBUG] [COMMIT-MGR] [uploader]: NEW BLOCK: 66053 
[2021-02-04 12:25:58] [DEBUG] [COMMIT-MGR] [uploader]: NEW BLOCK: 66054 
[2021-02-04 12:25:59] [DEBUG] [COMMIT-MGR] [uploader]: NEW BLOCK: 66055 
[2021-02-04 12:26:00] [DEBUG] [COMMIT-MGR] [uploader]: NEW BLOCK: 66056 
[2021-02-04 12:26:01] [DEBUG] [COMMIT-MGR] [uploader]: NEW BLOCK: 66057 
[2021-02-04 12:26:02] [DEBUG] [COMMIT-MGR] [uploader]: NEW BLOCK: 66058 
[2021-02-04 12:26:03] [DEBUG] [COMMIT-MGR] [uploader]: NEW BLOCK: 66059 
[2021-02-04 12:26:04] [DEBUG] [COMMIT-MGR] [uploader]: NEW BLOCK: 66060 
[2021-02-04 12:26:05] [DEBUG] [COMMIT-MGR] [uploader]: NEW BLOCK: 66061 
[2021-02-04 12:26:06] [DEBUG] [COMMIT-MGR] [uploader]: NEW BLOCK: 66062 
[2021-02-04 12:26:07] [DEBUG] [COMMIT-MGR] [uploader]: NEW BLOCK: 66063 
[2021-02-04 12:26:08] [DEBUG] [COMMIT-MGR] [uploader]: NEW BLOCK: 66064 
[2021-02-04 12:26:09] [DEBUG] [COMMIT-MGR] [uploader]: NEW BLOCK: 66065 
[2021-02-04 12:26:10] [DEBUG] [COMMIT-MGR] [uploader]: NEW BLOCK: 66066 
[2021-02-04 12:26:11] [DEBUG] [COMMIT-MGR] [uploader]: NEW BLOCK: 66067 
[2021-02-04 12:26:12] [DEBUG] [COMMIT-MGR] [uploader]: NEW BLOCK: 66068 
[2021-02-04 12:26:13] [DEBUG] [COMMIT-MGR] [uploader]: NEW BLOCK: 66069 
[2021-02-04 12:26:14] [DEBUG] [COMMIT-MGR] [uploader]: NEW BLOCK: 66070 
[2021-02-04 12:26:15] [DEBUG] [COMMIT-MGR] [uploader]: NEW BLOCK: 66071 
[2021-02-04 12:26:16] [DEBUG] [COMMIT-MGR] [uploader]: NEW BLOCK: 66072 
[2021-02-04 12:26:17] [DEBUG] [COMMIT-MGR] [uploader]: NEW BLOCK: 66073 
[2021-02-04 12:26:18] [DEBUG] [COMMIT-MGR] [uploader]: NEW BLOCK: 66074 
[2021-02-04 12:26:19] [DEBUG] [COMMIT-MGR] [uploader]: NEW BLOCK: 66075 
[2021-02-04 12:26:20] [DEBUG] [COMMIT-MGR] [uploader]: NEW BLOCK: 66076 
[2021-02-04 12:26:21] [DEBUG] [COMMIT-MGR] [uploader]: NEW BLOCK: 66077 
[2021-02-04 12:26:22] [DEBUG] [COMMIT-MGR] [uploader]: NEW BLOCK: 66078 
[2021-02-04 12:26:23] [DEBUG] [COMMIT-MGR] [uploader]: NEW BLOCK: 66079 
[2021-02-04 12:26:24] [DEBUG] [COMMIT-MGR] [uploader]: NEW BLOCK: 66080 
[2021-02-04 12:26:25] [DEBUG] [COMMIT-MGR] [uploader]: NEW BLOCK: 66081 
[2021-02-04 12:26:26] [DEBUG] [COMMIT-MGR] [uploader]: NEW BLOCK: 66082 
[2021-02-04 12:26:27] [DEBUG] [COMMIT-MGR] [uploader]: NEW BLOCK: 66083 
[2021-02-04 12:26:28] [DEBUG] [COMMIT-MGR] [uploader]: NEW BLOCK: 66084 
[2021-02-04 12:26:29] [DEBUG] [COMMIT-MGR] [uploader]: NEW BLOCK: 66085 
[2021-02-04 12:26:30] [DEBUG] [COMMIT-MGR] [uploader]: NEW BLOCK: 66086 
[2021-02-04 12:26:31] [DEBUG] [COMMIT-MGR] [uploader]: NEW BLOCK: 66087 
[2021-02-04 12:26:32] [DEBUG] [COMMIT-MGR] [uploader]: NEW BLOCK: 66088 
[2021-02-04 12:26:33] [DEBUG] [COMMIT-MGR] [uploader]: NEW BLOCK: 66089 
[2021-02-04 12:26:34] [DEBUG] [COMMIT-MGR] [uploader]: NEW BLOCK: 66090 
[2021-02-04 12:26:35] [DEBUG] [COMMIT-MGR] [uploader]: NEW BLOCK: 66091 
[2021-02-04 12:26:35] [HTTP] [COMMIT-MGR] [uploader]: OPTIONS /status 204 1ms [] {"req":{"url":"/status","headers":{"connection":"close","x-forwarded-for":"192.168.0.5","host":"api.baseline.test","accept":"*/*","access-control-request-method":"GET","access-control-request-headers":"content-type","origin":"http://dashboard.baseline.test","user-agent":"Mozilla/5.0 (X11; Linux x86_64) AppleWebKit/537.36 (KHTML, like Gecko) Chrome/88.0.4324.96 Safari/537.36","sec-fetch-mode":"cors","referer":"http://dashboard.baseline.test/","accept-encoding":"gzip, deflate","accept-language":"en-US,en;q=0.9"},"method":"OPTIONS","httpVersion":"1.1","originalUrl":"/status","query":{}},"res":{"statusCode":204},"responseTime":1}
[2021-02-04 12:26:35] [HTTP] [COMMIT-MGR] [uploader]: GET /network-mode 304 2ms [] {"req":{"url":"/network-mode","headers":{"connection":"close","x-forwarded-for":"192.168.0.5","host":"api.baseline.test","user-agent":"Mozilla/5.0 (X11; Linux x86_64) AppleWebKit/537.36 (KHTML, like Gecko) Chrome/88.0.4324.96 Safari/537.36","accept":"*/*","sec-gpc":"1","origin":"http://dashboard.baseline.test","referer":"http://dashboard.baseline.test/","accept-encoding":"gzip, deflate","accept-language":"en-US,en;q=0.9","if-none-match":"W/\"6-sShdS0ORTMmYD/ZdP1QDHQ+QjnI\""},"method":"GET","httpVersion":"1.1","originalUrl":"/network-mode","query":{}},"res":{"statusCode":304},"responseTime":2}
[2021-02-04 12:26:35] [HTTP] [COMMIT-MGR] [uploader]: GET /status 304 0ms [] {"req":{"url":"/status","headers":{"connection":"close","x-forwarded-for":"192.168.0.5","host":"api.baseline.test","user-agent":"Mozilla/5.0 (X11; Linux x86_64) AppleWebKit/537.36 (KHTML, like Gecko) Chrome/88.0.4324.96 Safari/537.36","content-type":"application/text","accept":"*/*","sec-gpc":"1","origin":"http://dashboard.baseline.test","referer":"http://dashboard.baseline.test/","accept-encoding":"gzip, deflate","accept-language":"en-US,en;q=0.9","if-none-match":"W/\"2-nOO9QiTIwXgNtWtBJezz8kv3SLc\""},"method":"GET","httpVersion":"1.1","originalUrl":"/status","query":{}},"res":{"statusCode":304},"responseTime":0}
[2021-02-04 12:26:35] [HTTP] [COMMIT-MGR] [uploader]: GET /contracts/local 200 16ms [] {"req":{"url":"/contracts/local","headers":{"connection":"close","x-forwarded-for":"192.168.0.5","host":"api.baseline.test","user-agent":"Mozilla/5.0 (X11; Linux x86_64) AppleWebKit/537.36 (KHTML, like Gecko) Chrome/88.0.4324.96 Safari/537.36","accept":"*/*","sec-gpc":"1","origin":"http://dashboard.baseline.test","referer":"http://dashboard.baseline.test/","accept-encoding":"gzip, deflate","accept-language":"en-US,en;q=0.9"},"method":"GET","httpVersion":"1.1","originalUrl":"/contracts/local","query":{}},"res":{"statusCode":200},"responseTime":16}
[2021-02-04 12:26:35] [HTTP] [COMMIT-MGR] [uploader]: GET /contracts/goerli 200 17ms [] {"req":{"url":"/contracts/goerli","headers":{"connection":"close","x-forwarded-for":"192.168.0.5","host":"api.baseline.test","user-agent":"Mozilla/5.0 (X11; Linux x86_64) AppleWebKit/537.36 (KHTML, like Gecko) Chrome/88.0.4324.96 Safari/537.36","accept":"*/*","sec-gpc":"1","origin":"http://dashboard.baseline.test","referer":"http://dashboard.baseline.test/","accept-encoding":"gzip, deflate","accept-language":"en-US,en;q=0.9"},"method":"GET","httpVersion":"1.1","originalUrl":"/contracts/goerli","query":{}},"res":{"statusCode":200},"responseTime":17}
[2021-02-04 12:26:35] [HTTP] [COMMIT-MGR] [uploader]: GET /getmerkletree/0x4e68da1d277693d001eaedcfba12c19e71d838ff_0 200 27ms [] {"req":{"url":"/getmerkletree/0x4e68da1d277693d001eaedcfba12c19e71d838ff_0","headers":{"connection":"close","x-forwarded-for":"192.168.0.5","host":"api.baseline.test","user-agent":"Mozilla/5.0 (X11; Linux x86_64) AppleWebKit/537.36 (KHTML, like Gecko) Chrome/88.0.4324.96 Safari/537.36","accept":"*/*","sec-gpc":"1","origin":"http://dashboard.baseline.test","referer":"http://dashboard.baseline.test/","accept-encoding":"gzip, deflate","accept-language":"en-US,en;q=0.9"},"method":"GET","httpVersion":"1.1","originalUrl":"/getmerkletree/0x4e68da1d277693d001eaedcfba12c19e71d838ff_0","query":{}},"res":{"statusCode":200},"responseTime":27}
[2021-02-04 12:26:35] [HTTP] [COMMIT-MGR] [uploader]: GET /getmerkletree/0x4292d66dc701ca35baf9873efd1f908deb0ddad5_0 200 33ms [] {"req":{"url":"/getmerkletree/0x4292d66dc701ca35baf9873efd1f908deb0ddad5_0","headers":{"connection":"close","x-forwarded-for":"192.168.0.5","host":"api.baseline.test","user-agent":"Mozilla/5.0 (X11; Linux x86_64) AppleWebKit/537.36 (KHTML, like Gecko) Chrome/88.0.4324.96 Safari/537.36","accept":"*/*","sec-gpc":"1","origin":"http://dashboard.baseline.test","referer":"http://dashboard.baseline.test/","accept-encoding":"gzip, deflate","accept-language":"en-US,en;q=0.9"},"method":"GET","httpVersion":"1.1","originalUrl":"/getmerkletree/0x4292d66dc701ca35baf9873efd1f908deb0ddad5_0","query":{}},"res":{"statusCode":200},"responseTime":33}
[2021-02-04 12:26:36] [DEBUG] [COMMIT-MGR] [uploader]: NEW BLOCK: 66092 
[2021-02-04 12:26:37] [DEBUG] [COMMIT-MGR] [uploader]: NEW BLOCK: 66093 
[2021-02-04 12:26:38] [DEBUG] [COMMIT-MGR] [uploader]: NEW BLOCK: 66094 
[2021-02-04 12:26:39] [DEBUG] [COMMIT-MGR] [uploader]: NEW BLOCK: 66095 
[2021-02-04 12:26:40] [DEBUG] [COMMIT-MGR] [uploader]: NEW BLOCK: 66096 
[2021-02-04 12:26:41] [DEBUG] [COMMIT-MGR] [uploader]: NEW BLOCK: 66097 
[2021-02-04 12:26:42] [DEBUG] [COMMIT-MGR] [uploader]: NEW BLOCK: 66098 
[2021-02-04 12:26:43] [DEBUG] [COMMIT-MGR] [uploader]: NEW BLOCK: 66099 
[2021-02-04 12:26:44] [DEBUG] [COMMIT-MGR] [uploader]: NEW BLOCK: 66100 
[2021-02-04 12:26:45] [DEBUG] [COMMIT-MGR] [uploader]: NEW BLOCK: 66101 
[2021-02-04 12:26:46] [DEBUG] [COMMIT-MGR] [uploader]: NEW BLOCK: 66102 
[2021-02-04 12:26:47] [DEBUG] [COMMIT-MGR] [uploader]: NEW BLOCK: 66103 
[2021-02-04 12:26:48] [DEBUG] [COMMIT-MGR] [uploader]: NEW BLOCK: 66104 
[2021-02-04 12:26:49] [DEBUG] [COMMIT-MGR] [uploader]: NEW BLOCK: 66105 
[2021-02-04 12:26:50] [DEBUG] [COMMIT-MGR] [uploader]: NEW BLOCK: 66106 
[2021-02-04 12:26:51] [DEBUG] [COMMIT-MGR] [uploader]: NEW BLOCK: 66107 
[2021-02-04 12:26:52] [DEBUG] [COMMIT-MGR] [uploader]: NEW BLOCK: 66108 
[2021-02-04 12:26:53] [DEBUG] [COMMIT-MGR] [uploader]: NEW BLOCK: 66109 
[2021-02-04 12:26:54] [DEBUG] [COMMIT-MGR] [uploader]: NEW BLOCK: 66110 
[2021-02-04 12:26:55] [DEBUG] [COMMIT-MGR] [uploader]: NEW BLOCK: 66111 
[2021-02-04 12:26:56] [DEBUG] [COMMIT-MGR] [uploader]: NEW BLOCK: 66112 
[2021-02-04 12:26:57] [DEBUG] [COMMIT-MGR] [uploader]: NEW BLOCK: 66113 
[2021-02-04 12:26:58] [DEBUG] [COMMIT-MGR] [uploader]: NEW BLOCK: 66114 
[2021-02-04 12:26:59] [DEBUG] [COMMIT-MGR] [uploader]: NEW BLOCK: 66115 
[2021-02-04 12:27:00] [DEBUG] [COMMIT-MGR] [uploader]: NEW BLOCK: 66116 
[2021-02-04 12:27:01] [DEBUG] [COMMIT-MGR] [uploader]: NEW BLOCK: 66117 
[2021-02-04 12:27:02] [DEBUG] [COMMIT-MGR] [uploader]: NEW BLOCK: 66118 
[2021-02-04 12:27:03] [DEBUG] [COMMIT-MGR] [uploader]: NEW BLOCK: 66119 
[2021-02-04 12:27:04] [DEBUG] [COMMIT-MGR] [uploader]: NEW BLOCK: 66120 
[2021-02-04 12:27:05] [DEBUG] [COMMIT-MGR] [uploader]: NEW BLOCK: 66121 
[2021-02-04 12:27:06] [DEBUG] [COMMIT-MGR] [uploader]: NEW BLOCK: 66122 
[2021-02-04 12:27:07] [DEBUG] [COMMIT-MGR] [uploader]: NEW BLOCK: 66123 
[2021-02-04 12:27:08] [DEBUG] [COMMIT-MGR] [uploader]: NEW BLOCK: 66124 
[2021-02-04 12:27:09] [DEBUG] [COMMIT-MGR] [uploader]: NEW BLOCK: 66125 
[2021-02-04 12:27:10] [DEBUG] [COMMIT-MGR] [uploader]: NEW BLOCK: 66126 
[2021-02-04 12:27:11] [DEBUG] [COMMIT-MGR] [uploader]: NEW BLOCK: 66127 
[2021-02-04 12:27:12] [DEBUG] [COMMIT-MGR] [uploader]: NEW BLOCK: 66128 
[2021-02-04 12:27:13] [DEBUG] [COMMIT-MGR] [uploader]: NEW BLOCK: 66129 
[2021-02-04 12:27:14] [DEBUG] [COMMIT-MGR] [uploader]: NEW BLOCK: 66130 
[2021-02-04 12:27:15] [DEBUG] [COMMIT-MGR] [uploader]: NEW BLOCK: 66131 
[2021-02-04 12:27:16] [DEBUG] [COMMIT-MGR] [uploader]: NEW BLOCK: 66132 
[2021-02-04 12:27:17] [DEBUG] [COMMIT-MGR] [uploader]: NEW BLOCK: 66133 
[2021-02-04 12:27:18] [DEBUG] [COMMIT-MGR] [uploader]: NEW BLOCK: 66134 
[2021-02-04 12:27:19] [DEBUG] [COMMIT-MGR] [uploader]: NEW BLOCK: 66135 
[2021-02-04 12:27:20] [DEBUG] [COMMIT-MGR] [uploader]: NEW BLOCK: 66136 
[2021-02-04 12:27:21] [DEBUG] [COMMIT-MGR] [uploader]: NEW BLOCK: 66137 
[2021-02-04 12:27:22] [DEBUG] [COMMIT-MGR] [uploader]: NEW BLOCK: 66138 
[2021-02-04 12:27:23] [DEBUG] [COMMIT-MGR] [uploader]: NEW BLOCK: 66139 
[2021-02-04 12:27:24] [DEBUG] [COMMIT-MGR] [uploader]: NEW BLOCK: 66140 
[2021-02-04 12:27:25] [DEBUG] [COMMIT-MGR] [uploader]: NEW BLOCK: 66141 
[2021-02-04 12:27:26] [DEBUG] [COMMIT-MGR] [uploader]: NEW BLOCK: 66142 
[2021-02-04 12:27:27] [DEBUG] [COMMIT-MGR] [uploader]: NEW BLOCK: 66143 
[2021-02-04 12:27:28] [DEBUG] [COMMIT-MGR] [uploader]: NEW BLOCK: 66144 
[2021-02-04 12:27:29] [DEBUG] [COMMIT-MGR] [uploader]: NEW BLOCK: 66145 
[2021-02-04 12:27:30] [DEBUG] [COMMIT-MGR] [uploader]: NEW BLOCK: 66146 
[2021-02-04 12:27:31] [DEBUG] [COMMIT-MGR] [uploader]: NEW BLOCK: 66147 
[2021-02-04 12:27:32] [DEBUG] [COMMIT-MGR] [uploader]: NEW BLOCK: 66148 
[2021-02-04 12:27:33] [DEBUG] [COMMIT-MGR] [uploader]: NEW BLOCK: 66149 
[2021-02-04 12:27:34] [DEBUG] [COMMIT-MGR] [uploader]: NEW BLOCK: 66150 
[2021-02-04 12:27:35] [DEBUG] [COMMIT-MGR] [uploader]: NEW BLOCK: 66151 
[2021-02-04 12:27:36] [DEBUG] [COMMIT-MGR] [uploader]: NEW BLOCK: 66152 
[2021-02-04 12:27:37] [DEBUG] [COMMIT-MGR] [uploader]: NEW BLOCK: 66153 
[2021-02-04 12:27:38] [DEBUG] [COMMIT-MGR] [uploader]: NEW BLOCK: 66154 
[2021-02-04 12:27:39] [DEBUG] [COMMIT-MGR] [uploader]: NEW BLOCK: 66155 
[2021-02-04 12:27:40] [DEBUG] [COMMIT-MGR] [uploader]: NEW BLOCK: 66156 
[2021-02-04 12:27:41] [DEBUG] [COMMIT-MGR] [uploader]: NEW BLOCK: 66157 
[2021-02-04 12:27:42] [DEBUG] [COMMIT-MGR] [uploader]: NEW BLOCK: 66158 
[2021-02-04 12:27:43] [DEBUG] [COMMIT-MGR] [uploader]: NEW BLOCK: 66159 
[2021-02-04 12:27:44] [DEBUG] [COMMIT-MGR] [uploader]: NEW BLOCK: 66160 
[2021-02-04 12:27:45] [DEBUG] [COMMIT-MGR] [uploader]: NEW BLOCK: 66161 
[2021-02-04 12:27:46] [DEBUG] [COMMIT-MGR] [uploader]: NEW BLOCK: 66162 
[2021-02-04 12:27:47] [DEBUG] [COMMIT-MGR] [uploader]: NEW BLOCK: 66163 
[2021-02-04 12:27:48] [DEBUG] [COMMIT-MGR] [uploader]: NEW BLOCK: 66164 
[2021-02-04 12:27:49] [DEBUG] [COMMIT-MGR] [uploader]: NEW BLOCK: 66165 
[2021-02-04 12:27:50] [DEBUG] [COMMIT-MGR] [uploader]: NEW BLOCK: 66166 
[2021-02-04 12:27:51] [DEBUG] [COMMIT-MGR] [uploader]: NEW BLOCK: 66167 
[2021-02-04 12:27:52] [DEBUG] [COMMIT-MGR] [uploader]: NEW BLOCK: 66168 
[2021-02-04 12:27:53] [DEBUG] [COMMIT-MGR] [uploader]: NEW BLOCK: 66169 
[2021-02-04 12:27:54] [DEBUG] [COMMIT-MGR] [uploader]: NEW BLOCK: 66170 
[2021-02-04 12:27:55] [DEBUG] [COMMIT-MGR] [uploader]: NEW BLOCK: 66171 
[2021-02-04 12:27:56] [DEBUG] [COMMIT-MGR] [uploader]: NEW BLOCK: 66172 
[2021-02-04 12:27:57] [DEBUG] [COMMIT-MGR] [uploader]: NEW BLOCK: 66173 
[2021-02-04 12:27:58] [DEBUG] [COMMIT-MGR] [uploader]: NEW BLOCK: 66174 
[2021-02-04 12:27:59] [DEBUG] [COMMIT-MGR] [uploader]: NEW BLOCK: 66175 
[2021-02-04 12:28:00] [DEBUG] [COMMIT-MGR] [uploader]: NEW BLOCK: 66176 
[2021-02-04 12:28:01] [DEBUG] [COMMIT-MGR] [uploader]: NEW BLOCK: 66177 
[2021-02-04 12:28:02] [DEBUG] [COMMIT-MGR] [uploader]: NEW BLOCK: 66178 
[2021-02-04 12:28:03] [DEBUG] [COMMIT-MGR] [uploader]: NEW BLOCK: 66179 
[2021-02-04 12:28:04] [DEBUG] [COMMIT-MGR] [uploader]: NEW BLOCK: 66180 
[2021-02-04 12:28:05] [DEBUG] [COMMIT-MGR] [uploader]: NEW BLOCK: 66181 
[2021-02-04 12:28:06] [DEBUG] [COMMIT-MGR] [uploader]: NEW BLOCK: 66182 
[2021-02-04 12:28:07] [DEBUG] [COMMIT-MGR] [uploader]: NEW BLOCK: 66183 
[2021-02-04 12:28:08] [DEBUG] [COMMIT-MGR] [uploader]: NEW BLOCK: 66184 
[2021-02-04 12:28:09] [DEBUG] [COMMIT-MGR] [uploader]: NEW BLOCK: 66185 
[2021-02-04 12:28:10] [DEBUG] [COMMIT-MGR] [uploader]: NEW BLOCK: 66186 
[2021-02-04 12:28:11] [DEBUG] [COMMIT-MGR] [uploader]: NEW BLOCK: 66187 
[2021-02-04 12:28:12] [DEBUG] [COMMIT-MGR] [uploader]: NEW BLOCK: 66188 
[2021-02-04 12:28:13] [DEBUG] [COMMIT-MGR] [uploader]: NEW BLOCK: 66189 
[2021-02-04 12:28:14] [DEBUG] [COMMIT-MGR] [uploader]: NEW BLOCK: 66190 
[2021-02-04 12:28:15] [DEBUG] [COMMIT-MGR] [uploader]: NEW BLOCK: 66191 
[2021-02-04 12:28:16] [DEBUG] [COMMIT-MGR] [uploader]: NEW BLOCK: 66192 
[2021-02-04 12:28:17] [DEBUG] [COMMIT-MGR] [uploader]: NEW BLOCK: 66193 
[2021-02-04 12:28:18] [DEBUG] [COMMIT-MGR] [uploader]: NEW BLOCK: 66194 
[2021-02-04 12:28:19] [DEBUG] [COMMIT-MGR] [uploader]: NEW BLOCK: 66195 
[2021-02-04 12:28:20] [DEBUG] [COMMIT-MGR] [uploader]: NEW BLOCK: 66196 
[2021-02-04 12:28:21] [DEBUG] [COMMIT-MGR] [uploader]: NEW BLOCK: 66197 
[2021-02-04 12:28:22] [DEBUG] [COMMIT-MGR] [uploader]: NEW BLOCK: 66198 
[2021-02-04 12:28:23] [DEBUG] [COMMIT-MGR] [uploader]: NEW BLOCK: 66199 
[2021-02-04 12:28:24] [DEBUG] [COMMIT-MGR] [uploader]: NEW BLOCK: 66200 
[2021-02-04 12:28:25] [DEBUG] [COMMIT-MGR] [uploader]: NEW BLOCK: 66201 
[2021-02-04 12:28:26] [DEBUG] [COMMIT-MGR] [uploader]: NEW BLOCK: 66202 
[2021-02-04 12:28:27] [DEBUG] [COMMIT-MGR] [uploader]: NEW BLOCK: 66203 
[2021-02-04 12:28:28] [DEBUG] [COMMIT-MGR] [uploader]: NEW BLOCK: 66204 
[2021-02-04 12:28:29] [DEBUG] [COMMIT-MGR] [uploader]: NEW BLOCK: 66205 
[2021-02-04 12:28:30] [DEBUG] [COMMIT-MGR] [uploader]: NEW BLOCK: 66206 
[2021-02-04 12:28:31] [DEBUG] [COMMIT-MGR] [uploader]: NEW BLOCK: 66207 
[2021-02-04 12:28:32] [DEBUG] [COMMIT-MGR] [uploader]: NEW BLOCK: 66208 
[2021-02-04 12:28:33] [DEBUG] [COMMIT-MGR] [uploader]: NEW BLOCK: 66209 
[2021-02-04 12:28:34] [DEBUG] [COMMIT-MGR] [uploader]: NEW BLOCK: 66210 
[2021-02-04 12:28:35] [DEBUG] [COMMIT-MGR] [uploader]: NEW BLOCK: 66211 
[2021-02-04 12:28:36] [DEBUG] [COMMIT-MGR] [uploader]: NEW BLOCK: 66212 
[2021-02-04 12:28:37] [DEBUG] [COMMIT-MGR] [uploader]: NEW BLOCK: 66213 
[2021-02-04 12:28:38] [DEBUG] [COMMIT-MGR] [uploader]: NEW BLOCK: 66214 
[2021-02-04 12:28:39] [DEBUG] [COMMIT-MGR] [uploader]: NEW BLOCK: 66215 
[2021-02-04 12:28:40] [DEBUG] [COMMIT-MGR] [uploader]: NEW BLOCK: 66216 
[2021-02-04 12:28:41] [DEBUG] [COMMIT-MGR] [uploader]: NEW BLOCK: 66217 
[2021-02-04 12:28:42] [DEBUG] [COMMIT-MGR] [uploader]: NEW BLOCK: 66218 
[2021-02-04 12:28:43] [DEBUG] [COMMIT-MGR] [uploader]: NEW BLOCK: 66219 
[2021-02-04 12:28:44] [DEBUG] [COMMIT-MGR] [uploader]: NEW BLOCK: 66220 
[2021-02-04 12:28:45] [DEBUG] [COMMIT-MGR] [uploader]: NEW BLOCK: 66221 
[2021-02-04 12:28:46] [DEBUG] [COMMIT-MGR] [uploader]: NEW BLOCK: 66222 
[2021-02-04 12:28:47] [DEBUG] [COMMIT-MGR] [uploader]: NEW BLOCK: 66223 
[2021-02-04 12:28:48] [DEBUG] [COMMIT-MGR] [uploader]: NEW BLOCK: 66224 
[2021-02-04 12:28:49] [DEBUG] [COMMIT-MGR] [uploader]: NEW BLOCK: 66225 
[2021-02-04 12:28:50] [DEBUG] [COMMIT-MGR] [uploader]: NEW BLOCK: 66226 
[2021-02-04 12:28:51] [DEBUG] [COMMIT-MGR] [uploader]: NEW BLOCK: 66227 
[2021-02-04 12:28:52] [DEBUG] [COMMIT-MGR] [uploader]: NEW BLOCK: 66228 
[2021-02-04 12:28:53] [DEBUG] [COMMIT-MGR] [uploader]: NEW BLOCK: 66229 
[2021-02-04 12:28:54] [DEBUG] [COMMIT-MGR] [uploader]: NEW BLOCK: 66230 
[2021-02-04 12:28:55] [DEBUG] [COMMIT-MGR] [uploader]: NEW BLOCK: 66231 
[2021-02-04 12:28:56] [DEBUG] [COMMIT-MGR] [uploader]: NEW BLOCK: 66232 
[2021-02-04 12:28:57] [DEBUG] [COMMIT-MGR] [uploader]: NEW BLOCK: 66233 
[2021-02-04 12:28:58] [DEBUG] [COMMIT-MGR] [uploader]: NEW BLOCK: 66234 
[2021-02-04 12:28:59] [DEBUG] [COMMIT-MGR] [uploader]: NEW BLOCK: 66235 
[2021-02-04 12:29:00] [DEBUG] [COMMIT-MGR] [uploader]: NEW BLOCK: 66236 
[2021-02-04 12:29:01] [DEBUG] [COMMIT-MGR] [uploader]: NEW BLOCK: 66237 
[2021-02-04 12:29:02] [DEBUG] [COMMIT-MGR] [uploader]: NEW BLOCK: 66238 
[2021-02-04 12:29:03] [DEBUG] [COMMIT-MGR] [uploader]: NEW BLOCK: 66239 
[2021-02-04 12:29:04] [DEBUG] [COMMIT-MGR] [uploader]: NEW BLOCK: 66240 
[2021-02-04 12:29:05] [DEBUG] [COMMIT-MGR] [uploader]: NEW BLOCK: 66241 
[2021-02-04 12:29:06] [DEBUG] [COMMIT-MGR] [uploader]: NEW BLOCK: 66242 
[2021-02-04 12:29:07] [DEBUG] [COMMIT-MGR] [uploader]: NEW BLOCK: 66243 
[2021-02-04 12:29:08] [DEBUG] [COMMIT-MGR] [uploader]: NEW BLOCK: 66244 
[2021-02-04 12:29:09] [DEBUG] [COMMIT-MGR] [uploader]: NEW BLOCK: 66245 
[2021-02-04 12:29:10] [DEBUG] [COMMIT-MGR] [uploader]: NEW BLOCK: 66246 
[2021-02-04 12:29:11] [DEBUG] [COMMIT-MGR] [uploader]: NEW BLOCK: 66247 
[2021-02-04 12:29:12] [DEBUG] [COMMIT-MGR] [uploader]: NEW BLOCK: 66248 
[2021-02-04 12:29:13] [DEBUG] [COMMIT-MGR] [uploader]: NEW BLOCK: 66249 
[2021-02-04 12:29:14] [DEBUG] [COMMIT-MGR] [uploader]: NEW BLOCK: 66250 
[2021-02-04 12:29:15] [DEBUG] [COMMIT-MGR] [uploader]: NEW BLOCK: 66251 
[2021-02-04 12:29:16] [DEBUG] [COMMIT-MGR] [uploader]: NEW BLOCK: 66252 
[2021-02-04 12:29:17] [DEBUG] [COMMIT-MGR] [uploader]: NEW BLOCK: 66253 
[2021-02-04 12:29:18] [DEBUG] [COMMIT-MGR] [uploader]: NEW BLOCK: 66254 
[2021-02-04 12:29:19] [DEBUG] [COMMIT-MGR] [uploader]: NEW BLOCK: 66255 
[2021-02-04 12:29:20] [DEBUG] [COMMIT-MGR] [uploader]: NEW BLOCK: 66256 
[2021-02-04 12:29:21] [DEBUG] [COMMIT-MGR] [uploader]: NEW BLOCK: 66257 
[2021-02-04 12:29:22] [DEBUG] [COMMIT-MGR] [uploader]: NEW BLOCK: 66258 
[2021-02-04 12:29:23] [DEBUG] [COMMIT-MGR] [uploader]: NEW BLOCK: 66259 
[2021-02-04 12:29:24] [DEBUG] [COMMIT-MGR] [uploader]: NEW BLOCK: 66260 
[2021-02-04 12:29:25] [DEBUG] [COMMIT-MGR] [uploader]: NEW BLOCK: 66261 
[2021-02-04 12:29:26] [DEBUG] [COMMIT-MGR] [uploader]: NEW BLOCK: 66262 
[2021-02-04 12:29:27] [DEBUG] [COMMIT-MGR] [uploader]: NEW BLOCK: 66263 
[2021-02-04 12:29:28] [DEBUG] [COMMIT-MGR] [uploader]: NEW BLOCK: 66264 
[2021-02-04 12:29:29] [DEBUG] [COMMIT-MGR] [uploader]: NEW BLOCK: 66265 
[2021-02-04 12:29:30] [DEBUG] [COMMIT-MGR] [uploader]: NEW BLOCK: 66266 
[2021-02-04 12:29:31] [DEBUG] [COMMIT-MGR] [uploader]: NEW BLOCK: 66267 
[2021-02-04 12:29:32] [DEBUG] [COMMIT-MGR] [uploader]: NEW BLOCK: 66268 
[2021-02-04 12:29:33] [DEBUG] [COMMIT-MGR] [uploader]: NEW BLOCK: 66269 
[2021-02-04 12:29:34] [DEBUG] [COMMIT-MGR] [uploader]: NEW BLOCK: 66270 
[2021-02-04 12:29:35] [DEBUG] [COMMIT-MGR] [uploader]: NEW BLOCK: 66271 
[2021-02-04 12:29:36] [DEBUG] [COMMIT-MGR] [uploader]: NEW BLOCK: 66272 
[2021-02-04 12:29:37] [DEBUG] [COMMIT-MGR] [uploader]: NEW BLOCK: 66273 
[2021-02-04 12:29:38] [DEBUG] [COMMIT-MGR] [uploader]: NEW BLOCK: 66274 
[2021-02-04 12:29:39] [DEBUG] [COMMIT-MGR] [uploader]: NEW BLOCK: 66275 
[2021-02-04 12:29:40] [DEBUG] [COMMIT-MGR] [uploader]: NEW BLOCK: 66276 
[2021-02-04 12:29:41] [DEBUG] [COMMIT-MGR] [uploader]: NEW BLOCK: 66277 
[2021-02-04 12:29:42] [DEBUG] [COMMIT-MGR] [uploader]: NEW BLOCK: 66278 
[2021-02-04 12:29:43] [DEBUG] [COMMIT-MGR] [uploader]: NEW BLOCK: 66279 
[2021-02-04 12:29:44] [DEBUG] [COMMIT-MGR] [uploader]: NEW BLOCK: 66280 
[2021-02-04 12:29:45] [DEBUG] [COMMIT-MGR] [uploader]: NEW BLOCK: 66281 
[2021-02-04 12:29:46] [DEBUG] [COMMIT-MGR] [uploader]: NEW BLOCK: 66282 
[2021-02-04 12:29:47] [DEBUG] [COMMIT-MGR] [uploader]: NEW BLOCK: 66283 
[2021-02-04 12:29:48] [DEBUG] [COMMIT-MGR] [uploader]: NEW BLOCK: 66284 
[2021-02-04 12:29:49] [DEBUG] [COMMIT-MGR] [uploader]: NEW BLOCK: 66285 
[2021-02-04 12:29:50] [DEBUG] [COMMIT-MGR] [uploader]: NEW BLOCK: 66286 
[2021-02-04 12:29:51] [DEBUG] [COMMIT-MGR] [uploader]: NEW BLOCK: 66287 
[2021-02-04 12:29:52] [DEBUG] [COMMIT-MGR] [uploader]: NEW BLOCK: 66288 
[2021-02-04 12:29:53] [DEBUG] [COMMIT-MGR] [uploader]: NEW BLOCK: 66289 
[2021-02-04 12:29:54] [DEBUG] [COMMIT-MGR] [uploader]: NEW BLOCK: 66290 
[2021-02-04 12:29:55] [DEBUG] [COMMIT-MGR] [uploader]: NEW BLOCK: 66291 
[2021-02-04 12:29:56] [DEBUG] [COMMIT-MGR] [uploader]: NEW BLOCK: 66292 
[2021-02-04 12:29:57] [DEBUG] [COMMIT-MGR] [uploader]: NEW BLOCK: 66293 
[2021-02-04 12:29:58] [DEBUG] [COMMIT-MGR] [uploader]: NEW BLOCK: 66294 
[2021-02-04 12:29:59] [DEBUG] [COMMIT-MGR] [uploader]: NEW BLOCK: 66295 
[2021-02-04 12:30:00] [DEBUG] [COMMIT-MGR] [uploader]: NEW BLOCK: 66296 
[2021-02-04 12:30:01] [DEBUG] [COMMIT-MGR] [uploader]: NEW BLOCK: 66297 
[2021-02-04 12:30:02] [DEBUG] [COMMIT-MGR] [uploader]: NEW BLOCK: 66298 
[2021-02-04 12:30:03] [DEBUG] [COMMIT-MGR] [uploader]: NEW BLOCK: 66299 
[2021-02-04 12:30:04] [DEBUG] [COMMIT-MGR] [uploader]: NEW BLOCK: 66300 
[2021-02-04 12:30:05] [DEBUG] [COMMIT-MGR] [uploader]: NEW BLOCK: 66301 
[2021-02-04 12:30:06] [DEBUG] [COMMIT-MGR] [uploader]: NEW BLOCK: 66302 
[2021-02-04 12:30:07] [DEBUG] [COMMIT-MGR] [uploader]: NEW BLOCK: 66303 
[2021-02-04 12:30:08] [DEBUG] [COMMIT-MGR] [uploader]: NEW BLOCK: 66304 
[2021-02-04 12:30:09] [DEBUG] [COMMIT-MGR] [uploader]: NEW BLOCK: 66305 
[2021-02-04 12:30:10] [DEBUG] [COMMIT-MGR] [uploader]: NEW BLOCK: 66306 
[2021-02-04 12:30:11] [DEBUG] [COMMIT-MGR] [uploader]: NEW BLOCK: 66307 
[2021-02-04 12:30:12] [DEBUG] [COMMIT-MGR] [uploader]: NEW BLOCK: 66308 
[2021-02-04 12:30:13] [DEBUG] [COMMIT-MGR] [uploader]: NEW BLOCK: 66309 
[2021-02-04 12:30:14] [DEBUG] [COMMIT-MGR] [uploader]: NEW BLOCK: 66310 
[2021-02-04 12:30:15] [DEBUG] [COMMIT-MGR] [uploader]: NEW BLOCK: 66311 
[2021-02-04 12:30:16] [DEBUG] [COMMIT-MGR] [uploader]: NEW BLOCK: 66312 
[2021-02-04 12:30:17] [DEBUG] [COMMIT-MGR] [uploader]: NEW BLOCK: 66313 
[2021-02-04 12:30:18] [DEBUG] [COMMIT-MGR] [uploader]: NEW BLOCK: 66314 
[2021-02-04 12:30:19] [DEBUG] [COMMIT-MGR] [uploader]: NEW BLOCK: 66315 
[2021-02-04 12:30:20] [DEBUG] [COMMIT-MGR] [uploader]: NEW BLOCK: 66316 
[2021-02-04 12:30:21] [DEBUG] [COMMIT-MGR] [uploader]: NEW BLOCK: 66317 
[2021-02-04 12:30:22] [DEBUG] [COMMIT-MGR] [uploader]: NEW BLOCK: 66318 
[2021-02-04 12:30:23] [DEBUG] [COMMIT-MGR] [uploader]: NEW BLOCK: 66319 
[2021-02-04 12:30:24] [DEBUG] [COMMIT-MGR] [uploader]: NEW BLOCK: 66320 
[2021-02-04 12:30:25] [DEBUG] [COMMIT-MGR] [uploader]: NEW BLOCK: 66321 
[2021-02-04 12:30:26] [DEBUG] [COMMIT-MGR] [uploader]: NEW BLOCK: 66322 
[2021-02-04 12:30:27] [DEBUG] [COMMIT-MGR] [uploader]: NEW BLOCK: 66323 
[2021-02-04 12:30:28] [DEBUG] [COMMIT-MGR] [uploader]: NEW BLOCK: 66324 
[2021-02-04 12:30:29] [DEBUG] [COMMIT-MGR] [uploader]: NEW BLOCK: 66325 
[2021-02-04 12:30:30] [DEBUG] [COMMIT-MGR] [uploader]: NEW BLOCK: 66326 
[2021-02-04 12:30:31] [DEBUG] [COMMIT-MGR] [uploader]: NEW BLOCK: 66327 
[2021-02-04 12:30:32] [DEBUG] [COMMIT-MGR] [uploader]: NEW BLOCK: 66328 
[2021-02-04 12:30:33] [DEBUG] [COMMIT-MGR] [uploader]: NEW BLOCK: 66329 
[2021-02-04 12:30:34] [DEBUG] [COMMIT-MGR] [uploader]: NEW BLOCK: 66330 
[2021-02-04 12:30:35] [DEBUG] [COMMIT-MGR] [uploader]: NEW BLOCK: 66331 
[2021-02-04 12:30:36] [DEBUG] [COMMIT-MGR] [uploader]: NEW BLOCK: 66332 
[2021-02-04 12:30:37] [DEBUG] [COMMIT-MGR] [uploader]: NEW BLOCK: 66333 
[2021-02-04 12:30:38] [DEBUG] [COMMIT-MGR] [uploader]: NEW BLOCK: 66334 
[2021-02-04 12:30:39] [DEBUG] [COMMIT-MGR] [uploader]: NEW BLOCK: 66335 
[2021-02-04 12:30:40] [DEBUG] [COMMIT-MGR] [uploader]: NEW BLOCK: 66336 
[2021-02-04 12:30:41] [DEBUG] [COMMIT-MGR] [uploader]: NEW BLOCK: 66337 
[2021-02-04 12:30:42] [DEBUG] [COMMIT-MGR] [uploader]: NEW BLOCK: 66338 
[2021-02-04 12:30:43] [DEBUG] [COMMIT-MGR] [uploader]: NEW BLOCK: 66339 
[2021-02-04 12:30:44] [DEBUG] [COMMIT-MGR] [uploader]: NEW BLOCK: 66340 
[2021-02-04 12:30:45] [DEBUG] [COMMIT-MGR] [uploader]: NEW BLOCK: 66341 
[2021-02-04 12:30:46] [DEBUG] [COMMIT-MGR] [uploader]: NEW BLOCK: 66342 
[2021-02-04 12:30:47] [DEBUG] [COMMIT-MGR] [uploader]: NEW BLOCK: 66343 
[2021-02-04 12:30:48] [DEBUG] [COMMIT-MGR] [uploader]: NEW BLOCK: 66344 
[2021-02-04 12:30:49] [DEBUG] [COMMIT-MGR] [uploader]: NEW BLOCK: 66345 
[2021-02-04 12:30:50] [DEBUG] [COMMIT-MGR] [uploader]: NEW BLOCK: 66346 
[2021-02-04 12:30:51] [DEBUG] [COMMIT-MGR] [uploader]: NEW BLOCK: 66347 
[2021-02-04 12:30:52] [DEBUG] [COMMIT-MGR] [uploader]: NEW BLOCK: 66348 
[2021-02-04 12:30:53] [DEBUG] [COMMIT-MGR] [uploader]: NEW BLOCK: 66349 
[2021-02-04 12:30:54] [DEBUG] [COMMIT-MGR] [uploader]: NEW BLOCK: 66350 
[2021-02-04 12:30:55] [DEBUG] [COMMIT-MGR] [uploader]: NEW BLOCK: 66351 
[2021-02-04 12:30:56] [DEBUG] [COMMIT-MGR] [uploader]: NEW BLOCK: 66352 
[2021-02-04 12:30:57] [DEBUG] [COMMIT-MGR] [uploader]: NEW BLOCK: 66353 
[2021-02-04 12:30:58] [DEBUG] [COMMIT-MGR] [uploader]: NEW BLOCK: 66354 
[2021-02-04 12:30:59] [DEBUG] [COMMIT-MGR] [uploader]: NEW BLOCK: 66355 
[2021-02-04 12:31:00] [DEBUG] [COMMIT-MGR] [uploader]: NEW BLOCK: 66356 
[2021-02-04 12:31:01] [DEBUG] [COMMIT-MGR] [uploader]: NEW BLOCK: 66357 
[2021-02-04 12:31:02] [DEBUG] [COMMIT-MGR] [uploader]: NEW BLOCK: 66358 
[2021-02-04 12:31:03] [DEBUG] [COMMIT-MGR] [uploader]: NEW BLOCK: 66359 
[2021-02-04 12:31:04] [DEBUG] [COMMIT-MGR] [uploader]: NEW BLOCK: 66360 
[2021-02-04 12:31:05] [DEBUG] [COMMIT-MGR] [uploader]: NEW BLOCK: 66361 
[2021-02-04 12:31:06] [DEBUG] [COMMIT-MGR] [uploader]: NEW BLOCK: 66362 
[2021-02-04 12:31:07] [DEBUG] [COMMIT-MGR] [uploader]: NEW BLOCK: 66363 
[2021-02-04 12:31:08] [DEBUG] [COMMIT-MGR] [uploader]: NEW BLOCK: 66364 
[2021-02-04 12:31:09] [DEBUG] [COMMIT-MGR] [uploader]: NEW BLOCK: 66365 
[2021-02-04 12:31:10] [DEBUG] [COMMIT-MGR] [uploader]: NEW BLOCK: 66366 
[2021-02-04 12:31:11] [DEBUG] [COMMIT-MGR] [uploader]: NEW BLOCK: 66367 
[2021-02-04 12:31:12] [DEBUG] [COMMIT-MGR] [uploader]: NEW BLOCK: 66368 
[2021-02-04 12:31:13] [DEBUG] [COMMIT-MGR] [uploader]: NEW BLOCK: 66369 
[2021-02-04 12:31:14] [DEBUG] [COMMIT-MGR] [uploader]: NEW BLOCK: 66370 
[2021-02-04 12:31:15] [DEBUG] [COMMIT-MGR] [uploader]: NEW BLOCK: 66371 
[2021-02-04 12:31:16] [DEBUG] [COMMIT-MGR] [uploader]: NEW BLOCK: 66372 
[2021-02-04 12:31:17] [DEBUG] [COMMIT-MGR] [uploader]: NEW BLOCK: 66373 
[2021-02-04 12:31:18] [DEBUG] [COMMIT-MGR] [uploader]: NEW BLOCK: 66374 
[2021-02-04 12:31:19] [DEBUG] [COMMIT-MGR] [uploader]: NEW BLOCK: 66375 
[2021-02-04 12:31:20] [DEBUG] [COMMIT-MGR] [uploader]: NEW BLOCK: 66376 
[2021-02-04 12:31:21] [DEBUG] [COMMIT-MGR] [uploader]: NEW BLOCK: 66377 
[2021-02-04 12:31:22] [DEBUG] [COMMIT-MGR] [uploader]: NEW BLOCK: 66378 
[2021-02-04 12:31:23] [DEBUG] [COMMIT-MGR] [uploader]: NEW BLOCK: 66379 
[2021-02-04 12:31:24] [DEBUG] [COMMIT-MGR] [uploader]: NEW BLOCK: 66380 
[2021-02-04 12:31:25] [DEBUG] [COMMIT-MGR] [uploader]: NEW BLOCK: 66381 
[2021-02-04 12:31:26] [DEBUG] [COMMIT-MGR] [uploader]: NEW BLOCK: 66382 
[2021-02-04 12:31:27] [DEBUG] [COMMIT-MGR] [uploader]: NEW BLOCK: 66383 
[2021-02-04 12:31:28] [DEBUG] [COMMIT-MGR] [uploader]: NEW BLOCK: 66384 
[2021-02-04 12:31:29] [DEBUG] [COMMIT-MGR] [uploader]: NEW BLOCK: 66385 
[2021-02-04 12:31:30] [DEBUG] [COMMIT-MGR] [uploader]: NEW BLOCK: 66386 
[2021-02-04 12:31:31] [DEBUG] [COMMIT-MGR] [uploader]: NEW BLOCK: 66387 
[2021-02-04 12:31:32] [DEBUG] [COMMIT-MGR] [uploader]: NEW BLOCK: 66388 
[2021-02-04 12:31:33] [DEBUG] [COMMIT-MGR] [uploader]: NEW BLOCK: 66389 
[2021-02-04 12:31:34] [DEBUG] [COMMIT-MGR] [uploader]: NEW BLOCK: 66390 
[2021-02-04 12:31:35] [DEBUG] [COMMIT-MGR] [uploader]: NEW BLOCK: 66391 
[2021-02-04 12:31:36] [DEBUG] [COMMIT-MGR] [uploader]: NEW BLOCK: 66392 
[2021-02-04 12:31:37] [DEBUG] [COMMIT-MGR] [uploader]: NEW BLOCK: 66393 
[2021-02-04 12:31:38] [DEBUG] [COMMIT-MGR] [uploader]: NEW BLOCK: 66394 
[2021-02-04 12:31:39] [DEBUG] [COMMIT-MGR] [uploader]: NEW BLOCK: 66395 
[2021-02-04 12:31:40] [DEBUG] [COMMIT-MGR] [uploader]: NEW BLOCK: 66396 
[2021-02-04 12:31:41] [DEBUG] [COMMIT-MGR] [uploader]: NEW BLOCK: 66397 
[2021-02-04 12:31:42] [DEBUG] [COMMIT-MGR] [uploader]: NEW BLOCK: 66398 
[2021-02-04 12:31:43] [DEBUG] [COMMIT-MGR] [uploader]: NEW BLOCK: 66399 
[2021-02-04 12:31:44] [DEBUG] [COMMIT-MGR] [uploader]: NEW BLOCK: 66400 
[2021-02-04 12:31:45] [DEBUG] [COMMIT-MGR] [uploader]: NEW BLOCK: 66401 
[2021-02-04 12:31:46] [DEBUG] [COMMIT-MGR] [uploader]: NEW BLOCK: 66402 
[2021-02-04 12:31:47] [DEBUG] [COMMIT-MGR] [uploader]: NEW BLOCK: 66403 
[2021-02-04 12:31:48] [DEBUG] [COMMIT-MGR] [uploader]: NEW BLOCK: 66404 
[2021-02-04 12:31:49] [DEBUG] [COMMIT-MGR] [uploader]: NEW BLOCK: 66405 
[2021-02-04 12:31:50] [DEBUG] [COMMIT-MGR] [uploader]: NEW BLOCK: 66406 
[2021-02-04 12:31:51] [DEBUG] [COMMIT-MGR] [uploader]: NEW BLOCK: 66407 
[2021-02-04 12:31:52] [DEBUG] [COMMIT-MGR] [uploader]: NEW BLOCK: 66408 
[2021-02-04 12:31:53] [DEBUG] [COMMIT-MGR] [uploader]: NEW BLOCK: 66409 
[2021-02-04 12:31:54] [DEBUG] [COMMIT-MGR] [uploader]: NEW BLOCK: 66410 
[2021-02-04 12:31:55] [DEBUG] [COMMIT-MGR] [uploader]: NEW BLOCK: 66411 
[2021-02-04 12:31:56] [DEBUG] [COMMIT-MGR] [uploader]: NEW BLOCK: 66412 
[2021-02-04 12:31:57] [DEBUG] [COMMIT-MGR] [uploader]: NEW BLOCK: 66413 
[2021-02-04 12:31:58] [DEBUG] [COMMIT-MGR] [uploader]: NEW BLOCK: 66414 
[2021-02-04 12:31:59] [DEBUG] [COMMIT-MGR] [uploader]: NEW BLOCK: 66415 
[2021-02-04 12:32:00] [DEBUG] [COMMIT-MGR] [uploader]: NEW BLOCK: 66416 
[2021-02-04 12:32:01] [DEBUG] [COMMIT-MGR] [uploader]: NEW BLOCK: 66417 
[2021-02-04 12:32:02] [DEBUG] [COMMIT-MGR] [uploader]: NEW BLOCK: 66418 
[2021-02-04 12:32:03] [DEBUG] [COMMIT-MGR] [uploader]: NEW BLOCK: 66419 
[2021-02-04 12:32:04] [DEBUG] [COMMIT-MGR] [uploader]: NEW BLOCK: 66420 
[2021-02-04 12:32:05] [DEBUG] [COMMIT-MGR] [uploader]: NEW BLOCK: 66421 
[2021-02-04 12:32:06] [DEBUG] [COMMIT-MGR] [uploader]: NEW BLOCK: 66422 
[2021-02-04 12:32:07] [DEBUG] [COMMIT-MGR] [uploader]: NEW BLOCK: 66423 
[2021-02-04 12:32:08] [DEBUG] [COMMIT-MGR] [uploader]: NEW BLOCK: 66424 
[2021-02-04 12:32:09] [DEBUG] [COMMIT-MGR] [uploader]: NEW BLOCK: 66425 
[2021-02-04 12:32:10] [DEBUG] [COMMIT-MGR] [uploader]: NEW BLOCK: 66426 
[2021-02-04 12:32:11] [DEBUG] [COMMIT-MGR] [uploader]: NEW BLOCK: 66427 
[2021-02-04 12:32:12] [DEBUG] [COMMIT-MGR] [uploader]: NEW BLOCK: 66428 
[2021-02-04 12:32:13] [DEBUG] [COMMIT-MGR] [uploader]: NEW BLOCK: 66429 
[2021-02-04 12:32:14] [DEBUG] [COMMIT-MGR] [uploader]: NEW BLOCK: 66430 
[2021-02-04 12:32:15] [DEBUG] [COMMIT-MGR] [uploader]: NEW BLOCK: 66431 
[2021-02-04 12:32:16] [DEBUG] [COMMIT-MGR] [uploader]: NEW BLOCK: 66432 
[2021-02-04 12:32:17] [DEBUG] [COMMIT-MGR] [uploader]: NEW BLOCK: 66433 
[2021-02-04 12:32:18] [DEBUG] [COMMIT-MGR] [uploader]: NEW BLOCK: 66434 
[2021-02-04 12:32:19] [DEBUG] [COMMIT-MGR] [uploader]: NEW BLOCK: 66435 
[2021-02-04 12:32:20] [DEBUG] [COMMIT-MGR] [uploader]: NEW BLOCK: 66436 
[2021-02-04 12:32:21] [DEBUG] [COMMIT-MGR] [uploader]: NEW BLOCK: 66437 
[2021-02-04 12:32:22] [DEBUG] [COMMIT-MGR] [uploader]: NEW BLOCK: 66438 
[2021-02-04 12:32:23] [DEBUG] [COMMIT-MGR] [uploader]: NEW BLOCK: 66439 
[2021-02-04 12:32:24] [DEBUG] [COMMIT-MGR] [uploader]: NEW BLOCK: 66440 
[2021-02-04 12:32:25] [DEBUG] [COMMIT-MGR] [uploader]: NEW BLOCK: 66441 
[2021-02-04 12:32:26] [DEBUG] [COMMIT-MGR] [uploader]: NEW BLOCK: 66442 
[2021-02-04 12:32:27] [DEBUG] [COMMIT-MGR] [uploader]: NEW BLOCK: 66443 
[2021-02-04 12:32:28] [DEBUG] [COMMIT-MGR] [uploader]: NEW BLOCK: 66444 
[2021-02-04 12:32:29] [DEBUG] [COMMIT-MGR] [uploader]: NEW BLOCK: 66445 
[2021-02-04 12:32:30] [DEBUG] [COMMIT-MGR] [uploader]: NEW BLOCK: 66446 
[2021-02-04 12:32:31] [DEBUG] [COMMIT-MGR] [uploader]: NEW BLOCK: 66447 
[2021-02-04 12:32:32] [DEBUG] [COMMIT-MGR] [uploader]: NEW BLOCK: 66448 
[2021-02-04 12:32:33] [DEBUG] [COMMIT-MGR] [uploader]: NEW BLOCK: 66449 
[2021-02-04 12:32:34] [DEBUG] [COMMIT-MGR] [uploader]: NEW BLOCK: 66450 
[2021-02-04 12:32:35] [DEBUG] [COMMIT-MGR] [uploader]: NEW BLOCK: 66451 
[2021-02-04 12:32:36] [DEBUG] [COMMIT-MGR] [uploader]: NEW BLOCK: 66452 
[2021-02-04 12:32:37] [DEBUG] [COMMIT-MGR] [uploader]: NEW BLOCK: 66453 
[2021-02-04 12:32:38] [DEBUG] [COMMIT-MGR] [uploader]: NEW BLOCK: 66454 
[2021-02-04 12:32:39] [DEBUG] [COMMIT-MGR] [uploader]: NEW BLOCK: 66455 
[2021-02-04 12:32:40] [DEBUG] [COMMIT-MGR] [uploader]: NEW BLOCK: 66456 
[2021-02-04 12:32:41] [DEBUG] [COMMIT-MGR] [uploader]: NEW BLOCK: 66457 
[2021-02-04 12:32:42] [DEBUG] [COMMIT-MGR] [uploader]: NEW BLOCK: 66458 
[2021-02-04 12:32:43] [DEBUG] [COMMIT-MGR] [uploader]: NEW BLOCK: 66459 
[2021-02-04 12:32:44] [DEBUG] [COMMIT-MGR] [uploader]: NEW BLOCK: 66460 
[2021-02-04 12:32:45] [DEBUG] [COMMIT-MGR] [uploader]: NEW BLOCK: 66461 
[2021-02-04 12:32:46] [DEBUG] [COMMIT-MGR] [uploader]: NEW BLOCK: 66462 
[2021-02-04 12:32:47] [DEBUG] [COMMIT-MGR] [uploader]: NEW BLOCK: 66463 
[2021-02-04 12:32:48] [DEBUG] [COMMIT-MGR] [uploader]: NEW BLOCK: 66464 
[2021-02-04 12:32:49] [DEBUG] [COMMIT-MGR] [uploader]: NEW BLOCK: 66465 
[2021-02-04 12:32:50] [DEBUG] [COMMIT-MGR] [uploader]: NEW BLOCK: 66466 
[2021-02-04 12:32:51] [DEBUG] [COMMIT-MGR] [uploader]: NEW BLOCK: 66467 
[2021-02-04 12:32:52] [DEBUG] [COMMIT-MGR] [uploader]: NEW BLOCK: 66468 
[2021-02-04 12:32:53] [DEBUG] [COMMIT-MGR] [uploader]: NEW BLOCK: 66469 
[2021-02-04 12:32:54] [DEBUG] [COMMIT-MGR] [uploader]: NEW BLOCK: 66470 
[2021-02-04 12:32:55] [DEBUG] [COMMIT-MGR] [uploader]: NEW BLOCK: 66471 
[2021-02-04 12:32:56] [DEBUG] [COMMIT-MGR] [uploader]: NEW BLOCK: 66472 
[2021-02-04 12:32:57] [DEBUG] [COMMIT-MGR] [uploader]: NEW BLOCK: 66473 
[2021-02-04 12:32:58] [DEBUG] [COMMIT-MGR] [uploader]: NEW BLOCK: 66474 
[2021-02-04 12:32:59] [DEBUG] [COMMIT-MGR] [uploader]: NEW BLOCK: 66475 
[2021-02-04 12:33:00] [DEBUG] [COMMIT-MGR] [uploader]: NEW BLOCK: 66476 
[2021-02-04 12:33:01] [DEBUG] [COMMIT-MGR] [uploader]: NEW BLOCK: 66477 
[2021-02-04 12:33:02] [DEBUG] [COMMIT-MGR] [uploader]: NEW BLOCK: 66478 
[2021-02-04 12:33:03] [DEBUG] [COMMIT-MGR] [uploader]: NEW BLOCK: 66479 
[2021-02-04 12:33:04] [DEBUG] [COMMIT-MGR] [uploader]: NEW BLOCK: 66480 
[2021-02-04 12:33:05] [DEBUG] [COMMIT-MGR] [uploader]: NEW BLOCK: 66481 
[2021-02-04 12:33:06] [DEBUG] [COMMIT-MGR] [uploader]: NEW BLOCK: 66482 
[2021-02-04 12:33:07] [DEBUG] [COMMIT-MGR] [uploader]: NEW BLOCK: 66483 
[2021-02-04 12:33:08] [DEBUG] [COMMIT-MGR] [uploader]: NEW BLOCK: 66484 
[2021-02-04 12:33:09] [DEBUG] [COMMIT-MGR] [uploader]: NEW BLOCK: 66485 
[2021-02-04 12:33:10] [DEBUG] [COMMIT-MGR] [uploader]: NEW BLOCK: 66486 
[2021-02-04 12:33:11] [DEBUG] [COMMIT-MGR] [uploader]: NEW BLOCK: 66487 
[2021-02-04 12:33:12] [DEBUG] [COMMIT-MGR] [uploader]: NEW BLOCK: 66488 
[2021-02-04 12:33:13] [DEBUG] [COMMIT-MGR] [uploader]: NEW BLOCK: 66489 
[2021-02-04 12:33:14] [DEBUG] [COMMIT-MGR] [uploader]: NEW BLOCK: 66490 
[2021-02-04 12:33:15] [DEBUG] [COMMIT-MGR] [uploader]: NEW BLOCK: 66491 
[2021-02-04 12:33:16] [DEBUG] [COMMIT-MGR] [uploader]: NEW BLOCK: 66492 
[2021-02-04 12:33:17] [DEBUG] [COMMIT-MGR] [uploader]: NEW BLOCK: 66493 
[2021-02-04 12:33:18] [DEBUG] [COMMIT-MGR] [uploader]: NEW BLOCK: 66494 
[2021-02-04 12:33:19] [DEBUG] [COMMIT-MGR] [uploader]: NEW BLOCK: 66495 
[2021-02-04 12:33:20] [DEBUG] [COMMIT-MGR] [uploader]: NEW BLOCK: 66496 
[2021-02-04 12:33:21] [DEBUG] [COMMIT-MGR] [uploader]: NEW BLOCK: 66497 
[2021-02-04 12:33:22] [DEBUG] [COMMIT-MGR] [uploader]: NEW BLOCK: 66498 
[2021-02-04 12:33:23] [DEBUG] [COMMIT-MGR] [uploader]: NEW BLOCK: 66499 
[2021-02-04 12:33:24] [DEBUG] [COMMIT-MGR] [uploader]: NEW BLOCK: 66500 
[2021-02-04 12:33:25] [DEBUG] [COMMIT-MGR] [uploader]: NEW BLOCK: 66501 
[2021-02-04 12:33:26] [DEBUG] [COMMIT-MGR] [uploader]: NEW BLOCK: 66502 
[2021-02-04 12:33:27] [DEBUG] [COMMIT-MGR] [uploader]: NEW BLOCK: 66503 
[2021-02-04 12:33:28] [DEBUG] [COMMIT-MGR] [uploader]: NEW BLOCK: 66504 
[2021-02-04 12:33:29] [DEBUG] [COMMIT-MGR] [uploader]: NEW BLOCK: 66505 
[2021-02-04 12:33:30] [DEBUG] [COMMIT-MGR] [uploader]: NEW BLOCK: 66506 
[2021-02-04 12:33:31] [DEBUG] [COMMIT-MGR] [uploader]: NEW BLOCK: 66507 
[2021-02-04 12:33:32] [DEBUG] [COMMIT-MGR] [uploader]: NEW BLOCK: 66508 
[2021-02-04 12:33:33] [DEBUG] [COMMIT-MGR] [uploader]: NEW BLOCK: 66509 
[2021-02-04 12:33:34] [DEBUG] [COMMIT-MGR] [uploader]: NEW BLOCK: 66510 
[2021-02-04 12:33:35] [DEBUG] [COMMIT-MGR] [uploader]: NEW BLOCK: 66511 
[2021-02-04 12:33:36] [DEBUG] [COMMIT-MGR] [uploader]: NEW BLOCK: 66512 
[2021-02-04 12:33:37] [DEBUG] [COMMIT-MGR] [uploader]: NEW BLOCK: 66513 
[2021-02-04 12:33:38] [DEBUG] [COMMIT-MGR] [uploader]: NEW BLOCK: 66514 
[2021-02-04 12:33:39] [DEBUG] [COMMIT-MGR] [uploader]: NEW BLOCK: 66515 
[2021-02-04 12:33:40] [DEBUG] [COMMIT-MGR] [uploader]: NEW BLOCK: 66516 
[2021-02-04 12:33:41] [DEBUG] [COMMIT-MGR] [uploader]: NEW BLOCK: 66517 
[2021-02-04 12:33:42] [DEBUG] [COMMIT-MGR] [uploader]: NEW BLOCK: 66518 
[2021-02-04 12:33:43] [DEBUG] [COMMIT-MGR] [uploader]: NEW BLOCK: 66519 
[2021-02-04 12:33:44] [DEBUG] [COMMIT-MGR] [uploader]: NEW BLOCK: 66520 
[2021-02-04 12:33:44] [HTTP] [COMMIT-MGR] [uploader]: OPTIONS /status 204 0ms [] {"req":{"url":"/status","headers":{"connection":"close","x-forwarded-for":"192.168.0.5","host":"api.baseline.test","accept":"*/*","access-control-request-method":"GET","access-control-request-headers":"content-type","origin":"http://dashboard.baseline.test","user-agent":"Mozilla/5.0 (X11; Linux x86_64) AppleWebKit/537.36 (KHTML, like Gecko) Chrome/88.0.4324.96 Safari/537.36","sec-fetch-mode":"cors","referer":"http://dashboard.baseline.test/","accept-encoding":"gzip, deflate","accept-language":"en-US,en;q=0.9"},"method":"OPTIONS","httpVersion":"1.1","originalUrl":"/status","query":{}},"res":{"statusCode":204},"responseTime":0}
[2021-02-04 12:33:44] [HTTP] [COMMIT-MGR] [uploader]: GET /network-mode 304 1ms [] {"req":{"url":"/network-mode","headers":{"connection":"close","x-forwarded-for":"192.168.0.5","host":"api.baseline.test","user-agent":"Mozilla/5.0 (X11; Linux x86_64) AppleWebKit/537.36 (KHTML, like Gecko) Chrome/88.0.4324.96 Safari/537.36","accept":"*/*","sec-gpc":"1","origin":"http://dashboard.baseline.test","referer":"http://dashboard.baseline.test/","accept-encoding":"gzip, deflate","accept-language":"en-US,en;q=0.9","if-none-match":"W/\"6-sShdS0ORTMmYD/ZdP1QDHQ+QjnI\""},"method":"GET","httpVersion":"1.1","originalUrl":"/network-mode","query":{}},"res":{"statusCode":304},"responseTime":1}
[2021-02-04 12:33:44] [HTTP] [COMMIT-MGR] [uploader]: GET /status 304 1ms [] {"req":{"url":"/status","headers":{"connection":"close","x-forwarded-for":"192.168.0.5","host":"api.baseline.test","user-agent":"Mozilla/5.0 (X11; Linux x86_64) AppleWebKit/537.36 (KHTML, like Gecko) Chrome/88.0.4324.96 Safari/537.36","content-type":"application/text","accept":"*/*","sec-gpc":"1","origin":"http://dashboard.baseline.test","referer":"http://dashboard.baseline.test/","accept-encoding":"gzip, deflate","accept-language":"en-US,en;q=0.9","if-none-match":"W/\"2-nOO9QiTIwXgNtWtBJezz8kv3SLc\""},"method":"GET","httpVersion":"1.1","originalUrl":"/status","query":{}},"res":{"statusCode":304},"responseTime":1}
[2021-02-04 12:33:45] [DEBUG] [COMMIT-MGR] [uploader]: NEW BLOCK: 66521 
[2021-02-04 12:33:46] [DEBUG] [COMMIT-MGR] [uploader]: NEW BLOCK: 66522 
[2021-02-04 12:33:47] [DEBUG] [COMMIT-MGR] [uploader]: NEW BLOCK: 66523 
[2021-02-04 12:33:48] [DEBUG] [COMMIT-MGR] [uploader]: NEW BLOCK: 66524 
[2021-02-04 12:33:49] [DEBUG] [COMMIT-MGR] [uploader]: NEW BLOCK: 66525 
[2021-02-04 12:33:50] [DEBUG] [COMMIT-MGR] [uploader]: NEW BLOCK: 66526 
[2021-02-04 12:33:51] [DEBUG] [COMMIT-MGR] [uploader]: NEW BLOCK: 66527 
[2021-02-04 12:33:52] [DEBUG] [COMMIT-MGR] [uploader]: NEW BLOCK: 66528 
[2021-02-04 12:33:53] [DEBUG] [COMMIT-MGR] [uploader]: NEW BLOCK: 66529 
[2021-02-04 12:33:54] [DEBUG] [COMMIT-MGR] [uploader]: NEW BLOCK: 66530 
[2021-02-04 12:33:55] [DEBUG] [COMMIT-MGR] [uploader]: NEW BLOCK: 66531 
[2021-02-04 12:33:56] [DEBUG] [COMMIT-MGR] [uploader]: NEW BLOCK: 66532 
[2021-02-04 12:33:57] [DEBUG] [COMMIT-MGR] [uploader]: NEW BLOCK: 66533 
[2021-02-04 12:33:58] [DEBUG] [COMMIT-MGR] [uploader]: NEW BLOCK: 66534 
[2021-02-04 12:33:59] [DEBUG] [COMMIT-MGR] [uploader]: NEW BLOCK: 66535 
[2021-02-04 12:34:00] [DEBUG] [COMMIT-MGR] [uploader]: NEW BLOCK: 66536 
[2021-02-04 12:34:01] [DEBUG] [COMMIT-MGR] [uploader]: NEW BLOCK: 66537 
[2021-02-04 12:34:02] [DEBUG] [COMMIT-MGR] [uploader]: NEW BLOCK: 66538 
[2021-02-04 12:34:03] [DEBUG] [COMMIT-MGR] [uploader]: NEW BLOCK: 66539 
[2021-02-04 12:34:04] [DEBUG] [COMMIT-MGR] [uploader]: NEW BLOCK: 66540 
[2021-02-04 12:34:05] [DEBUG] [COMMIT-MGR] [uploader]: NEW BLOCK: 66541 
[2021-02-04 12:34:06] [DEBUG] [COMMIT-MGR] [uploader]: NEW BLOCK: 66542 
[2021-02-04 12:34:07] [DEBUG] [COMMIT-MGR] [uploader]: NEW BLOCK: 66543 
[2021-02-04 12:34:08] [DEBUG] [COMMIT-MGR] [uploader]: NEW BLOCK: 66544 
[2021-02-04 12:34:09] [DEBUG] [COMMIT-MGR] [uploader]: NEW BLOCK: 66545 
[2021-02-04 12:34:10] [DEBUG] [COMMIT-MGR] [uploader]: NEW BLOCK: 66546 
[2021-02-04 12:34:11] [DEBUG] [COMMIT-MGR] [uploader]: NEW BLOCK: 66547 
[2021-02-04 12:34:12] [DEBUG] [COMMIT-MGR] [uploader]: NEW BLOCK: 66548 
[2021-02-04 12:34:13] [DEBUG] [COMMIT-MGR] [uploader]: NEW BLOCK: 66549 
[2021-02-04 12:34:14] [DEBUG] [COMMIT-MGR] [uploader]: NEW BLOCK: 66550 
[2021-02-04 12:34:15] [DEBUG] [COMMIT-MGR] [uploader]: NEW BLOCK: 66551 
[2021-02-04 12:34:16] [DEBUG] [COMMIT-MGR] [uploader]: NEW BLOCK: 66552 
[2021-02-04 12:34:17] [DEBUG] [COMMIT-MGR] [uploader]: NEW BLOCK: 66553 
[2021-02-04 12:34:18] [DEBUG] [COMMIT-MGR] [uploader]: NEW BLOCK: 66554 
[2021-02-04 12:34:19] [DEBUG] [COMMIT-MGR] [uploader]: NEW BLOCK: 66555 
[2021-02-04 12:34:20] [DEBUG] [COMMIT-MGR] [uploader]: NEW BLOCK: 66556 
[2021-02-04 12:34:21] [DEBUG] [COMMIT-MGR] [uploader]: NEW BLOCK: 66557 
[2021-02-04 12:34:22] [DEBUG] [COMMIT-MGR] [uploader]: NEW BLOCK: 66558 
[2021-02-04 12:34:23] [DEBUG] [COMMIT-MGR] [uploader]: NEW BLOCK: 66559 
[2021-02-04 12:34:24] [DEBUG] [COMMIT-MGR] [uploader]: NEW BLOCK: 66560 
[2021-02-04 12:34:25] [DEBUG] [COMMIT-MGR] [uploader]: NEW BLOCK: 66561 
[2021-02-04 12:34:26] [DEBUG] [COMMIT-MGR] [uploader]: NEW BLOCK: 66562 
[2021-02-04 12:34:27] [DEBUG] [COMMIT-MGR] [uploader]: NEW BLOCK: 66563 
[2021-02-04 12:34:28] [DEBUG] [COMMIT-MGR] [uploader]: NEW BLOCK: 66564 
[2021-02-04 12:34:29] [DEBUG] [COMMIT-MGR] [uploader]: NEW BLOCK: 66565 
[2021-02-04 12:34:30] [DEBUG] [COMMIT-MGR] [uploader]: NEW BLOCK: 66566 
[2021-02-04 12:34:31] [DEBUG] [COMMIT-MGR] [uploader]: NEW BLOCK: 66567 
[2021-02-04 12:34:32] [DEBUG] [COMMIT-MGR] [uploader]: NEW BLOCK: 66568 
[2021-02-04 12:34:33] [DEBUG] [COMMIT-MGR] [uploader]: NEW BLOCK: 66569 
[2021-02-04 12:34:34] [DEBUG] [COMMIT-MGR] [uploader]: NEW BLOCK: 66570 
[2021-02-04 12:34:35] [DEBUG] [COMMIT-MGR] [uploader]: NEW BLOCK: 66571 
[2021-02-04 12:34:36] [DEBUG] [COMMIT-MGR] [uploader]: NEW BLOCK: 66572 
[2021-02-04 12:34:37] [DEBUG] [COMMIT-MGR] [uploader]: NEW BLOCK: 66573 
[2021-02-04 12:34:38] [DEBUG] [COMMIT-MGR] [uploader]: NEW BLOCK: 66574 
[2021-02-04 12:34:39] [DEBUG] [COMMIT-MGR] [uploader]: NEW BLOCK: 66575 
[2021-02-04 12:34:40] [DEBUG] [COMMIT-MGR] [uploader]: NEW BLOCK: 66576 
[2021-02-04 12:34:41] [DEBUG] [COMMIT-MGR] [uploader]: NEW BLOCK: 66577 
[2021-02-04 12:34:42] [DEBUG] [COMMIT-MGR] [uploader]: NEW BLOCK: 66578 
[2021-02-04 12:34:43] [DEBUG] [COMMIT-MGR] [uploader]: NEW BLOCK: 66579 
[2021-02-04 12:34:44] [DEBUG] [COMMIT-MGR] [uploader]: NEW BLOCK: 66580 
[2021-02-04 12:34:45] [DEBUG] [COMMIT-MGR] [uploader]: NEW BLOCK: 66581 
[2021-02-04 12:34:46] [DEBUG] [COMMIT-MGR] [uploader]: NEW BLOCK: 66582 
[2021-02-04 12:34:47] [DEBUG] [COMMIT-MGR] [uploader]: NEW BLOCK: 66583 
[2021-02-04 12:34:48] [DEBUG] [COMMIT-MGR] [uploader]: NEW BLOCK: 66584 
[2021-02-04 12:34:49] [DEBUG] [COMMIT-MGR] [uploader]: NEW BLOCK: 66585 
[2021-02-04 12:34:50] [DEBUG] [COMMIT-MGR] [uploader]: NEW BLOCK: 66586 
[2021-02-04 12:34:51] [DEBUG] [COMMIT-MGR] [uploader]: NEW BLOCK: 66587 
[2021-02-04 12:34:52] [DEBUG] [COMMIT-MGR] [uploader]: NEW BLOCK: 66588 
[2021-02-04 12:34:53] [DEBUG] [COMMIT-MGR] [uploader]: NEW BLOCK: 66589 
[2021-02-04 12:34:54] [DEBUG] [COMMIT-MGR] [uploader]: NEW BLOCK: 66590 
[2021-02-04 12:34:55] [DEBUG] [COMMIT-MGR] [uploader]: NEW BLOCK: 66591 
[2021-02-04 12:34:56] [DEBUG] [COMMIT-MGR] [uploader]: NEW BLOCK: 66592 
[2021-02-04 12:34:57] [DEBUG] [COMMIT-MGR] [uploader]: NEW BLOCK: 66593 
[2021-02-04 12:34:58] [DEBUG] [COMMIT-MGR] [uploader]: NEW BLOCK: 66594 
[2021-02-04 12:34:59] [DEBUG] [COMMIT-MGR] [uploader]: NEW BLOCK: 66595 
[2021-02-04 12:35:00] [DEBUG] [COMMIT-MGR] [uploader]: NEW BLOCK: 66596 
[2021-02-04 12:35:01] [DEBUG] [COMMIT-MGR] [uploader]: NEW BLOCK: 66597 
[2021-02-04 12:35:02] [DEBUG] [COMMIT-MGR] [uploader]: NEW BLOCK: 66598 
[2021-02-04 12:35:03] [DEBUG] [COMMIT-MGR] [uploader]: NEW BLOCK: 66599 
[2021-02-04 12:35:04] [DEBUG] [COMMIT-MGR] [uploader]: NEW BLOCK: 66600 
[2021-02-04 12:35:05] [DEBUG] [COMMIT-MGR] [uploader]: NEW BLOCK: 66601 
[2021-02-04 12:35:06] [DEBUG] [COMMIT-MGR] [uploader]: NEW BLOCK: 66602 
[2021-02-04 12:35:07] [DEBUG] [COMMIT-MGR] [uploader]: NEW BLOCK: 66603 
[2021-02-04 12:35:08] [DEBUG] [COMMIT-MGR] [uploader]: NEW BLOCK: 66604 
[2021-02-04 12:35:09] [DEBUG] [COMMIT-MGR] [uploader]: NEW BLOCK: 66605 
[2021-02-04 12:35:10] [DEBUG] [COMMIT-MGR] [uploader]: NEW BLOCK: 66606 
[2021-02-04 12:35:11] [DEBUG] [COMMIT-MGR] [uploader]: NEW BLOCK: 66607 
[2021-02-04 12:35:12] [DEBUG] [COMMIT-MGR] [uploader]: NEW BLOCK: 66608 
[2021-02-04 12:35:13] [DEBUG] [COMMIT-MGR] [uploader]: NEW BLOCK: 66609 
[2021-02-04 12:35:14] [DEBUG] [COMMIT-MGR] [uploader]: NEW BLOCK: 66610 
[2021-02-04 12:35:15] [DEBUG] [COMMIT-MGR] [uploader]: NEW BLOCK: 66611 
[2021-02-04 12:35:16] [DEBUG] [COMMIT-MGR] [uploader]: NEW BLOCK: 66612 
[2021-02-04 12:35:17] [DEBUG] [COMMIT-MGR] [uploader]: NEW BLOCK: 66613 
[2021-02-04 12:35:18] [DEBUG] [COMMIT-MGR] [uploader]: NEW BLOCK: 66614 
[2021-02-04 12:35:19] [DEBUG] [COMMIT-MGR] [uploader]: NEW BLOCK: 66615 
[2021-02-04 12:35:20] [DEBUG] [COMMIT-MGR] [uploader]: NEW BLOCK: 66616 
[2021-02-04 12:35:21] [DEBUG] [COMMIT-MGR] [uploader]: NEW BLOCK: 66617 
[2021-02-04 12:35:22] [DEBUG] [COMMIT-MGR] [uploader]: NEW BLOCK: 66618 
[2021-02-04 12:35:23] [DEBUG] [COMMIT-MGR] [uploader]: NEW BLOCK: 66619 
[2021-02-04 12:35:24] [DEBUG] [COMMIT-MGR] [uploader]: NEW BLOCK: 66620 
[2021-02-04 12:35:25] [DEBUG] [COMMIT-MGR] [uploader]: NEW BLOCK: 66621 
[2021-02-04 12:35:26] [DEBUG] [COMMIT-MGR] [uploader]: NEW BLOCK: 66622 
[2021-02-04 12:35:27] [DEBUG] [COMMIT-MGR] [uploader]: NEW BLOCK: 66623 
[2021-02-04 12:35:28] [DEBUG] [COMMIT-MGR] [uploader]: NEW BLOCK: 66624 
[2021-02-04 12:35:29] [DEBUG] [COMMIT-MGR] [uploader]: NEW BLOCK: 66625 
[2021-02-04 12:35:30] [DEBUG] [COMMIT-MGR] [uploader]: NEW BLOCK: 66626 
[2021-02-04 12:35:31] [DEBUG] [COMMIT-MGR] [uploader]: NEW BLOCK: 66627 
[2021-02-04 12:35:32] [DEBUG] [COMMIT-MGR] [uploader]: NEW BLOCK: 66628 
[2021-02-04 12:35:33] [DEBUG] [COMMIT-MGR] [uploader]: NEW BLOCK: 66629 
[2021-02-04 12:35:34] [DEBUG] [COMMIT-MGR] [uploader]: NEW BLOCK: 66630 
[2021-02-04 12:35:35] [DEBUG] [COMMIT-MGR] [uploader]: NEW BLOCK: 66631 
[2021-02-04 12:35:36] [DEBUG] [COMMIT-MGR] [uploader]: NEW BLOCK: 66632 
[2021-02-04 12:35:37] [DEBUG] [COMMIT-MGR] [uploader]: NEW BLOCK: 66633 
[2021-02-04 12:35:38] [DEBUG] [COMMIT-MGR] [uploader]: NEW BLOCK: 66634 
[2021-02-04 12:35:39] [DEBUG] [COMMIT-MGR] [uploader]: NEW BLOCK: 66635 
[2021-02-04 12:35:40] [DEBUG] [COMMIT-MGR] [uploader]: NEW BLOCK: 66636 
[2021-02-04 12:35:41] [DEBUG] [COMMIT-MGR] [uploader]: NEW BLOCK: 66637 
[2021-02-04 12:35:42] [DEBUG] [COMMIT-MGR] [uploader]: NEW BLOCK: 66638 
[2021-02-04 12:35:43] [DEBUG] [COMMIT-MGR] [uploader]: NEW BLOCK: 66639 
[2021-02-04 12:35:44] [DEBUG] [COMMIT-MGR] [uploader]: NEW BLOCK: 66640 
[2021-02-04 12:35:45] [DEBUG] [COMMIT-MGR] [uploader]: NEW BLOCK: 66641 
[2021-02-04 12:35:46] [DEBUG] [COMMIT-MGR] [uploader]: NEW BLOCK: 66642 
[2021-02-04 12:35:47] [DEBUG] [COMMIT-MGR] [uploader]: NEW BLOCK: 66643 
[2021-02-04 12:35:48] [DEBUG] [COMMIT-MGR] [uploader]: NEW BLOCK: 66644 
[2021-02-04 12:35:49] [DEBUG] [COMMIT-MGR] [uploader]: NEW BLOCK: 66645 
[2021-02-04 12:35:50] [DEBUG] [COMMIT-MGR] [uploader]: NEW BLOCK: 66646 
[2021-02-04 12:35:51] [DEBUG] [COMMIT-MGR] [uploader]: NEW BLOCK: 66647 
[2021-02-04 12:35:52] [DEBUG] [COMMIT-MGR] [uploader]: NEW BLOCK: 66648 
[2021-02-04 12:35:53] [DEBUG] [COMMIT-MGR] [uploader]: NEW BLOCK: 66649 
[2021-02-04 12:35:54] [DEBUG] [COMMIT-MGR] [uploader]: NEW BLOCK: 66650 
[2021-02-04 12:35:55] [DEBUG] [COMMIT-MGR] [uploader]: NEW BLOCK: 66651 
[2021-02-04 12:35:56] [DEBUG] [COMMIT-MGR] [uploader]: NEW BLOCK: 66652 
[2021-02-04 12:35:57] [DEBUG] [COMMIT-MGR] [uploader]: NEW BLOCK: 66653 
[2021-02-04 12:35:58] [DEBUG] [COMMIT-MGR] [uploader]: NEW BLOCK: 66654 
[2021-02-04 12:35:59] [DEBUG] [COMMIT-MGR] [uploader]: NEW BLOCK: 66655 
[2021-02-04 12:36:00] [DEBUG] [COMMIT-MGR] [uploader]: NEW BLOCK: 66656 
[2021-02-04 12:36:01] [DEBUG] [COMMIT-MGR] [uploader]: NEW BLOCK: 66657 
[2021-02-04 12:36:02] [DEBUG] [COMMIT-MGR] [uploader]: NEW BLOCK: 66658 
[2021-02-04 12:36:03] [DEBUG] [COMMIT-MGR] [uploader]: NEW BLOCK: 66659 
[2021-02-04 12:36:03] [HTTP] [COMMIT-MGR] [uploader]: OPTIONS /status 204 0ms [] {"req":{"url":"/status","headers":{"connection":"close","x-forwarded-for":"192.168.0.5","host":"api.baseline.test","accept":"*/*","access-control-request-method":"GET","access-control-request-headers":"content-type","origin":"http://dashboard.baseline.test","user-agent":"Mozilla/5.0 (X11; Linux x86_64) AppleWebKit/537.36 (KHTML, like Gecko) Chrome/88.0.4324.96 Safari/537.36","sec-fetch-mode":"cors","referer":"http://dashboard.baseline.test/","accept-encoding":"gzip, deflate","accept-language":"en-US,en;q=0.9"},"method":"OPTIONS","httpVersion":"1.1","originalUrl":"/status","query":{}},"res":{"statusCode":204},"responseTime":0}
[2021-02-04 12:36:03] [HTTP] [COMMIT-MGR] [uploader]: GET /network-mode 304 1ms [] {"req":{"url":"/network-mode","headers":{"connection":"close","x-forwarded-for":"192.168.0.5","host":"api.baseline.test","user-agent":"Mozilla/5.0 (X11; Linux x86_64) AppleWebKit/537.36 (KHTML, like Gecko) Chrome/88.0.4324.96 Safari/537.36","accept":"*/*","sec-gpc":"1","origin":"http://dashboard.baseline.test","referer":"http://dashboard.baseline.test/","accept-encoding":"gzip, deflate","accept-language":"en-US,en;q=0.9","if-none-match":"W/\"6-sShdS0ORTMmYD/ZdP1QDHQ+QjnI\""},"method":"GET","httpVersion":"1.1","originalUrl":"/network-mode","query":{}},"res":{"statusCode":304},"responseTime":1}
[2021-02-04 12:36:03] [HTTP] [COMMIT-MGR] [uploader]: GET /status 304 0ms [] {"req":{"url":"/status","headers":{"connection":"close","x-forwarded-for":"192.168.0.5","host":"api.baseline.test","user-agent":"Mozilla/5.0 (X11; Linux x86_64) AppleWebKit/537.36 (KHTML, like Gecko) Chrome/88.0.4324.96 Safari/537.36","content-type":"application/text","accept":"*/*","sec-gpc":"1","origin":"http://dashboard.baseline.test","referer":"http://dashboard.baseline.test/","accept-encoding":"gzip, deflate","accept-language":"en-US,en;q=0.9","if-none-match":"W/\"2-nOO9QiTIwXgNtWtBJezz8kv3SLc\""},"method":"GET","httpVersion":"1.1","originalUrl":"/status","query":{}},"res":{"statusCode":304},"responseTime":0}
[2021-02-04 12:36:04] [DEBUG] [COMMIT-MGR] [uploader]: NEW BLOCK: 66660 
[2021-02-04 12:36:05] [DEBUG] [COMMIT-MGR] [uploader]: NEW BLOCK: 66661 
[2021-02-04 12:36:06] [DEBUG] [COMMIT-MGR] [uploader]: NEW BLOCK: 66662 
[2021-02-04 12:36:07] [DEBUG] [COMMIT-MGR] [uploader]: NEW BLOCK: 66663 
[2021-02-04 12:36:08] [DEBUG] [COMMIT-MGR] [uploader]: NEW BLOCK: 66664 
[2021-02-04 12:36:09] [DEBUG] [COMMIT-MGR] [uploader]: NEW BLOCK: 66665 
[2021-02-04 12:36:10] [DEBUG] [COMMIT-MGR] [uploader]: NEW BLOCK: 66666 
[2021-02-04 12:36:11] [DEBUG] [COMMIT-MGR] [uploader]: NEW BLOCK: 66667 
[2021-02-04 12:36:12] [DEBUG] [COMMIT-MGR] [uploader]: NEW BLOCK: 66668 
[2021-02-04 12:36:13] [DEBUG] [COMMIT-MGR] [uploader]: NEW BLOCK: 66669 
[2021-02-04 12:36:14] [DEBUG] [COMMIT-MGR] [uploader]: NEW BLOCK: 66670 
[2021-02-04 12:36:15] [DEBUG] [COMMIT-MGR] [uploader]: NEW BLOCK: 66671 
[2021-02-04 12:36:16] [DEBUG] [COMMIT-MGR] [uploader]: NEW BLOCK: 66672 
[2021-02-04 12:36:17] [DEBUG] [COMMIT-MGR] [uploader]: NEW BLOCK: 66673 
[2021-02-04 12:36:18] [DEBUG] [COMMIT-MGR] [uploader]: NEW BLOCK: 66674 
[2021-02-04 12:36:19] [DEBUG] [COMMIT-MGR] [uploader]: NEW BLOCK: 66675 
[2021-02-04 12:36:20] [DEBUG] [COMMIT-MGR] [uploader]: NEW BLOCK: 66676 
[2021-02-04 12:36:21] [DEBUG] [COMMIT-MGR] [uploader]: NEW BLOCK: 66677 
[2021-02-04 12:36:22] [DEBUG] [COMMIT-MGR] [uploader]: NEW BLOCK: 66678 
[2021-02-04 12:36:23] [DEBUG] [COMMIT-MGR] [uploader]: NEW BLOCK: 66679 
[2021-02-04 12:36:24] [DEBUG] [COMMIT-MGR] [uploader]: NEW BLOCK: 66680 
[2021-02-04 12:36:25] [DEBUG] [COMMIT-MGR] [uploader]: NEW BLOCK: 66681 
[2021-02-04 12:36:26] [DEBUG] [COMMIT-MGR] [uploader]: NEW BLOCK: 66682 
[2021-02-04 12:36:27] [DEBUG] [COMMIT-MGR] [uploader]: NEW BLOCK: 66683 
[2021-02-04 12:36:28] [DEBUG] [COMMIT-MGR] [uploader]: NEW BLOCK: 66684 
[2021-02-04 12:36:29] [DEBUG] [COMMIT-MGR] [uploader]: NEW BLOCK: 66685 
[2021-02-04 12:36:30] [DEBUG] [COMMIT-MGR] [uploader]: NEW BLOCK: 66686 
[2021-02-04 12:36:31] [DEBUG] [COMMIT-MGR] [uploader]: NEW BLOCK: 66687 
[2021-02-04 12:36:32] [DEBUG] [COMMIT-MGR] [uploader]: NEW BLOCK: 66688 
[2021-02-04 12:36:33] [DEBUG] [COMMIT-MGR] [uploader]: NEW BLOCK: 66689 
[2021-02-04 12:36:34] [DEBUG] [COMMIT-MGR] [uploader]: NEW BLOCK: 66690 
[2021-02-04 12:36:35] [DEBUG] [COMMIT-MGR] [uploader]: NEW BLOCK: 66691 
[2021-02-04 12:36:36] [DEBUG] [COMMIT-MGR] [uploader]: NEW BLOCK: 66692 
[2021-02-04 12:36:37] [DEBUG] [COMMIT-MGR] [uploader]: NEW BLOCK: 66693 
[2021-02-04 12:36:38] [DEBUG] [COMMIT-MGR] [uploader]: NEW BLOCK: 66694 
[2021-02-04 12:36:39] [DEBUG] [COMMIT-MGR] [uploader]: NEW BLOCK: 66695 
[2021-02-04 12:36:40] [DEBUG] [COMMIT-MGR] [uploader]: NEW BLOCK: 66696 
[2021-02-04 12:36:41] [DEBUG] [COMMIT-MGR] [uploader]: NEW BLOCK: 66697 
[2021-02-04 12:36:42] [DEBUG] [COMMIT-MGR] [uploader]: NEW BLOCK: 66698 
[2021-02-04 12:36:43] [DEBUG] [COMMIT-MGR] [uploader]: NEW BLOCK: 66699 
[2021-02-04 12:36:44] [DEBUG] [COMMIT-MGR] [uploader]: NEW BLOCK: 66700 
[2021-02-04 12:36:45] [DEBUG] [COMMIT-MGR] [uploader]: NEW BLOCK: 66701 
[2021-02-04 12:36:46] [DEBUG] [COMMIT-MGR] [uploader]: NEW BLOCK: 66702 
[2021-02-04 12:36:47] [DEBUG] [COMMIT-MGR] [uploader]: NEW BLOCK: 66703 
[2021-02-04 12:36:48] [DEBUG] [COMMIT-MGR] [uploader]: NEW BLOCK: 66704 
[2021-02-04 12:36:49] [DEBUG] [COMMIT-MGR] [uploader]: NEW BLOCK: 66705 
[2021-02-04 12:36:50] [DEBUG] [COMMIT-MGR] [uploader]: NEW BLOCK: 66706 
[2021-02-04 12:36:51] [DEBUG] [COMMIT-MGR] [uploader]: NEW BLOCK: 66707 
[2021-02-04 12:36:52] [DEBUG] [COMMIT-MGR] [uploader]: NEW BLOCK: 66708 
[2021-02-04 12:36:53] [DEBUG] [COMMIT-MGR] [uploader]: NEW BLOCK: 66709 
[2021-02-04 12:36:54] [DEBUG] [COMMIT-MGR] [uploader]: NEW BLOCK: 66710 
[2021-02-04 12:36:55] [DEBUG] [COMMIT-MGR] [uploader]: NEW BLOCK: 66711 
[2021-02-04 12:36:56] [DEBUG] [COMMIT-MGR] [uploader]: NEW BLOCK: 66712 
[2021-02-04 12:36:57] [DEBUG] [COMMIT-MGR] [uploader]: NEW BLOCK: 66713 
[2021-02-04 12:36:58] [DEBUG] [COMMIT-MGR] [uploader]: NEW BLOCK: 66714 
[2021-02-04 12:36:59] [DEBUG] [COMMIT-MGR] [uploader]: NEW BLOCK: 66715 
[2021-02-04 12:37:00] [DEBUG] [COMMIT-MGR] [uploader]: NEW BLOCK: 66716 
[2021-02-04 12:37:01] [DEBUG] [COMMIT-MGR] [uploader]: NEW BLOCK: 66717 
[2021-02-04 12:37:02] [DEBUG] [COMMIT-MGR] [uploader]: NEW BLOCK: 66718 
[2021-02-04 12:37:03] [DEBUG] [COMMIT-MGR] [uploader]: NEW BLOCK: 66719 
[2021-02-04 12:37:04] [DEBUG] [COMMIT-MGR] [uploader]: NEW BLOCK: 66720 
[2021-02-04 12:37:05] [DEBUG] [COMMIT-MGR] [uploader]: NEW BLOCK: 66721 
[2021-02-04 12:37:06] [DEBUG] [COMMIT-MGR] [uploader]: NEW BLOCK: 66722 
[2021-02-04 12:37:07] [DEBUG] [COMMIT-MGR] [uploader]: NEW BLOCK: 66723 
[2021-02-04 12:37:08] [DEBUG] [COMMIT-MGR] [uploader]: NEW BLOCK: 66724 
[2021-02-04 12:37:09] [DEBUG] [COMMIT-MGR] [uploader]: NEW BLOCK: 66725 
[2021-02-04 12:37:10] [DEBUG] [COMMIT-MGR] [uploader]: NEW BLOCK: 66726 
[2021-02-04 12:37:11] [DEBUG] [COMMIT-MGR] [uploader]: NEW BLOCK: 66727 
[2021-02-04 12:37:11] [HTTP] [COMMIT-MGR] [uploader]: GET /contracts/local 304 15ms [] {"req":{"url":"/contracts/local","headers":{"connection":"close","x-forwarded-for":"192.168.0.5","host":"api.baseline.test","user-agent":"Mozilla/5.0 (X11; Linux x86_64) AppleWebKit/537.36 (KHTML, like Gecko) Chrome/88.0.4324.96 Safari/537.36","accept":"*/*","sec-gpc":"1","origin":"http://dashboard.baseline.test","referer":"http://dashboard.baseline.test/","accept-encoding":"gzip, deflate","accept-language":"en-US,en;q=0.9","if-none-match":"W/\"28f-kPe5K0JhilGDqAj8bKibcSdNJFc\""},"method":"GET","httpVersion":"1.1","originalUrl":"/contracts/local","query":{}},"res":{"statusCode":304},"responseTime":15}
[2021-02-04 12:37:11] [HTTP] [COMMIT-MGR] [uploader]: GET /contracts/goerli 304 17ms [] {"req":{"url":"/contracts/goerli","headers":{"connection":"close","x-forwarded-for":"192.168.0.5","host":"api.baseline.test","user-agent":"Mozilla/5.0 (X11; Linux x86_64) AppleWebKit/537.36 (KHTML, like Gecko) Chrome/88.0.4324.96 Safari/537.36","accept":"*/*","sec-gpc":"1","origin":"http://dashboard.baseline.test","referer":"http://dashboard.baseline.test/","accept-encoding":"gzip, deflate","accept-language":"en-US,en;q=0.9","if-none-match":"W/\"295-juI8kfNco+hJGLngXkTPzybeVxg\""},"method":"GET","httpVersion":"1.1","originalUrl":"/contracts/goerli","query":{}},"res":{"statusCode":304},"responseTime":17}
[2021-02-04 12:37:11] [HTTP] [COMMIT-MGR] [uploader]: GET /getmerkletree/0x4292d66dc701ca35baf9873efd1f908deb0ddad5_0 304 21ms [] {"req":{"url":"/getmerkletree/0x4292d66dc701ca35baf9873efd1f908deb0ddad5_0","headers":{"connection":"close","x-forwarded-for":"192.168.0.5","host":"api.baseline.test","user-agent":"Mozilla/5.0 (X11; Linux x86_64) AppleWebKit/537.36 (KHTML, like Gecko) Chrome/88.0.4324.96 Safari/537.36","accept":"*/*","sec-gpc":"1","origin":"http://dashboard.baseline.test","referer":"http://dashboard.baseline.test/","accept-encoding":"gzip, deflate","accept-language":"en-US,en;q=0.9","if-none-match":"W/\"5c4-5MtpJ1dSzi35pl2VGzsCXZUwhzo\""},"method":"GET","httpVersion":"1.1","originalUrl":"/getmerkletree/0x4292d66dc701ca35baf9873efd1f908deb0ddad5_0","query":{}},"res":{"statusCode":304},"responseTime":21}
[2021-02-04 12:37:11] [HTTP] [COMMIT-MGR] [uploader]: GET /getmerkletree/0x4e68da1d277693d001eaedcfba12c19e71d838ff_0 304 30ms [] {"req":{"url":"/getmerkletree/0x4e68da1d277693d001eaedcfba12c19e71d838ff_0","headers":{"connection":"close","x-forwarded-for":"192.168.0.5","host":"api.baseline.test","user-agent":"Mozilla/5.0 (X11; Linux x86_64) AppleWebKit/537.36 (KHTML, like Gecko) Chrome/88.0.4324.96 Safari/537.36","accept":"*/*","sec-gpc":"1","origin":"http://dashboard.baseline.test","referer":"http://dashboard.baseline.test/","accept-encoding":"gzip, deflate","accept-language":"en-US,en;q=0.9","if-none-match":"W/\"5e4-/D3O3umr127cXcv/6m7/iZuLSbg\""},"method":"GET","httpVersion":"1.1","originalUrl":"/getmerkletree/0x4e68da1d277693d001eaedcfba12c19e71d838ff_0","query":{}},"res":{"statusCode":304},"responseTime":30}
[2021-02-04 12:37:12] [DEBUG] [COMMIT-MGR] [uploader]: NEW BLOCK: 66728 
[2021-02-04 12:37:13] [DEBUG] [COMMIT-MGR] [uploader]: NEW BLOCK: 66729 
[2021-02-04 12:37:14] [DEBUG] [COMMIT-MGR] [uploader]: NEW BLOCK: 66730 
[2021-02-04 12:37:15] [DEBUG] [COMMIT-MGR] [uploader]: NEW BLOCK: 66731 
[2021-02-04 12:37:16] [DEBUG] [COMMIT-MGR] [uploader]: NEW BLOCK: 66732 
[2021-02-04 12:37:17] [DEBUG] [COMMIT-MGR] [uploader]: NEW BLOCK: 66733 
[2021-02-04 12:37:18] [DEBUG] [COMMIT-MGR] [uploader]: NEW BLOCK: 66734 
[2021-02-04 12:37:19] [DEBUG] [COMMIT-MGR] [uploader]: NEW BLOCK: 66735 
[2021-02-04 12:37:20] [DEBUG] [COMMIT-MGR] [uploader]: NEW BLOCK: 66736 
[2021-02-04 12:37:21] [DEBUG] [COMMIT-MGR] [uploader]: NEW BLOCK: 66737 
[2021-02-04 12:37:22] [DEBUG] [COMMIT-MGR] [uploader]: NEW BLOCK: 66738 
[2021-02-04 12:37:23] [DEBUG] [COMMIT-MGR] [uploader]: NEW BLOCK: 66739 
[2021-02-04 12:37:24] [DEBUG] [COMMIT-MGR] [uploader]: NEW BLOCK: 66740 
[2021-02-04 12:37:25] [DEBUG] [COMMIT-MGR] [uploader]: NEW BLOCK: 66741 
[2021-02-04 12:37:26] [DEBUG] [COMMIT-MGR] [uploader]: NEW BLOCK: 66742 
[2021-02-04 12:37:27] [DEBUG] [COMMIT-MGR] [uploader]: NEW BLOCK: 66743 
[2021-02-04 12:37:28] [DEBUG] [COMMIT-MGR] [uploader]: NEW BLOCK: 66744 
[2021-02-04 12:37:28] [INFO] [COMMIT-MGR] [uploader]: Mongoose default connection disconnected. 
[2021-02-04 12:37:28] [DEBUG] [COMMIT-MGR] [uploader]: Mongoose default connection disconnected through app termination. 
