[2021-01-31 04:51:54] [INFO] [COMMIT-MGR] [uploader]: Starting commmitment manager server... 
[2021-01-31 04:51:54] [DEBUG] [COMMIT-MGR] [uploader]: Attempting to connect to db: localhost:27017/baseline 
[2021-01-31 04:51:54] [INFO] [COMMIT-MGR] [uploader]: Successfully connected to mongo db. 
[2021-01-31 04:51:59] [INFO] [COMMIT-MGR] [uploader]: Established websocket connection: wss://goerli.infura.io/ws/v3/655f1ad19d494a9fbbac8944c60c5ef8 
[2021-01-31 04:51:59] [INFO] [COMMIT-MGR] [uploader]: REST server listening on port 4001. 
[2021-01-31 04:52:02] [DEBUG] [COMMIT-MGR] [uploader]: NEW BLOCK: 4199355 
[2021-01-31 04:52:17] [DEBUG] [COMMIT-MGR] [uploader]: NEW BLOCK: 4199356 
[2021-01-31 04:52:31] [DEBUG] [COMMIT-MGR] [uploader]: NEW BLOCK: 4199357 
[2021-01-31 04:52:47] [DEBUG] [COMMIT-MGR] [uploader]: NEW BLOCK: 4199358 
[2021-01-31 04:53:02] [DEBUG] [COMMIT-MGR] [uploader]: NEW BLOCK: 4199358 
[2021-01-31 04:53:02] [DEBUG] [COMMIT-MGR] [uploader]: NEW BLOCK: 4199359 
[2021-01-31 04:53:17] [DEBUG] [COMMIT-MGR] [uploader]: NEW BLOCK: 4199360 
[2021-01-31 04:53:32] [DEBUG] [COMMIT-MGR] [uploader]: NEW BLOCK: 4199361 
[2021-01-31 04:53:47] [DEBUG] [COMMIT-MGR] [uploader]: NEW BLOCK: 4199362 
[2021-01-31 04:54:02] [DEBUG] [COMMIT-MGR] [uploader]: NEW BLOCK: 4199363 
[2021-01-31 04:54:17] [DEBUG] [COMMIT-MGR] [uploader]: NEW BLOCK: 4199364 
[2021-01-31 04:54:32] [DEBUG] [COMMIT-MGR] [uploader]: NEW BLOCK: 4199365 
[2021-01-31 04:54:46] [DEBUG] [COMMIT-MGR] [uploader]: NEW BLOCK: 4199366 
[2021-01-31 04:55:02] [DEBUG] [COMMIT-MGR] [uploader]: NEW BLOCK: 4199367 
[2021-01-31 04:55:17] [DEBUG] [COMMIT-MGR] [uploader]: NEW BLOCK: 4199368 
[2021-01-31 04:55:31] [DEBUG] [COMMIT-MGR] [uploader]: NEW BLOCK: 4199369 
[2021-01-31 04:55:41] [HTTP] [COMMIT-MGR] [uploader]: OPTIONS /status 204 4ms [] {"req":{"url":"/status","headers":{"connection":"close","x-forwarded-for":"192.168.0.5","host":"api.baseline.test","accept":"*/*","access-control-request-method":"GET","access-control-request-headers":"content-type","origin":"http://dashboard.baseline.test","user-agent":"Mozilla/5.0 (X11; Linux x86_64) AppleWebKit/537.36 (KHTML, like Gecko) Chrome/88.0.4324.96 Safari/537.36","sec-fetch-mode":"cors","referer":"http://dashboard.baseline.test/","accept-encoding":"gzip, deflate","accept-language":"en-US,en;q=0.9"},"method":"OPTIONS","httpVersion":"1.1","originalUrl":"/status","query":{}},"res":{"statusCode":204},"responseTime":4}
[2021-01-31 04:55:41] [HTTP] [COMMIT-MGR] [uploader]: GET /status 200 2ms [] {"req":{"url":"/status","headers":{"connection":"close","x-forwarded-for":"192.168.0.5","host":"api.baseline.test","user-agent":"Mozilla/5.0 (X11; Linux x86_64) AppleWebKit/537.36 (KHTML, like Gecko) Chrome/88.0.4324.96 Safari/537.36","content-type":"application/text","accept":"*/*","sec-gpc":"1","origin":"http://dashboard.baseline.test","referer":"http://dashboard.baseline.test/","accept-encoding":"gzip, deflate","accept-language":"en-US,en;q=0.9"},"method":"GET","httpVersion":"1.1","originalUrl":"/status","query":{}},"res":{"statusCode":200},"responseTime":2}
[2021-01-31 04:55:47] [DEBUG] [COMMIT-MGR] [uploader]: NEW BLOCK: 4199370 
[2021-01-31 04:56:02] [DEBUG] [COMMIT-MGR] [uploader]: NEW BLOCK: 4199371 
[2021-01-31 04:56:16] [DEBUG] [COMMIT-MGR] [uploader]: NEW BLOCK: 4199372 
[2021-01-31 04:56:32] [DEBUG] [COMMIT-MGR] [uploader]: NEW BLOCK: 4199373 
[2021-01-31 04:56:46] [DEBUG] [COMMIT-MGR] [uploader]: NEW BLOCK: 4199373 
[2021-01-31 04:56:46] [DEBUG] [COMMIT-MGR] [uploader]: NEW BLOCK: 4199374 
[2021-01-31 04:57:01] [DEBUG] [COMMIT-MGR] [uploader]: NEW BLOCK: 4199375 
[2021-01-31 04:57:16] [DEBUG] [COMMIT-MGR] [uploader]: NEW BLOCK: 4199376 
[2021-01-31 04:57:31] [DEBUG] [COMMIT-MGR] [uploader]: NEW BLOCK: 4199377 
[2021-01-31 04:57:47] [DEBUG] [COMMIT-MGR] [uploader]: NEW BLOCK: 4199378 
[2021-01-31 04:58:01] [DEBUG] [COMMIT-MGR] [uploader]: NEW BLOCK: 4199379 
[2021-01-31 04:58:17] [DEBUG] [COMMIT-MGR] [uploader]: NEW BLOCK: 4199380 
[2021-01-31 04:58:31] [DEBUG] [COMMIT-MGR] [uploader]: NEW BLOCK: 4199381 
[2021-01-31 04:58:47] [DEBUG] [COMMIT-MGR] [uploader]: NEW BLOCK: 4199382 
[2021-01-31 04:59:01] [DEBUG] [COMMIT-MGR] [uploader]: NEW BLOCK: 4199383 
[2021-01-31 04:59:17] [DEBUG] [COMMIT-MGR] [uploader]: NEW BLOCK: 4199384 
[2021-01-31 04:59:32] [DEBUG] [COMMIT-MGR] [uploader]: NEW BLOCK: 4199385 
[2021-01-31 04:59:47] [DEBUG] [COMMIT-MGR] [uploader]: NEW BLOCK: 4199385 
[2021-01-31 04:59:47] [DEBUG] [COMMIT-MGR] [uploader]: NEW BLOCK: 4199386 
[2021-01-31 05:00:02] [DEBUG] [COMMIT-MGR] [uploader]: NEW BLOCK: 4199387 
[2021-01-31 05:00:17] [DEBUG] [COMMIT-MGR] [uploader]: NEW BLOCK: 4199387 
[2021-01-31 05:00:17] [DEBUG] [COMMIT-MGR] [uploader]: NEW BLOCK: 4199388 
[2021-01-31 05:00:24] [HTTP] [COMMIT-MGR] [uploader]: OPTIONS /status 204 0ms [] {"req":{"url":"/status","headers":{"connection":"close","x-forwarded-for":"192.168.0.5","host":"api.baseline.test","accept":"*/*","access-control-request-method":"GET","access-control-request-headers":"content-type","origin":"http://dashboard.baseline.test","user-agent":"Mozilla/5.0 (X11; Linux x86_64) AppleWebKit/537.36 (KHTML, like Gecko) Chrome/88.0.4324.96 Safari/537.36","sec-fetch-mode":"cors","referer":"http://dashboard.baseline.test/","accept-encoding":"gzip, deflate","accept-language":"en-US,en;q=0.9"},"method":"OPTIONS","httpVersion":"1.1","originalUrl":"/status","query":{}},"res":{"statusCode":204},"responseTime":0}
[2021-01-31 05:00:24] [HTTP] [COMMIT-MGR] [uploader]: GET /status 304 1ms [] {"req":{"url":"/status","headers":{"connection":"close","x-forwarded-for":"192.168.0.5","host":"api.baseline.test","user-agent":"Mozilla/5.0 (X11; Linux x86_64) AppleWebKit/537.36 (KHTML, like Gecko) Chrome/88.0.4324.96 Safari/537.36","content-type":"application/text","accept":"*/*","sec-gpc":"1","origin":"http://dashboard.baseline.test","referer":"http://dashboard.baseline.test/","accept-encoding":"gzip, deflate","accept-language":"en-US,en;q=0.9","if-none-match":"W/\"2-nOO9QiTIwXgNtWtBJezz8kv3SLc\""},"method":"GET","httpVersion":"1.1","originalUrl":"/status","query":{}},"res":{"statusCode":304},"responseTime":1}
[2021-01-31 05:00:29] [HTTP] [COMMIT-MGR] [uploader]: OPTIONS /status 204 0ms [] {"req":{"url":"/status","headers":{"connection":"close","x-forwarded-for":"192.168.0.5","host":"api.baseline.test","accept":"*/*","access-control-request-method":"GET","access-control-request-headers":"content-type","origin":"http://dashboard.baseline.test","user-agent":"Mozilla/5.0 (X11; Linux x86_64) AppleWebKit/537.36 (KHTML, like Gecko) Chrome/88.0.4324.96 Safari/537.36","sec-fetch-mode":"cors","referer":"http://dashboard.baseline.test/","accept-encoding":"gzip, deflate","accept-language":"en-US,en;q=0.9"},"method":"OPTIONS","httpVersion":"1.1","originalUrl":"/status","query":{}},"res":{"statusCode":204},"responseTime":0}
[2021-01-31 05:00:29] [HTTP] [COMMIT-MGR] [uploader]: GET /status 304 0ms [] {"req":{"url":"/status","headers":{"connection":"close","x-forwarded-for":"192.168.0.5","host":"api.baseline.test","user-agent":"Mozilla/5.0 (X11; Linux x86_64) AppleWebKit/537.36 (KHTML, like Gecko) Chrome/88.0.4324.96 Safari/537.36","content-type":"application/text","accept":"*/*","sec-gpc":"1","origin":"http://dashboard.baseline.test","referer":"http://dashboard.baseline.test/","accept-encoding":"gzip, deflate","accept-language":"en-US,en;q=0.9","if-none-match":"W/\"2-nOO9QiTIwXgNtWtBJezz8kv3SLc\""},"method":"GET","httpVersion":"1.1","originalUrl":"/status","query":{}},"res":{"statusCode":304},"responseTime":0}
[2021-01-31 05:00:32] [DEBUG] [COMMIT-MGR] [uploader]: NEW BLOCK: 4199389 
[2021-01-31 05:00:35] [HTTP] [COMMIT-MGR] [uploader]: OPTIONS /status 204 3ms [] {"req":{"url":"/status","headers":{"connection":"close","x-forwarded-for":"192.168.0.5","host":"api.baseline.test","accept":"*/*","access-control-request-method":"GET","access-control-request-headers":"content-type","origin":"http://dashboard.baseline.test","user-agent":"Mozilla/5.0 (X11; Linux x86_64) AppleWebKit/537.36 (KHTML, like Gecko) Chrome/88.0.4324.96 Safari/537.36","sec-fetch-mode":"cors","referer":"http://dashboard.baseline.test/","accept-encoding":"gzip, deflate","accept-language":"en-US,en;q=0.9"},"method":"OPTIONS","httpVersion":"1.1","originalUrl":"/status","query":{}},"res":{"statusCode":204},"responseTime":3}
[2021-01-31 05:00:35] [HTTP] [COMMIT-MGR] [uploader]: GET /status 304 1ms [] {"req":{"url":"/status","headers":{"connection":"close","x-forwarded-for":"192.168.0.5","host":"api.baseline.test","user-agent":"Mozilla/5.0 (X11; Linux x86_64) AppleWebKit/537.36 (KHTML, like Gecko) Chrome/88.0.4324.96 Safari/537.36","content-type":"application/text","accept":"*/*","sec-gpc":"1","origin":"http://dashboard.baseline.test","referer":"http://dashboard.baseline.test/","accept-encoding":"gzip, deflate","accept-language":"en-US,en;q=0.9","if-none-match":"W/\"2-nOO9QiTIwXgNtWtBJezz8kv3SLc\""},"method":"GET","httpVersion":"1.1","originalUrl":"/status","query":{}},"res":{"statusCode":304},"responseTime":1}
[2021-01-31 05:00:46] [DEBUG] [COMMIT-MGR] [uploader]: NEW BLOCK: 4199390 
[2021-01-31 05:00:51] [HTTP] [COMMIT-MGR] [uploader]: OPTIONS /status 204 1ms [] {"req":{"url":"/status","headers":{"connection":"close","x-forwarded-for":"192.168.0.5","host":"api.baseline.test","accept":"*/*","access-control-request-method":"GET","access-control-request-headers":"content-type","origin":"http://dashboard.baseline.test","user-agent":"Mozilla/5.0 (X11; Linux x86_64) AppleWebKit/537.36 (KHTML, like Gecko) Chrome/88.0.4324.96 Safari/537.36","sec-fetch-mode":"cors","referer":"http://dashboard.baseline.test/","accept-encoding":"gzip, deflate","accept-language":"en-US,en;q=0.9"},"method":"OPTIONS","httpVersion":"1.1","originalUrl":"/status","query":{}},"res":{"statusCode":204},"responseTime":1}
[2021-01-31 05:00:51] [HTTP] [COMMIT-MGR] [uploader]: GET /status 304 1ms [] {"req":{"url":"/status","headers":{"connection":"close","x-forwarded-for":"192.168.0.5","host":"api.baseline.test","user-agent":"Mozilla/5.0 (X11; Linux x86_64) AppleWebKit/537.36 (KHTML, like Gecko) Chrome/88.0.4324.96 Safari/537.36","content-type":"application/text","accept":"*/*","sec-gpc":"1","origin":"http://dashboard.baseline.test","referer":"http://dashboard.baseline.test/","accept-encoding":"gzip, deflate","accept-language":"en-US,en;q=0.9","if-none-match":"W/\"2-nOO9QiTIwXgNtWtBJezz8kv3SLc\""},"method":"GET","httpVersion":"1.1","originalUrl":"/status","query":{}},"res":{"statusCode":304},"responseTime":1}
[2021-01-31 05:01:02] [DEBUG] [COMMIT-MGR] [uploader]: NEW BLOCK: 4199391 
[2021-01-31 05:01:17] [DEBUG] [COMMIT-MGR] [uploader]: NEW BLOCK: 4199392 
[2021-01-31 05:01:32] [DEBUG] [COMMIT-MGR] [uploader]: NEW BLOCK: 4199393 
[2021-01-31 05:01:48] [DEBUG] [COMMIT-MGR] [uploader]: NEW BLOCK: 4199394 
[2021-01-31 05:02:01] [DEBUG] [COMMIT-MGR] [uploader]: NEW BLOCK: 4199394 
[2021-01-31 05:02:01] [DEBUG] [COMMIT-MGR] [uploader]: NEW BLOCK: 4199395 
[2021-01-31 05:02:17] [DEBUG] [COMMIT-MGR] [uploader]: NEW BLOCK: 4199396 
[2021-01-31 05:02:31] [DEBUG] [COMMIT-MGR] [uploader]: NEW BLOCK: 4199397 
[2021-01-31 05:02:47] [DEBUG] [COMMIT-MGR] [uploader]: NEW BLOCK: 4199398 
[2021-01-31 05:03:01] [DEBUG] [COMMIT-MGR] [uploader]: NEW BLOCK: 4199399 
[2021-01-31 05:03:16] [DEBUG] [COMMIT-MGR] [uploader]: NEW BLOCK: 4199400 
[2021-01-31 05:03:32] [DEBUG] [COMMIT-MGR] [uploader]: NEW BLOCK: 4199400 
[2021-01-31 05:03:32] [DEBUG] [COMMIT-MGR] [uploader]: NEW BLOCK: 4199401 
[2021-01-31 05:03:46] [DEBUG] [COMMIT-MGR] [uploader]: NEW BLOCK: 4199402 
[2021-01-31 05:04:02] [DEBUG] [COMMIT-MGR] [uploader]: NEW BLOCK: 4199403 
[2021-01-31 05:04:17] [DEBUG] [COMMIT-MGR] [uploader]: NEW BLOCK: 4199404 
[2021-01-31 05:04:18] [HTTP] [COMMIT-MGR] [uploader]: OPTIONS /status 204 0ms [] {"req":{"url":"/status","headers":{"connection":"close","x-forwarded-for":"192.168.0.5","host":"api.baseline.test","accept":"*/*","access-control-request-method":"GET","access-control-request-headers":"content-type","origin":"http://dashboard.baseline.test","user-agent":"Mozilla/5.0 (X11; Linux x86_64) AppleWebKit/537.36 (KHTML, like Gecko) Chrome/88.0.4324.96 Safari/537.36","sec-fetch-mode":"cors","referer":"http://dashboard.baseline.test/","accept-encoding":"gzip, deflate","accept-language":"en-US,en;q=0.9"},"method":"OPTIONS","httpVersion":"1.1","originalUrl":"/status","query":{}},"res":{"statusCode":204},"responseTime":0}
[2021-01-31 05:04:18] [HTTP] [COMMIT-MGR] [uploader]: GET /status 304 0ms [] {"req":{"url":"/status","headers":{"connection":"close","x-forwarded-for":"192.168.0.5","host":"api.baseline.test","user-agent":"Mozilla/5.0 (X11; Linux x86_64) AppleWebKit/537.36 (KHTML, like Gecko) Chrome/88.0.4324.96 Safari/537.36","content-type":"application/text","accept":"*/*","sec-gpc":"1","origin":"http://dashboard.baseline.test","referer":"http://dashboard.baseline.test/","accept-encoding":"gzip, deflate","accept-language":"en-US,en;q=0.9","if-none-match":"W/\"2-nOO9QiTIwXgNtWtBJezz8kv3SLc\""},"method":"GET","httpVersion":"1.1","originalUrl":"/status","query":{}},"res":{"statusCode":304},"responseTime":0}
[2021-01-31 05:04:22] [HTTP] [COMMIT-MGR] [uploader]: GET /status 304 1ms [] {"req":{"url":"/status","headers":{"connection":"close","x-forwarded-for":"192.168.0.5","host":"api.baseline.test","user-agent":"Mozilla/5.0 (X11; Linux x86_64) AppleWebKit/537.36 (KHTML, like Gecko) Chrome/88.0.4324.96 Safari/537.36","content-type":"application/text","accept":"*/*","sec-gpc":"1","origin":"http://dashboard.baseline.test","referer":"http://dashboard.baseline.test/","accept-encoding":"gzip, deflate","accept-language":"en-US,en;q=0.9","if-none-match":"W/\"2-nOO9QiTIwXgNtWtBJezz8kv3SLc\""},"method":"GET","httpVersion":"1.1","originalUrl":"/status","query":{}},"res":{"statusCode":304},"responseTime":1}
[2021-01-31 05:04:31] [DEBUG] [COMMIT-MGR] [uploader]: NEW BLOCK: 4199405 
[2021-01-31 05:04:47] [DEBUG] [COMMIT-MGR] [uploader]: NEW BLOCK: 4199406 
[2021-01-31 05:05:02] [DEBUG] [COMMIT-MGR] [uploader]: NEW BLOCK: 4199407 
[2021-01-31 05:05:17] [DEBUG] [COMMIT-MGR] [uploader]: NEW BLOCK: 4199408 
[2021-01-31 05:05:32] [DEBUG] [COMMIT-MGR] [uploader]: NEW BLOCK: 4199409 
[2021-01-31 05:05:32] [DEBUG] [COMMIT-MGR] [uploader]: NEW BLOCK: 4199409 
[2021-01-31 05:05:46] [DEBUG] [COMMIT-MGR] [uploader]: NEW BLOCK: 4199410 
[2021-01-31 05:06:01] [DEBUG] [COMMIT-MGR] [uploader]: NEW BLOCK: 4199411 
[2021-01-31 05:06:17] [DEBUG] [COMMIT-MGR] [uploader]: NEW BLOCK: 4199412 
[2021-01-31 05:06:31] [DEBUG] [COMMIT-MGR] [uploader]: NEW BLOCK: 4199413 
[2021-01-31 05:06:46] [DEBUG] [COMMIT-MGR] [uploader]: NEW BLOCK: 4199414 
[2021-01-31 05:07:01] [DEBUG] [COMMIT-MGR] [uploader]: NEW BLOCK: 4199415 
[2021-01-31 05:07:16] [DEBUG] [COMMIT-MGR] [uploader]: NEW BLOCK: 4199416 
[2021-01-31 05:07:31] [DEBUG] [COMMIT-MGR] [uploader]: NEW BLOCK: 4199417 
[2021-01-31 05:07:46] [DEBUG] [COMMIT-MGR] [uploader]: NEW BLOCK: 4199418 
[2021-01-31 05:08:01] [DEBUG] [COMMIT-MGR] [uploader]: NEW BLOCK: 4199419 
[2021-01-31 05:08:17] [DEBUG] [COMMIT-MGR] [uploader]: NEW BLOCK: 4199420 
[2021-01-31 05:08:31] [DEBUG] [COMMIT-MGR] [uploader]: NEW BLOCK: 4199421 
[2021-01-31 05:08:47] [DEBUG] [COMMIT-MGR] [uploader]: NEW BLOCK: 4199422 
[2021-01-31 05:09:02] [DEBUG] [COMMIT-MGR] [uploader]: NEW BLOCK: 4199423 
[2021-01-31 05:09:16] [DEBUG] [COMMIT-MGR] [uploader]: NEW BLOCK: 4199424 
[2021-01-31 05:09:16] [DEBUG] [COMMIT-MGR] [uploader]: NEW BLOCK: 4199424 
[2021-01-31 05:09:32] [DEBUG] [COMMIT-MGR] [uploader]: NEW BLOCK: 4199425 
[2021-01-31 05:09:47] [DEBUG] [COMMIT-MGR] [uploader]: NEW BLOCK: 4199426 
[2021-01-31 05:10:01] [DEBUG] [COMMIT-MGR] [uploader]: NEW BLOCK: 4199427 
[2021-01-31 05:10:16] [DEBUG] [COMMIT-MGR] [uploader]: NEW BLOCK: 4199428 
[2021-01-31 05:10:32] [DEBUG] [COMMIT-MGR] [uploader]: NEW BLOCK: 4199429 
[2021-01-31 05:10:46] [DEBUG] [COMMIT-MGR] [uploader]: NEW BLOCK: 4199430 
[2021-01-31 05:11:01] [DEBUG] [COMMIT-MGR] [uploader]: NEW BLOCK: 4199431 
[2021-01-31 05:11:02] [DEBUG] [COMMIT-MGR] [uploader]: NEW BLOCK: 4199431 
[2021-01-31 05:11:16] [DEBUG] [COMMIT-MGR] [uploader]: NEW BLOCK: 4199432 
[2021-01-31 05:11:32] [DEBUG] [COMMIT-MGR] [uploader]: NEW BLOCK: 4199433 
[2021-01-31 05:11:47] [DEBUG] [COMMIT-MGR] [uploader]: NEW BLOCK: 4199434 
[2021-01-31 05:12:02] [DEBUG] [COMMIT-MGR] [uploader]: NEW BLOCK: 4199435 
[2021-01-31 05:12:16] [DEBUG] [COMMIT-MGR] [uploader]: NEW BLOCK: 4199436 
[2021-01-31 05:12:31] [DEBUG] [COMMIT-MGR] [uploader]: NEW BLOCK: 4199437 
[2021-01-31 05:12:46] [DEBUG] [COMMIT-MGR] [uploader]: NEW BLOCK: 4199438 
[2021-01-31 05:13:02] [DEBUG] [COMMIT-MGR] [uploader]: NEW BLOCK: 4199439 
[2021-01-31 05:13:18] [DEBUG] [COMMIT-MGR] [uploader]: NEW BLOCK: 4199440 
[2021-01-31 05:13:32] [DEBUG] [COMMIT-MGR] [uploader]: NEW BLOCK: 4199441 
[2021-01-31 05:13:46] [DEBUG] [COMMIT-MGR] [uploader]: NEW BLOCK: 4199442 
[2021-01-31 05:14:02] [DEBUG] [COMMIT-MGR] [uploader]: NEW BLOCK: 4199443 
[2021-01-31 05:14:17] [DEBUG] [COMMIT-MGR] [uploader]: NEW BLOCK: 4199443 
[2021-01-31 05:14:17] [DEBUG] [COMMIT-MGR] [uploader]: NEW BLOCK: 4199444 
[2021-01-31 05:14:32] [DEBUG] [COMMIT-MGR] [uploader]: NEW BLOCK: 4199443 
[2021-01-31 05:14:32] [DEBUG] [COMMIT-MGR] [uploader]: NEW BLOCK: 4199444 
[2021-01-31 05:14:32] [DEBUG] [COMMIT-MGR] [uploader]: NEW BLOCK: 4199445 
[2021-01-31 05:14:46] [DEBUG] [COMMIT-MGR] [uploader]: NEW BLOCK: 4199446 
[2021-01-31 05:15:03] [DEBUG] [COMMIT-MGR] [uploader]: NEW BLOCK: 4199447 
[2021-01-31 05:15:16] [DEBUG] [COMMIT-MGR] [uploader]: NEW BLOCK: 4199448 
[2021-01-31 05:15:32] [DEBUG] [COMMIT-MGR] [uploader]: NEW BLOCK: 4199449 
[2021-01-31 05:15:46] [DEBUG] [COMMIT-MGR] [uploader]: NEW BLOCK: 4199450 
[2021-01-31 05:16:01] [DEBUG] [COMMIT-MGR] [uploader]: NEW BLOCK: 4199451 
[2021-01-31 05:16:16] [DEBUG] [COMMIT-MGR] [uploader]: NEW BLOCK: 4199452 
[2021-01-31 05:16:32] [DEBUG] [COMMIT-MGR] [uploader]: NEW BLOCK: 4199453 
[2021-01-31 05:16:46] [DEBUG] [COMMIT-MGR] [uploader]: NEW BLOCK: 4199454 
[2021-01-31 05:17:01] [DEBUG] [COMMIT-MGR] [uploader]: NEW BLOCK: 4199455 
[2021-01-31 05:17:02] [DEBUG] [COMMIT-MGR] [uploader]: NEW BLOCK: 4199455 
[2021-01-31 05:17:16] [DEBUG] [COMMIT-MGR] [uploader]: NEW BLOCK: 4199456 
[2021-01-31 05:17:31] [DEBUG] [COMMIT-MGR] [uploader]: NEW BLOCK: 4199457 
[2021-01-31 05:17:47] [DEBUG] [COMMIT-MGR] [uploader]: NEW BLOCK: 4199458 
[2021-01-31 05:18:02] [DEBUG] [COMMIT-MGR] [uploader]: NEW BLOCK: 4199459 
[2021-01-31 05:18:16] [DEBUG] [COMMIT-MGR] [uploader]: NEW BLOCK: 4199460 
[2021-01-31 05:18:31] [DEBUG] [COMMIT-MGR] [uploader]: NEW BLOCK: 4199461 
[2021-01-31 05:18:47] [DEBUG] [COMMIT-MGR] [uploader]: NEW BLOCK: 4199461 
[2021-01-31 05:18:47] [DEBUG] [COMMIT-MGR] [uploader]: NEW BLOCK: 4199462 
[2021-01-31 05:19:02] [DEBUG] [COMMIT-MGR] [uploader]: NEW BLOCK: 4199463 
[2021-01-31 05:19:16] [DEBUG] [COMMIT-MGR] [uploader]: NEW BLOCK: 4199464 
[2021-01-31 05:19:31] [DEBUG] [COMMIT-MGR] [uploader]: NEW BLOCK: 4199465 
[2021-01-31 05:19:47] [DEBUG] [COMMIT-MGR] [uploader]: NEW BLOCK: 4199466 
[2021-01-31 05:20:02] [DEBUG] [COMMIT-MGR] [uploader]: NEW BLOCK: 4199467 
[2021-01-31 05:20:16] [DEBUG] [COMMIT-MGR] [uploader]: NEW BLOCK: 4199468 
[2021-01-31 05:20:32] [DEBUG] [COMMIT-MGR] [uploader]: NEW BLOCK: 4199469 
[2021-01-31 05:20:46] [DEBUG] [COMMIT-MGR] [uploader]: NEW BLOCK: 4199470 
[2021-01-31 05:21:02] [DEBUG] [COMMIT-MGR] [uploader]: NEW BLOCK: 4199471 
[2021-01-31 05:21:17] [DEBUG] [COMMIT-MGR] [uploader]: NEW BLOCK: 4199472 
[2021-01-31 05:21:31] [DEBUG] [COMMIT-MGR] [uploader]: NEW BLOCK: 4199473 
[2021-01-31 05:21:47] [DEBUG] [COMMIT-MGR] [uploader]: NEW BLOCK: 4199474 
[2021-01-31 05:22:02] [DEBUG] [COMMIT-MGR] [uploader]: NEW BLOCK: 4199475 
[2021-01-31 05:22:17] [DEBUG] [COMMIT-MGR] [uploader]: NEW BLOCK: 4199476 
[2021-01-31 05:22:32] [DEBUG] [COMMIT-MGR] [uploader]: NEW BLOCK: 4199477 
[2021-01-31 05:22:47] [DEBUG] [COMMIT-MGR] [uploader]: NEW BLOCK: 4199478 
[2021-01-31 05:23:01] [DEBUG] [COMMIT-MGR] [uploader]: NEW BLOCK: 4199479 
[2021-01-31 05:23:17] [DEBUG] [COMMIT-MGR] [uploader]: NEW BLOCK: 4199480 
[2021-01-31 05:23:31] [DEBUG] [COMMIT-MGR] [uploader]: NEW BLOCK: 4199481 
[2021-01-31 05:23:47] [DEBUG] [COMMIT-MGR] [uploader]: NEW BLOCK: 4199482 
[2021-01-31 05:24:01] [DEBUG] [COMMIT-MGR] [uploader]: NEW BLOCK: 4199483 
[2021-01-31 05:24:18] [DEBUG] [COMMIT-MGR] [uploader]: NEW BLOCK: 4199484 
[2021-01-31 05:24:32] [DEBUG] [COMMIT-MGR] [uploader]: NEW BLOCK: 4199485 
[2021-01-31 05:24:46] [DEBUG] [COMMIT-MGR] [uploader]: NEW BLOCK: 4199485 
[2021-01-31 05:24:46] [DEBUG] [COMMIT-MGR] [uploader]: NEW BLOCK: 4199486 
[2021-01-31 05:25:02] [DEBUG] [COMMIT-MGR] [uploader]: NEW BLOCK: 4199487 
[2021-01-31 05:25:18] [DEBUG] [COMMIT-MGR] [uploader]: NEW BLOCK: 4199488 
[2021-01-31 05:25:32] [DEBUG] [COMMIT-MGR] [uploader]: NEW BLOCK: 4199488 
[2021-01-31 05:25:32] [DEBUG] [COMMIT-MGR] [uploader]: NEW BLOCK: 4199489 
[2021-01-31 05:25:47] [DEBUG] [COMMIT-MGR] [uploader]: NEW BLOCK: 4199490 
[2021-01-31 05:26:02] [DEBUG] [COMMIT-MGR] [uploader]: NEW BLOCK: 4199491 
[2021-01-31 05:26:17] [DEBUG] [COMMIT-MGR] [uploader]: NEW BLOCK: 4199492 
[2021-01-31 05:26:32] [DEBUG] [COMMIT-MGR] [uploader]: NEW BLOCK: 4199493 
[2021-01-31 05:26:47] [DEBUG] [COMMIT-MGR] [uploader]: NEW BLOCK: 4199494 
[2021-01-31 05:27:01] [DEBUG] [COMMIT-MGR] [uploader]: NEW BLOCK: 4199495 
[2021-01-31 05:27:17] [DEBUG] [COMMIT-MGR] [uploader]: NEW BLOCK: 4199496 
[2021-01-31 05:27:31] [DEBUG] [COMMIT-MGR] [uploader]: NEW BLOCK: 4199497 
[2021-01-31 05:27:48] [DEBUG] [COMMIT-MGR] [uploader]: NEW BLOCK: 4199498 
[2021-01-31 05:28:03] [DEBUG] [COMMIT-MGR] [uploader]: NEW BLOCK: 4199498 
[2021-01-31 05:28:03] [DEBUG] [COMMIT-MGR] [uploader]: NEW BLOCK: 4199499 
[2021-01-31 05:28:16] [DEBUG] [COMMIT-MGR] [uploader]: NEW BLOCK: 4199500 
[2021-01-31 05:28:31] [DEBUG] [COMMIT-MGR] [uploader]: NEW BLOCK: 4199501 
[2021-01-31 05:28:49] [DEBUG] [COMMIT-MGR] [uploader]: NEW BLOCK: 4199502 
[2021-01-31 05:29:01] [DEBUG] [COMMIT-MGR] [uploader]: NEW BLOCK: 4199503 
[2021-01-31 05:29:16] [DEBUG] [COMMIT-MGR] [uploader]: NEW BLOCK: 4199504 
[2021-01-31 05:29:31] [DEBUG] [COMMIT-MGR] [uploader]: NEW BLOCK: 4199505 
[2021-01-31 05:29:47] [DEBUG] [COMMIT-MGR] [uploader]: NEW BLOCK: 4199506 
[2021-01-31 05:30:02] [DEBUG] [COMMIT-MGR] [uploader]: NEW BLOCK: 4199507 
[2021-01-31 05:30:17] [DEBUG] [COMMIT-MGR] [uploader]: NEW BLOCK: 4199508 
[2021-01-31 05:30:31] [DEBUG] [COMMIT-MGR] [uploader]: NEW BLOCK: 4199509 
[2021-01-31 05:30:46] [DEBUG] [COMMIT-MGR] [uploader]: NEW BLOCK: 4199510 
[2021-01-31 05:31:03] [DEBUG] [COMMIT-MGR] [uploader]: NEW BLOCK: 4199511 
[2021-01-31 05:31:17] [DEBUG] [COMMIT-MGR] [uploader]: NEW BLOCK: 4199512 
[2021-01-31 05:31:33] [DEBUG] [COMMIT-MGR] [uploader]: NEW BLOCK: 4199513 
[2021-01-31 05:31:47] [DEBUG] [COMMIT-MGR] [uploader]: NEW BLOCK: 4199514 
[2021-01-31 05:32:01] [DEBUG] [COMMIT-MGR] [uploader]: NEW BLOCK: 4199515 
[2021-01-31 05:32:16] [DEBUG] [COMMIT-MGR] [uploader]: NEW BLOCK: 4199516 
[2021-01-31 05:32:31] [DEBUG] [COMMIT-MGR] [uploader]: NEW BLOCK: 4199517 
[2021-01-31 05:32:46] [DEBUG] [COMMIT-MGR] [uploader]: NEW BLOCK: 4199518 
[2021-01-31 05:33:01] [DEBUG] [COMMIT-MGR] [uploader]: NEW BLOCK: 4199519 
[2021-01-31 05:33:01] [DEBUG] [COMMIT-MGR] [uploader]: NEW BLOCK: 4199519 
[2021-01-31 05:33:16] [DEBUG] [COMMIT-MGR] [uploader]: NEW BLOCK: 4199520 
[2021-01-31 05:33:31] [DEBUG] [COMMIT-MGR] [uploader]: NEW BLOCK: 4199521 
[2021-01-31 05:33:46] [DEBUG] [COMMIT-MGR] [uploader]: NEW BLOCK: 4199522 
[2021-01-31 05:34:02] [DEBUG] [COMMIT-MGR] [uploader]: NEW BLOCK: 4199523 
[2021-01-31 05:34:17] [DEBUG] [COMMIT-MGR] [uploader]: NEW BLOCK: 4199524 
[2021-01-31 05:34:31] [DEBUG] [COMMIT-MGR] [uploader]: NEW BLOCK: 4199525 
[2021-01-31 05:34:46] [DEBUG] [COMMIT-MGR] [uploader]: NEW BLOCK: 4199526 
[2021-01-31 05:34:47] [INFO] [COMMIT-MGR] [uploader]: Mongoose default connection disconnected. 
