[2021-01-28 03:01:19] [INFO] [COMMIT-MGR] [uploader]: infura: Infura's traditional jsonrpc API 
[2021-01-28 03:01:19] [INFO] [COMMIT-MGR] [uploader]: Starting commmitment manager server... 
[2021-01-28 03:01:19] [DEBUG] [COMMIT-MGR] [uploader]: Attempting to connect to db: localhost:27017/baseline 
[2021-01-28 03:01:19] [INFO] [COMMIT-MGR] [uploader]: Successfully connected to mongo db. 
[2021-01-28 03:01:24] [INFO] [COMMIT-MGR] [uploader]: Established websocket connection: wss://goerli.infura.io/ws/v3/655f1ad19d494a9fbbac8944c60c5ef8 
[2021-01-28 03:01:25] [INFO] [COMMIT-MGR] [uploader]: REST server listening on port 4001. 
[2021-01-28 03:01:26] [DEBUG] [COMMIT-MGR] [uploader]: NEW BLOCK: 4181633 
[2021-01-28 03:01:27] [DEBUG] [COMMIT-MGR] [uploader]: NEW BLOCK: 4181634 
[2021-01-28 03:01:42] [DEBUG] [COMMIT-MGR] [uploader]: NEW BLOCK: 4181635 
[2021-01-28 03:01:57] [DEBUG] [COMMIT-MGR] [uploader]: NEW BLOCK: 4181636 
[2021-01-28 03:02:11] [DEBUG] [COMMIT-MGR] [uploader]: NEW BLOCK: 4181637 
[2021-01-28 03:02:27] [DEBUG] [COMMIT-MGR] [uploader]: NEW BLOCK: 4181638 
[2021-01-28 03:02:42] [DEBUG] [COMMIT-MGR] [uploader]: NEW BLOCK: 4181639 
[2021-01-28 03:03:00] [INFO] [COMMIT-MGR] [uploader]: infura: Infura's traditional jsonrpc API 
[2021-01-28 03:03:00] [INFO] [COMMIT-MGR] [uploader]: infura: Infura's traditional jsonrpc API 
[2021-01-28 03:03:00] [INFO] [COMMIT-MGR] [uploader]: Starting commmitment manager server... 
[2021-01-28 03:03:00] [DEBUG] [COMMIT-MGR] [uploader]: Attempting to connect to db: localhost:27017/baseline 
[2021-01-28 03:03:00] [INFO] [COMMIT-MGR] [uploader]: Successfully connected to mongo db. 
[2021-01-28 03:03:05] [INFO] [COMMIT-MGR] [uploader]: Established websocket connection: wss://goerli.infura.io/ws/v3/655f1ad19d494a9fbbac8944c60c5ef8 
[2021-01-28 03:03:05] [INFO] [COMMIT-MGR] [uploader]: REST server listening on port 4001. 
[2021-01-28 03:03:11] [DEBUG] [COMMIT-MGR] [uploader]: NEW BLOCK: 4181641 
[2021-01-28 03:03:27] [DEBUG] [COMMIT-MGR] [uploader]: NEW BLOCK: 4181642 
[2021-01-28 03:03:42] [DEBUG] [COMMIT-MGR] [uploader]: NEW BLOCK: 4181643 
[2021-01-28 03:03:57] [DEBUG] [COMMIT-MGR] [uploader]: NEW BLOCK: 4181644 
[2021-01-28 03:18:56] [INFO] [COMMIT-MGR] [uploader]: infura: Infura's traditional jsonrpc API 
[2021-01-28 03:18:56] [INFO] [COMMIT-MGR] [uploader]: Starting commmitment manager server... 
[2021-01-28 03:18:56] [DEBUG] [COMMIT-MGR] [uploader]: Attempting to connect to db: localhost:27017/baseline 
[2021-01-28 03:18:56] [INFO] [COMMIT-MGR] [uploader]: Successfully connected to mongo db. 
[2021-01-28 03:19:01] [INFO] [COMMIT-MGR] [uploader]: infura: Infura's traditional jsonrpc API 
[2021-01-28 03:19:01] [ERROR] [COMMIT-MGR] [uploader]: [WEBSOCKET] Cannot establish connection: wss://goerli.infura.io/ws/v3/655f1ad19d494a9fbbac8944c60c5ef8 
[2021-01-28 03:19:01] [INFO] [COMMIT-MGR] [uploader]: infura: Infura's traditional jsonrpc API 
[2021-01-28 03:19:01] [ERROR] [COMMIT-MGR] [uploader]: [WEBSOCKET] Cannot establish connection: wss://goerli.infura.io/ws/v3/655f1ad19d494a9fbbac8944c60c5ef8 
[2021-01-28 03:19:09] [INFO] [COMMIT-MGR] [uploader]: Mongoose default connection disconnected. 
[2021-01-28 03:34:29] [INFO] [COMMIT-MGR] [uploader]: infura: Infura's traditional jsonrpc API 
[2021-01-28 03:34:29] [INFO] [COMMIT-MGR] [uploader]: Starting commmitment manager server... 
[2021-01-28 03:34:29] [DEBUG] [COMMIT-MGR] [uploader]: Attempting to connect to db: localhost:27017/baseline 
[2021-01-28 03:34:29] [INFO] [COMMIT-MGR] [uploader]: Successfully connected to mongo db. 
[2021-01-28 03:34:34] [INFO] [COMMIT-MGR] [uploader]: Established websocket connection: wss://goerli.infura.io/ws/v3/655f1ad19d494a9fbbac8944c60c5ef8 
[2021-01-28 03:34:34] [INFO] [COMMIT-MGR] [uploader]: REST server listening on port 4001. 
[2021-01-28 03:34:41] [DEBUG] [COMMIT-MGR] [uploader]: NEW BLOCK: 4181767 
[2021-01-28 03:34:57] [DEBUG] [COMMIT-MGR] [uploader]: NEW BLOCK: 4181768 
[2021-01-28 03:35:12] [DEBUG] [COMMIT-MGR] [uploader]: NEW BLOCK: 4181769 
[2021-01-28 03:36:06] [INFO] [COMMIT-MGR] [uploader]: infura: Infura's traditional jsonrpc API 
[2021-01-28 03:36:06] [INFO] [COMMIT-MGR] [uploader]: Starting commmitment manager server... 
[2021-01-28 03:36:06] [DEBUG] [COMMIT-MGR] [uploader]: Attempting to connect to db: localhost:27017/baseline 
[2021-01-28 03:36:06] [INFO] [COMMIT-MGR] [uploader]: Successfully connected to mongo db. 
[2021-01-28 03:36:11] [INFO] [COMMIT-MGR] [uploader]: Established websocket connection: wss://goerli.infura.io/ws/v3/655f1ad19d494a9fbbac8944c60c5ef8 
[2021-01-28 03:36:11] [INFO] [COMMIT-MGR] [uploader]: REST server listening on port 4001. 
[2021-01-28 03:36:27] [DEBUG] [COMMIT-MGR] [uploader]: NEW BLOCK: 4181774 
[2021-01-28 03:36:42] [DEBUG] [COMMIT-MGR] [uploader]: NEW BLOCK: 4181775 
[2021-01-28 03:36:57] [DEBUG] [COMMIT-MGR] [uploader]: NEW BLOCK: 4181776 
[2021-01-28 03:37:12] [DEBUG] [COMMIT-MGR] [uploader]: NEW BLOCK: 4181777 
[2021-01-28 03:37:27] [DEBUG] [COMMIT-MGR] [uploader]: NEW BLOCK: 4181778 
[2021-01-28 03:37:57] [DEBUG] [COMMIT-MGR] [uploader]: NEW BLOCK: 4181779 
[2021-01-28 03:37:58] [DEBUG] [COMMIT-MGR] [uploader]: NEW BLOCK: 4181780 
[2021-01-28 03:38:12] [DEBUG] [COMMIT-MGR] [uploader]: NEW BLOCK: 4181781 
[2021-01-28 03:38:26] [DEBUG] [COMMIT-MGR] [uploader]: NEW BLOCK: 4181782 
[2021-01-28 03:38:42] [DEBUG] [COMMIT-MGR] [uploader]: NEW BLOCK: 4181783 
[2021-01-28 03:44:16] [INFO] [COMMIT-MGR] [uploader]: Starting commmitment manager server... 
[2021-01-28 03:44:16] [DEBUG] [COMMIT-MGR] [uploader]: Attempting to connect to db: localhost:27017/baseline 
[2021-01-28 03:44:17] [INFO] [COMMIT-MGR] [uploader]: Successfully connected to mongo db. 
[2021-01-28 03:45:11] [INFO] [COMMIT-MGR] [uploader]: Starting commmitment manager server... 
[2021-01-28 03:45:11] [DEBUG] [COMMIT-MGR] [uploader]: Attempting to connect to db: localhost:27017/baseline 
[2021-01-28 03:45:11] [INFO] [COMMIT-MGR] [uploader]: Successfully connected to mongo db. 
[2021-01-28 03:45:16] [ERROR] [COMMIT-MGR] [uploader]: [WEBSOCKET] Cannot establish connection: undefined 
[2021-01-28 03:45:16] [ERROR] [COMMIT-MGR] [uploader]: [WEBSOCKET] Cannot establish connection: undefined 
[2021-01-28 03:45:22] [INFO] [COMMIT-MGR] [uploader]: Mongoose default connection disconnected. 
[2021-01-28 03:46:05] [INFO] [COMMIT-MGR] [uploader]: Starting commmitment manager server... 
[2021-01-28 03:46:05] [DEBUG] [COMMIT-MGR] [uploader]: Attempting to connect to db: localhost:27017/baseline 
[2021-01-28 03:46:06] [INFO] [COMMIT-MGR] [uploader]: Successfully connected to mongo db. 
[2021-01-28 03:46:11] [ERROR] [COMMIT-MGR] [uploader]: [WEBSOCKET] Cannot establish connection: undefined 
[2021-01-28 03:46:11] [ERROR] [COMMIT-MGR] [uploader]: [WEBSOCKET] Cannot establish connection: undefined 
[2021-01-28 03:46:16] [INFO] [COMMIT-MGR] [uploader]: Mongoose default connection disconnected. 
[2021-01-28 03:47:35] [INFO] [COMMIT-MGR] [uploader]: Starting commmitment manager server... 
[2021-01-28 03:47:35] [DEBUG] [COMMIT-MGR] [uploader]: Attempting to connect to db: localhost:27017/baseline 
[2021-01-28 03:47:35] [INFO] [COMMIT-MGR] [uploader]: Successfully connected to mongo db. 
[2021-01-28 03:47:40] [ERROR] [COMMIT-MGR] [uploader]: [WEBSOCKET] Cannot establish connection: undefined 
[2021-01-28 03:47:40] [ERROR] [COMMIT-MGR] [uploader]: [WEBSOCKET] Cannot establish connection: undefined 
[2021-01-28 03:48:36] [INFO] [COMMIT-MGR] [uploader]: Starting commmitment manager server... 
[2021-01-28 03:48:36] [DEBUG] [COMMIT-MGR] [uploader]: Attempting to connect to db: localhost:27017/baseline 
[2021-01-28 03:48:36] [INFO] [COMMIT-MGR] [uploader]: Successfully connected to mongo db. 
[2021-01-28 03:48:41] [ERROR] [COMMIT-MGR] [uploader]: [WEBSOCKET] Cannot establish connection: undefined 
[2021-01-28 03:48:41] [ERROR] [COMMIT-MGR] [uploader]: [WEBSOCKET] Cannot establish connection: undefined 
[2021-01-28 03:48:56] [INFO] [COMMIT-MGR] [uploader]: Starting commmitment manager server... 
[2021-01-28 03:48:56] [DEBUG] [COMMIT-MGR] [uploader]: Attempting to connect to db: localhost:27017/baseline 
[2021-01-28 03:48:56] [INFO] [COMMIT-MGR] [uploader]: Successfully connected to mongo db. 
[2021-01-28 03:49:01] [ERROR] [COMMIT-MGR] [uploader]: [WEBSOCKET] Cannot establish connection: undefined 
[2021-01-28 03:49:01] [ERROR] [COMMIT-MGR] [uploader]: [WEBSOCKET] Cannot establish connection: undefined 
[2021-01-28 03:50:34] [INFO] [COMMIT-MGR] [uploader]: Starting commmitment manager server... 
[2021-01-28 03:50:34] [DEBUG] [COMMIT-MGR] [uploader]: Attempting to connect to db: localhost:27017/baseline 
[2021-01-28 03:50:34] [INFO] [COMMIT-MGR] [uploader]: Successfully connected to mongo db. 
[2021-01-28 03:50:39] [INFO] [COMMIT-MGR] [uploader]: Established websocket connection: wss://goerli.infura.io/ws/v3/655f1ad19d494a9fbbac8944c60c5ef8 
[2021-01-28 03:50:39] [INFO] [COMMIT-MGR] [uploader]: REST server listening on port 4001. 
[2021-01-28 03:50:43] [DEBUG] [COMMIT-MGR] [uploader]: NEW BLOCK: 4181831 
[2021-01-28 03:50:58] [DEBUG] [COMMIT-MGR] [uploader]: NEW BLOCK: 4181832 
[2021-01-28 03:51:12] [DEBUG] [COMMIT-MGR] [uploader]: NEW BLOCK: 4181833 
[2021-01-28 03:51:28] [DEBUG] [COMMIT-MGR] [uploader]: NEW BLOCK: 4181834 
[2021-01-28 03:51:43] [DEBUG] [COMMIT-MGR] [uploader]: NEW BLOCK: 4181835 
[2021-01-28 03:51:58] [DEBUG] [COMMIT-MGR] [uploader]: NEW BLOCK: 4181836 
[2021-01-28 03:52:13] [DEBUG] [COMMIT-MGR] [uploader]: NEW BLOCK: 4181837 
[2021-01-28 03:52:28] [DEBUG] [COMMIT-MGR] [uploader]: NEW BLOCK: 4181838 
[2021-01-28 03:52:43] [DEBUG] [COMMIT-MGR] [uploader]: NEW BLOCK: 4181839 
[2021-01-28 03:52:57] [DEBUG] [COMMIT-MGR] [uploader]: NEW BLOCK: 4181840 
[2021-01-28 03:53:12] [DEBUG] [COMMIT-MGR] [uploader]: NEW BLOCK: 4181841 
[2021-01-28 03:53:28] [DEBUG] [COMMIT-MGR] [uploader]: NEW BLOCK: 4181842 
[2021-01-28 03:53:42] [DEBUG] [COMMIT-MGR] [uploader]: NEW BLOCK: 4181843 
[2021-01-28 03:53:59] [DEBUG] [COMMIT-MGR] [uploader]: NEW BLOCK: 4181844 
[2021-01-28 03:54:13] [DEBUG] [COMMIT-MGR] [uploader]: NEW BLOCK: 4181845 
[2021-01-28 03:54:28] [DEBUG] [COMMIT-MGR] [uploader]: NEW BLOCK: 4181846 
[2021-01-28 03:54:42] [DEBUG] [COMMIT-MGR] [uploader]: NEW BLOCK: 4181847 
[2021-01-28 03:54:58] [DEBUG] [COMMIT-MGR] [uploader]: NEW BLOCK: 4181848 
[2021-01-28 03:55:14] [DEBUG] [COMMIT-MGR] [uploader]: NEW BLOCK: 4181849 
[2021-01-28 03:55:28] [DEBUG] [COMMIT-MGR] [uploader]: NEW BLOCK: 4181850 
[2021-01-28 03:55:42] [DEBUG] [COMMIT-MGR] [uploader]: NEW BLOCK: 4181851 
[2021-01-28 03:55:59] [DEBUG] [COMMIT-MGR] [uploader]: NEW BLOCK: 4181852 
[2021-01-28 03:56:12] [DEBUG] [COMMIT-MGR] [uploader]: NEW BLOCK: 4181852 
[2021-01-28 03:56:12] [DEBUG] [COMMIT-MGR] [uploader]: NEW BLOCK: 4181853 
[2021-01-28 03:56:27] [DEBUG] [COMMIT-MGR] [uploader]: NEW BLOCK: 4181854 
[2021-01-28 03:56:42] [DEBUG] [COMMIT-MGR] [uploader]: NEW BLOCK: 4181855 
[2021-01-28 03:56:58] [DEBUG] [COMMIT-MGR] [uploader]: NEW BLOCK: 4181856 
[2021-01-28 03:57:12] [DEBUG] [COMMIT-MGR] [uploader]: NEW BLOCK: 4181857 
[2021-01-28 03:57:28] [DEBUG] [COMMIT-MGR] [uploader]: NEW BLOCK: 4181858 
[2021-01-28 03:57:43] [DEBUG] [COMMIT-MGR] [uploader]: NEW BLOCK: 4181859 
[2021-01-28 03:57:57] [DEBUG] [COMMIT-MGR] [uploader]: NEW BLOCK: 4181860 
[2021-01-28 03:58:14] [DEBUG] [COMMIT-MGR] [uploader]: NEW BLOCK: 4181861 
[2021-01-28 03:58:29] [DEBUG] [COMMIT-MGR] [uploader]: NEW BLOCK: 4181862 
[2021-01-28 03:58:43] [DEBUG] [COMMIT-MGR] [uploader]: NEW BLOCK: 4181863 
[2021-01-28 03:58:58] [DEBUG] [COMMIT-MGR] [uploader]: NEW BLOCK: 4181864 
[2021-01-28 03:59:14] [DEBUG] [COMMIT-MGR] [uploader]: NEW BLOCK: 4181865 
[2021-01-28 03:59:28] [DEBUG] [COMMIT-MGR] [uploader]: NEW BLOCK: 4181866 
[2021-01-28 03:59:42] [DEBUG] [COMMIT-MGR] [uploader]: NEW BLOCK: 4181867 
[2021-01-28 03:59:58] [DEBUG] [COMMIT-MGR] [uploader]: NEW BLOCK: 4181868 
[2021-01-28 04:00:12] [DEBUG] [COMMIT-MGR] [uploader]: NEW BLOCK: 4181869 
[2021-01-28 04:00:28] [DEBUG] [COMMIT-MGR] [uploader]: NEW BLOCK: 4181870 
[2021-01-28 04:00:43] [DEBUG] [COMMIT-MGR] [uploader]: NEW BLOCK: 4181871 
[2021-01-28 04:00:58] [DEBUG] [COMMIT-MGR] [uploader]: NEW BLOCK: 4181872 
[2021-01-28 04:01:12] [DEBUG] [COMMIT-MGR] [uploader]: NEW BLOCK: 4181873 
[2021-01-28 04:01:28] [DEBUG] [COMMIT-MGR] [uploader]: NEW BLOCK: 4181874 
[2021-01-28 04:01:43] [DEBUG] [COMMIT-MGR] [uploader]: NEW BLOCK: 4181875 
[2021-01-28 04:01:57] [DEBUG] [COMMIT-MGR] [uploader]: NEW BLOCK: 4181876 
[2021-01-28 04:02:12] [DEBUG] [COMMIT-MGR] [uploader]: NEW BLOCK: 4181877 
[2021-01-28 04:02:28] [DEBUG] [COMMIT-MGR] [uploader]: NEW BLOCK: 4181878 
[2021-01-28 04:02:43] [DEBUG] [COMMIT-MGR] [uploader]: NEW BLOCK: 4181879 
[2021-01-28 04:02:58] [DEBUG] [COMMIT-MGR] [uploader]: NEW BLOCK: 4181880 
[2021-01-28 04:03:13] [DEBUG] [COMMIT-MGR] [uploader]: NEW BLOCK: 4181881 
[2021-01-28 04:03:28] [DEBUG] [COMMIT-MGR] [uploader]: NEW BLOCK: 4181882 
[2021-01-28 04:03:42] [DEBUG] [COMMIT-MGR] [uploader]: NEW BLOCK: 4181883 
[2021-01-28 04:03:58] [DEBUG] [COMMIT-MGR] [uploader]: NEW BLOCK: 4181884 
[2021-01-28 04:04:14] [DEBUG] [COMMIT-MGR] [uploader]: NEW BLOCK: 4181885 
[2021-01-28 04:04:28] [DEBUG] [COMMIT-MGR] [uploader]: NEW BLOCK: 4181886 
[2021-01-28 04:04:43] [DEBUG] [COMMIT-MGR] [uploader]: NEW BLOCK: 4181887 
[2021-01-28 04:04:58] [DEBUG] [COMMIT-MGR] [uploader]: NEW BLOCK: 4181888 
[2021-01-28 04:05:12] [DEBUG] [COMMIT-MGR] [uploader]: NEW BLOCK: 4181889 
[2021-01-28 04:05:28] [DEBUG] [COMMIT-MGR] [uploader]: NEW BLOCK: 4181890 
[2021-01-28 04:05:43] [DEBUG] [COMMIT-MGR] [uploader]: NEW BLOCK: 4181891 
[2021-01-28 04:05:57] [DEBUG] [COMMIT-MGR] [uploader]: NEW BLOCK: 4181892 
[2021-01-28 04:06:13] [DEBUG] [COMMIT-MGR] [uploader]: NEW BLOCK: 4181893 
[2021-01-28 04:06:27] [DEBUG] [COMMIT-MGR] [uploader]: NEW BLOCK: 4181894 
[2021-01-28 04:06:42] [DEBUG] [COMMIT-MGR] [uploader]: NEW BLOCK: 4181895 
[2021-01-28 04:06:58] [DEBUG] [COMMIT-MGR] [uploader]: NEW BLOCK: 4181896 
[2021-01-28 04:07:12] [DEBUG] [COMMIT-MGR] [uploader]: NEW BLOCK: 4181897 
[2021-01-28 04:07:28] [DEBUG] [COMMIT-MGR] [uploader]: NEW BLOCK: 4181898 
[2021-01-28 04:07:42] [DEBUG] [COMMIT-MGR] [uploader]: NEW BLOCK: 4181899 
[2021-01-28 04:07:59] [DEBUG] [COMMIT-MGR] [uploader]: NEW BLOCK: 4181900 
[2021-01-28 04:08:14] [DEBUG] [COMMIT-MGR] [uploader]: NEW BLOCK: 4181901 
[2021-01-28 04:08:28] [DEBUG] [COMMIT-MGR] [uploader]: NEW BLOCK: 4181901 
[2021-01-28 04:08:28] [DEBUG] [COMMIT-MGR] [uploader]: NEW BLOCK: 4181902 
[2021-01-28 04:08:42] [DEBUG] [COMMIT-MGR] [uploader]: NEW BLOCK: 4181903 
[2021-01-28 04:08:57] [DEBUG] [COMMIT-MGR] [uploader]: NEW BLOCK: 4181904 
[2021-01-28 04:09:13] [DEBUG] [COMMIT-MGR] [uploader]: NEW BLOCK: 4181905 
[2021-01-28 04:09:28] [DEBUG] [COMMIT-MGR] [uploader]: NEW BLOCK: 4181906 
[2021-01-28 04:09:42] [DEBUG] [COMMIT-MGR] [uploader]: NEW BLOCK: 4181907 
[2021-01-28 04:09:57] [DEBUG] [COMMIT-MGR] [uploader]: NEW BLOCK: 4181908 
[2021-01-28 04:10:12] [DEBUG] [COMMIT-MGR] [uploader]: NEW BLOCK: 4181909 
[2021-01-28 04:10:28] [DEBUG] [COMMIT-MGR] [uploader]: NEW BLOCK: 4181910 
[2021-01-28 04:10:42] [DEBUG] [COMMIT-MGR] [uploader]: NEW BLOCK: 4181911 
[2021-01-28 04:10:58] [DEBUG] [COMMIT-MGR] [uploader]: NEW BLOCK: 4181912 
[2021-01-28 04:11:12] [DEBUG] [COMMIT-MGR] [uploader]: NEW BLOCK: 4181913 
[2021-01-28 04:11:28] [DEBUG] [COMMIT-MGR] [uploader]: NEW BLOCK: 4181914 
[2021-01-28 04:11:44] [DEBUG] [COMMIT-MGR] [uploader]: NEW BLOCK: 4181915 
[2021-01-28 04:11:58] [DEBUG] [COMMIT-MGR] [uploader]: NEW BLOCK: 4181916 
[2021-01-28 04:12:13] [DEBUG] [COMMIT-MGR] [uploader]: NEW BLOCK: 4181917 
[2021-01-28 04:12:28] [DEBUG] [COMMIT-MGR] [uploader]: NEW BLOCK: 4181918 
[2021-01-28 04:12:43] [DEBUG] [COMMIT-MGR] [uploader]: NEW BLOCK: 4181919 
[2021-01-28 04:12:57] [DEBUG] [COMMIT-MGR] [uploader]: NEW BLOCK: 4181920 
[2021-01-28 04:13:14] [DEBUG] [COMMIT-MGR] [uploader]: NEW BLOCK: 4181921 
[2021-01-28 04:13:28] [DEBUG] [COMMIT-MGR] [uploader]: NEW BLOCK: 4181922 
[2021-01-28 04:13:43] [DEBUG] [COMMIT-MGR] [uploader]: NEW BLOCK: 4181923 
[2021-01-28 04:13:58] [DEBUG] [COMMIT-MGR] [uploader]: NEW BLOCK: 4181924 
[2021-01-28 04:14:12] [DEBUG] [COMMIT-MGR] [uploader]: NEW BLOCK: 4181925 
[2021-01-28 04:14:28] [DEBUG] [COMMIT-MGR] [uploader]: NEW BLOCK: 4181926 
[2021-01-28 04:14:42] [DEBUG] [COMMIT-MGR] [uploader]: NEW BLOCK: 4181927 
[2021-01-28 04:14:57] [DEBUG] [COMMIT-MGR] [uploader]: NEW BLOCK: 4181928 
[2021-01-28 04:15:12] [DEBUG] [COMMIT-MGR] [uploader]: NEW BLOCK: 4181929 
[2021-01-28 04:15:28] [DEBUG] [COMMIT-MGR] [uploader]: NEW BLOCK: 4181930 
[2021-01-28 04:15:42] [DEBUG] [COMMIT-MGR] [uploader]: NEW BLOCK: 4181931 
[2021-01-28 04:15:59] [DEBUG] [COMMIT-MGR] [uploader]: NEW BLOCK: 4181932 
[2021-01-28 04:16:13] [DEBUG] [COMMIT-MGR] [uploader]: NEW BLOCK: 4181933 
[2021-01-28 04:16:29] [DEBUG] [COMMIT-MGR] [uploader]: NEW BLOCK: 4181934 
[2021-01-28 04:16:44] [DEBUG] [COMMIT-MGR] [uploader]: NEW BLOCK: 4181935 
[2021-01-28 04:16:58] [DEBUG] [COMMIT-MGR] [uploader]: NEW BLOCK: 4181936 
[2021-01-28 04:17:13] [DEBUG] [COMMIT-MGR] [uploader]: NEW BLOCK: 4181937 
[2021-01-28 04:17:28] [DEBUG] [COMMIT-MGR] [uploader]: NEW BLOCK: 4181938 
[2021-01-28 04:17:42] [DEBUG] [COMMIT-MGR] [uploader]: NEW BLOCK: 4181939 
[2021-01-28 04:17:58] [DEBUG] [COMMIT-MGR] [uploader]: NEW BLOCK: 4181940 
[2021-01-28 04:18:12] [DEBUG] [COMMIT-MGR] [uploader]: NEW BLOCK: 4181941 
[2021-01-28 04:18:28] [DEBUG] [COMMIT-MGR] [uploader]: NEW BLOCK: 4181942 
[2021-01-28 04:18:43] [DEBUG] [COMMIT-MGR] [uploader]: NEW BLOCK: 4181943 
[2021-01-28 04:18:57] [DEBUG] [COMMIT-MGR] [uploader]: NEW BLOCK: 4181944 
[2021-01-28 04:19:13] [DEBUG] [COMMIT-MGR] [uploader]: NEW BLOCK: 4181945 
[2021-01-28 04:19:28] [DEBUG] [COMMIT-MGR] [uploader]: NEW BLOCK: 4181946 
[2021-01-28 04:19:42] [DEBUG] [COMMIT-MGR] [uploader]: NEW BLOCK: 4181947 
[2021-01-28 04:19:57] [DEBUG] [COMMIT-MGR] [uploader]: NEW BLOCK: 4181948 
[2021-01-28 04:20:14] [DEBUG] [COMMIT-MGR] [uploader]: NEW BLOCK: 4181949 
[2021-01-28 04:20:28] [DEBUG] [COMMIT-MGR] [uploader]: NEW BLOCK: 4181950 
[2021-01-28 04:20:43] [DEBUG] [COMMIT-MGR] [uploader]: NEW BLOCK: 4181951 
[2021-01-28 04:20:59] [DEBUG] [COMMIT-MGR] [uploader]: NEW BLOCK: 4181952 
[2021-01-28 04:21:12] [DEBUG] [COMMIT-MGR] [uploader]: NEW BLOCK: 4181953 
[2021-01-28 04:21:29] [DEBUG] [COMMIT-MGR] [uploader]: NEW BLOCK: 4181954 
[2021-01-28 04:21:43] [DEBUG] [COMMIT-MGR] [uploader]: NEW BLOCK: 4181955 
[2021-01-28 04:21:59] [DEBUG] [COMMIT-MGR] [uploader]: NEW BLOCK: 4181956 
[2021-01-28 04:22:12] [DEBUG] [COMMIT-MGR] [uploader]: NEW BLOCK: 4181957 
[2021-01-28 04:22:28] [DEBUG] [COMMIT-MGR] [uploader]: NEW BLOCK: 4181958 
[2021-01-28 04:22:43] [DEBUG] [COMMIT-MGR] [uploader]: NEW BLOCK: 4181959 
[2021-01-28 04:22:58] [DEBUG] [COMMIT-MGR] [uploader]: NEW BLOCK: 4181960 
[2021-01-28 04:23:13] [DEBUG] [COMMIT-MGR] [uploader]: NEW BLOCK: 4181961 
[2021-01-28 04:23:28] [DEBUG] [COMMIT-MGR] [uploader]: NEW BLOCK: 4181962 
[2021-01-28 04:23:42] [DEBUG] [COMMIT-MGR] [uploader]: NEW BLOCK: 4181963 
[2021-01-28 04:23:59] [DEBUG] [COMMIT-MGR] [uploader]: NEW BLOCK: 4181964 
[2021-01-28 04:24:14] [DEBUG] [COMMIT-MGR] [uploader]: NEW BLOCK: 4181965 
[2021-01-28 04:24:28] [DEBUG] [COMMIT-MGR] [uploader]: NEW BLOCK: 4181966 
[2021-01-28 04:24:43] [DEBUG] [COMMIT-MGR] [uploader]: NEW BLOCK: 4181967 
[2021-01-28 04:24:58] [DEBUG] [COMMIT-MGR] [uploader]: NEW BLOCK: 4181968 
[2021-01-28 04:25:13] [DEBUG] [COMMIT-MGR] [uploader]: NEW BLOCK: 4181969 
[2021-01-28 04:25:28] [DEBUG] [COMMIT-MGR] [uploader]: NEW BLOCK: 4181970 
[2021-01-28 04:25:43] [DEBUG] [COMMIT-MGR] [uploader]: NEW BLOCK: 4181971 
[2021-01-28 04:25:58] [DEBUG] [COMMIT-MGR] [uploader]: NEW BLOCK: 4181972 
[2021-01-28 04:26:13] [DEBUG] [COMMIT-MGR] [uploader]: NEW BLOCK: 4181973 
[2021-01-28 04:26:28] [DEBUG] [COMMIT-MGR] [uploader]: NEW BLOCK: 4181974 
[2021-01-28 04:26:42] [DEBUG] [COMMIT-MGR] [uploader]: NEW BLOCK: 4181975 
[2021-01-28 04:26:59] [DEBUG] [COMMIT-MGR] [uploader]: NEW BLOCK: 4181976 
[2021-01-28 04:27:12] [DEBUG] [COMMIT-MGR] [uploader]: NEW BLOCK: 4181977 
[2021-01-28 04:27:28] [DEBUG] [COMMIT-MGR] [uploader]: NEW BLOCK: 4181978 
[2021-01-28 04:27:43] [DEBUG] [COMMIT-MGR] [uploader]: NEW BLOCK: 4181979 
[2021-01-28 04:27:58] [DEBUG] [COMMIT-MGR] [uploader]: NEW BLOCK: 4181980 
[2021-01-28 04:28:12] [DEBUG] [COMMIT-MGR] [uploader]: NEW BLOCK: 4181981 
[2021-01-28 04:28:28] [DEBUG] [COMMIT-MGR] [uploader]: NEW BLOCK: 4181982 
[2021-01-28 04:28:43] [DEBUG] [COMMIT-MGR] [uploader]: NEW BLOCK: 4181983 
[2021-01-28 04:28:58] [DEBUG] [COMMIT-MGR] [uploader]: NEW BLOCK: 4181984 
[2021-01-28 04:29:12] [DEBUG] [COMMIT-MGR] [uploader]: NEW BLOCK: 4181985 
[2021-01-28 04:29:27] [DEBUG] [COMMIT-MGR] [uploader]: NEW BLOCK: 4181986 
[2021-01-28 04:29:42] [DEBUG] [COMMIT-MGR] [uploader]: NEW BLOCK: 4181987 
[2021-01-28 04:29:58] [DEBUG] [COMMIT-MGR] [uploader]: NEW BLOCK: 4181988 
[2021-01-28 04:30:12] [DEBUG] [COMMIT-MGR] [uploader]: NEW BLOCK: 4181989 
[2021-01-28 04:30:27] [DEBUG] [COMMIT-MGR] [uploader]: NEW BLOCK: 4181990 
[2021-01-28 04:30:43] [DEBUG] [COMMIT-MGR] [uploader]: NEW BLOCK: 4181991 
[2021-01-28 04:30:58] [DEBUG] [COMMIT-MGR] [uploader]: NEW BLOCK: 4181992 
[2021-01-28 04:31:13] [DEBUG] [COMMIT-MGR] [uploader]: NEW BLOCK: 4181993 
[2021-01-28 04:31:28] [DEBUG] [COMMIT-MGR] [uploader]: NEW BLOCK: 4181994 
[2021-01-28 04:31:42] [DEBUG] [COMMIT-MGR] [uploader]: NEW BLOCK: 4181995 
[2021-01-28 04:31:58] [DEBUG] [COMMIT-MGR] [uploader]: NEW BLOCK: 4181996 
[2021-01-28 04:32:13] [DEBUG] [COMMIT-MGR] [uploader]: NEW BLOCK: 4181997 
[2021-01-28 04:32:27] [DEBUG] [COMMIT-MGR] [uploader]: NEW BLOCK: 4181998 
[2021-01-28 04:32:43] [DEBUG] [COMMIT-MGR] [uploader]: NEW BLOCK: 4181999 
[2021-01-28 04:32:58] [DEBUG] [COMMIT-MGR] [uploader]: NEW BLOCK: 4182000 
[2021-01-28 04:33:13] [DEBUG] [COMMIT-MGR] [uploader]: NEW BLOCK: 4182001 
[2021-01-28 04:33:28] [DEBUG] [COMMIT-MGR] [uploader]: NEW BLOCK: 4182002 
[2021-01-28 04:33:43] [DEBUG] [COMMIT-MGR] [uploader]: NEW BLOCK: 4182003 
[2021-01-28 04:33:58] [DEBUG] [COMMIT-MGR] [uploader]: NEW BLOCK: 4182004 
[2021-01-28 04:34:14] [DEBUG] [COMMIT-MGR] [uploader]: NEW BLOCK: 4182005 
[2021-01-28 04:34:27] [DEBUG] [COMMIT-MGR] [uploader]: NEW BLOCK: 4182006 
[2021-01-28 04:34:43] [DEBUG] [COMMIT-MGR] [uploader]: NEW BLOCK: 4182007 
[2021-01-28 04:35:13] [DEBUG] [COMMIT-MGR] [uploader]: NEW BLOCK: 4182008 
[2021-01-28 04:35:13] [DEBUG] [COMMIT-MGR] [uploader]: NEW BLOCK: 4182009 
[2021-01-28 04:35:28] [DEBUG] [COMMIT-MGR] [uploader]: NEW BLOCK: 4182010 
[2021-01-28 04:35:44] [DEBUG] [COMMIT-MGR] [uploader]: NEW BLOCK: 4182011 
[2021-01-28 04:35:58] [DEBUG] [COMMIT-MGR] [uploader]: NEW BLOCK: 4182012 
[2021-01-28 04:36:13] [DEBUG] [COMMIT-MGR] [uploader]: NEW BLOCK: 4182013 
[2021-01-28 04:36:28] [DEBUG] [COMMIT-MGR] [uploader]: NEW BLOCK: 4182014 
[2021-01-28 04:36:42] [DEBUG] [COMMIT-MGR] [uploader]: NEW BLOCK: 4182015 
[2021-01-28 04:36:58] [DEBUG] [COMMIT-MGR] [uploader]: NEW BLOCK: 4182016 
[2021-01-28 04:37:12] [DEBUG] [COMMIT-MGR] [uploader]: NEW BLOCK: 4182017 
[2021-01-28 04:37:28] [DEBUG] [COMMIT-MGR] [uploader]: NEW BLOCK: 4182018 
[2021-01-28 04:37:43] [DEBUG] [COMMIT-MGR] [uploader]: NEW BLOCK: 4182019 
[2021-01-28 04:37:58] [DEBUG] [COMMIT-MGR] [uploader]: NEW BLOCK: 4182020 
[2021-01-28 04:38:14] [DEBUG] [COMMIT-MGR] [uploader]: NEW BLOCK: 4182021 
[2021-01-28 04:38:28] [DEBUG] [COMMIT-MGR] [uploader]: NEW BLOCK: 4182021 
[2021-01-28 04:38:28] [DEBUG] [COMMIT-MGR] [uploader]: NEW BLOCK: 4182022 
[2021-01-28 04:38:43] [DEBUG] [COMMIT-MGR] [uploader]: NEW BLOCK: 4182023 
[2021-01-28 04:38:57] [DEBUG] [COMMIT-MGR] [uploader]: NEW BLOCK: 4182024 
[2021-01-28 04:39:12] [DEBUG] [COMMIT-MGR] [uploader]: NEW BLOCK: 4182025 
[2021-01-28 04:39:28] [DEBUG] [COMMIT-MGR] [uploader]: NEW BLOCK: 4182026 
[2021-01-28 04:39:42] [DEBUG] [COMMIT-MGR] [uploader]: NEW BLOCK: 4182027 
[2021-01-28 04:39:57] [DEBUG] [COMMIT-MGR] [uploader]: NEW BLOCK: 4182028 
[2021-01-28 04:40:13] [DEBUG] [COMMIT-MGR] [uploader]: NEW BLOCK: 4182029 
[2021-01-28 04:40:28] [DEBUG] [COMMIT-MGR] [uploader]: NEW BLOCK: 4182030 
[2021-01-28 04:40:42] [DEBUG] [COMMIT-MGR] [uploader]: NEW BLOCK: 4182031 
[2021-01-28 04:40:58] [DEBUG] [COMMIT-MGR] [uploader]: NEW BLOCK: 4182032 
[2021-01-28 04:41:12] [DEBUG] [COMMIT-MGR] [uploader]: NEW BLOCK: 4182033 
[2021-01-28 04:41:24] [INFO] [COMMIT-MGR] [uploader]: Mongoose default connection disconnected. 
[2021-01-28 04:48:47] [INFO] [COMMIT-MGR] [uploader]: Starting commmitment manager server... 
[2021-01-28 04:48:47] [DEBUG] [COMMIT-MGR] [uploader]: Attempting to connect to db: localhost:27017/baseline 
[2021-01-28 04:48:47] [INFO] [COMMIT-MGR] [uploader]: Successfully connected to mongo db. 
[2021-01-28 04:48:52] [INFO] [COMMIT-MGR] [uploader]: Established websocket connection: wss://goerli.infura.io/ws/v3/655f1ad19d494a9fbbac8944c60c5ef8 
[2021-01-28 04:48:52] [INFO] [COMMIT-MGR] [uploader]: REST server listening on port 4001. 
[2021-01-28 04:48:57] [DEBUG] [COMMIT-MGR] [uploader]: NEW BLOCK: 4182062 
[2021-01-28 04:48:57] [DEBUG] [COMMIT-MGR] [uploader]: NEW BLOCK: 4182063 
[2021-01-28 04:48:57] [DEBUG] [COMMIT-MGR] [uploader]: NEW BLOCK: 4182064 
[2021-01-28 04:49:12] [DEBUG] [COMMIT-MGR] [uploader]: NEW BLOCK: 4182065 
[2021-01-28 04:49:28] [DEBUG] [COMMIT-MGR] [uploader]: NEW BLOCK: 4182066 
[2021-01-28 04:49:43] [DEBUG] [COMMIT-MGR] [uploader]: NEW BLOCK: 4182067 
[2021-01-28 04:49:58] [DEBUG] [COMMIT-MGR] [uploader]: NEW BLOCK: 4182068 
[2021-01-28 04:50:12] [DEBUG] [COMMIT-MGR] [uploader]: NEW BLOCK: 4182069 
[2021-01-28 04:50:28] [DEBUG] [COMMIT-MGR] [uploader]: NEW BLOCK: 4182070 
[2021-01-28 04:50:44] [DEBUG] [COMMIT-MGR] [uploader]: NEW BLOCK: 4182071 
[2021-01-28 04:51:00] [DEBUG] [COMMIT-MGR] [uploader]: NEW BLOCK: 4182072 
[2021-01-28 04:51:14] [DEBUG] [COMMIT-MGR] [uploader]: NEW BLOCK: 4182073 
[2021-01-28 04:51:27] [DEBUG] [COMMIT-MGR] [uploader]: NEW BLOCK: 4182074 
[2021-01-28 04:51:43] [DEBUG] [COMMIT-MGR] [uploader]: NEW BLOCK: 4182075 
[2021-01-28 04:51:58] [DEBUG] [COMMIT-MGR] [uploader]: NEW BLOCK: 4182076 
[2021-01-28 04:52:12] [DEBUG] [COMMIT-MGR] [uploader]: NEW BLOCK: 4182077 
[2021-01-28 04:52:29] [DEBUG] [COMMIT-MGR] [uploader]: NEW BLOCK: 4182078 
[2021-01-28 04:52:43] [DEBUG] [COMMIT-MGR] [uploader]: NEW BLOCK: 4182079 
[2021-01-28 04:52:58] [DEBUG] [COMMIT-MGR] [uploader]: NEW BLOCK: 4182080 
[2021-01-28 04:53:12] [DEBUG] [COMMIT-MGR] [uploader]: NEW BLOCK: 4182081 
[2021-01-28 04:53:27] [DEBUG] [COMMIT-MGR] [uploader]: NEW BLOCK: 4182082 
[2021-01-28 04:53:43] [DEBUG] [COMMIT-MGR] [uploader]: NEW BLOCK: 4182083 
[2021-01-28 04:53:58] [DEBUG] [COMMIT-MGR] [uploader]: NEW BLOCK: 4182084 
[2021-01-28 04:54:12] [DEBUG] [COMMIT-MGR] [uploader]: NEW BLOCK: 4182085 
[2021-01-28 04:54:28] [DEBUG] [COMMIT-MGR] [uploader]: NEW BLOCK: 4182086 
[2021-01-28 04:54:43] [DEBUG] [COMMIT-MGR] [uploader]: NEW BLOCK: 4182087 
[2021-01-28 04:54:57] [DEBUG] [COMMIT-MGR] [uploader]: NEW BLOCK: 4182088 
[2021-01-28 04:55:13] [DEBUG] [COMMIT-MGR] [uploader]: NEW BLOCK: 4182089 
[2021-01-28 04:55:28] [DEBUG] [COMMIT-MGR] [uploader]: NEW BLOCK: 4182090 
[2021-01-28 04:55:43] [DEBUG] [COMMIT-MGR] [uploader]: NEW BLOCK: 4182091 
[2021-01-28 04:55:58] [DEBUG] [COMMIT-MGR] [uploader]: NEW BLOCK: 4182092 
[2021-01-28 04:56:12] [DEBUG] [COMMIT-MGR] [uploader]: NEW BLOCK: 4182093 
[2021-01-28 04:56:29] [DEBUG] [COMMIT-MGR] [uploader]: NEW BLOCK: 4182094 
[2021-01-28 04:56:42] [DEBUG] [COMMIT-MGR] [uploader]: NEW BLOCK: 4182095 
[2021-01-28 04:56:58] [DEBUG] [COMMIT-MGR] [uploader]: NEW BLOCK: 4182096 
[2021-01-28 04:57:14] [DEBUG] [COMMIT-MGR] [uploader]: NEW BLOCK: 4182097 
[2021-01-28 04:57:28] [DEBUG] [COMMIT-MGR] [uploader]: NEW BLOCK: 4182098 
[2021-01-28 04:57:42] [DEBUG] [COMMIT-MGR] [uploader]: NEW BLOCK: 4182099 
[2021-01-28 04:57:57] [DEBUG] [COMMIT-MGR] [uploader]: NEW BLOCK: 4182100 
[2021-01-28 04:58:13] [DEBUG] [COMMIT-MGR] [uploader]: NEW BLOCK: 4182100 
[2021-01-28 04:58:13] [DEBUG] [COMMIT-MGR] [uploader]: NEW BLOCK: 4182101 
[2021-01-28 04:58:28] [DEBUG] [COMMIT-MGR] [uploader]: NEW BLOCK: 4182102 
[2021-01-28 04:58:43] [DEBUG] [COMMIT-MGR] [uploader]: NEW BLOCK: 4182103 
[2021-01-28 04:58:57] [DEBUG] [COMMIT-MGR] [uploader]: NEW BLOCK: 4182104 
[2021-01-28 04:59:13] [DEBUG] [COMMIT-MGR] [uploader]: NEW BLOCK: 4182105 
[2021-01-28 04:59:27] [DEBUG] [COMMIT-MGR] [uploader]: NEW BLOCK: 4182106 
[2021-01-28 04:59:43] [DEBUG] [COMMIT-MGR] [uploader]: NEW BLOCK: 4182107 
[2021-01-28 04:59:58] [DEBUG] [COMMIT-MGR] [uploader]: NEW BLOCK: 4182108 
[2021-01-28 05:00:14] [DEBUG] [COMMIT-MGR] [uploader]: NEW BLOCK: 4182109 
[2021-01-28 05:00:27] [DEBUG] [COMMIT-MGR] [uploader]: NEW BLOCK: 4182110 
[2021-01-28 05:00:43] [DEBUG] [COMMIT-MGR] [uploader]: NEW BLOCK: 4182111 
[2021-01-28 05:00:58] [DEBUG] [COMMIT-MGR] [uploader]: NEW BLOCK: 4182112 
[2021-01-28 05:01:12] [DEBUG] [COMMIT-MGR] [uploader]: NEW BLOCK: 4182113 
[2021-01-28 05:01:27] [DEBUG] [COMMIT-MGR] [uploader]: NEW BLOCK: 4182114 
[2021-01-28 05:01:42] [DEBUG] [COMMIT-MGR] [uploader]: NEW BLOCK: 4182115 
[2021-01-28 05:01:57] [DEBUG] [COMMIT-MGR] [uploader]: NEW BLOCK: 4182116 
[2021-01-28 05:02:12] [DEBUG] [COMMIT-MGR] [uploader]: NEW BLOCK: 4182116 
[2021-01-28 05:02:13] [DEBUG] [COMMIT-MGR] [uploader]: NEW BLOCK: 4182117 
[2021-01-28 05:02:27] [DEBUG] [COMMIT-MGR] [uploader]: NEW BLOCK: 4182118 
[2021-01-28 05:02:43] [DEBUG] [COMMIT-MGR] [uploader]: NEW BLOCK: 4182119 
[2021-01-28 05:02:57] [DEBUG] [COMMIT-MGR] [uploader]: NEW BLOCK: 4182120 
[2021-01-28 05:03:13] [DEBUG] [COMMIT-MGR] [uploader]: NEW BLOCK: 4182121 
[2021-01-28 05:03:29] [DEBUG] [COMMIT-MGR] [uploader]: NEW BLOCK: 4182122 
[2021-01-28 05:03:42] [DEBUG] [COMMIT-MGR] [uploader]: NEW BLOCK: 4182123 
[2021-01-28 05:03:58] [DEBUG] [COMMIT-MGR] [uploader]: NEW BLOCK: 4182124 
[2021-01-28 05:04:14] [DEBUG] [COMMIT-MGR] [uploader]: NEW BLOCK: 4182124 
[2021-01-28 05:04:14] [DEBUG] [COMMIT-MGR] [uploader]: NEW BLOCK: 4182125 
[2021-01-28 05:04:27] [DEBUG] [COMMIT-MGR] [uploader]: NEW BLOCK: 4182126 
[2021-01-28 05:04:43] [DEBUG] [COMMIT-MGR] [uploader]: NEW BLOCK: 4182127 
[2021-01-28 05:04:58] [DEBUG] [COMMIT-MGR] [uploader]: NEW BLOCK: 4182128 
[2021-01-28 05:05:13] [DEBUG] [COMMIT-MGR] [uploader]: NEW BLOCK: 4182129 
[2021-01-28 05:05:29] [DEBUG] [COMMIT-MGR] [uploader]: NEW BLOCK: 4182130 
[2021-01-28 05:05:43] [DEBUG] [COMMIT-MGR] [uploader]: NEW BLOCK: 4182130 
[2021-01-28 05:05:43] [DEBUG] [COMMIT-MGR] [uploader]: NEW BLOCK: 4182131 
[2021-01-28 05:05:59] [DEBUG] [COMMIT-MGR] [uploader]: NEW BLOCK: 4182132 
[2021-01-28 05:06:13] [DEBUG] [COMMIT-MGR] [uploader]: NEW BLOCK: 4182133 
[2021-01-28 05:06:27] [DEBUG] [COMMIT-MGR] [uploader]: NEW BLOCK: 4182134 
[2021-01-28 05:06:42] [DEBUG] [COMMIT-MGR] [uploader]: NEW BLOCK: 4182135 
[2021-01-28 05:06:58] [DEBUG] [COMMIT-MGR] [uploader]: NEW BLOCK: 4182136 
[2021-01-28 05:07:12] [DEBUG] [COMMIT-MGR] [uploader]: NEW BLOCK: 4182137 
[2021-01-28 05:07:28] [DEBUG] [COMMIT-MGR] [uploader]: NEW BLOCK: 4182138 
[2021-01-28 05:07:42] [DEBUG] [COMMIT-MGR] [uploader]: NEW BLOCK: 4182139 
[2021-01-28 05:07:57] [DEBUG] [COMMIT-MGR] [uploader]: NEW BLOCK: 4182140 
[2021-01-28 05:08:12] [DEBUG] [COMMIT-MGR] [uploader]: NEW BLOCK: 4182141 
[2021-01-28 05:08:28] [DEBUG] [COMMIT-MGR] [uploader]: NEW BLOCK: 4182142 
[2021-01-28 05:08:43] [DEBUG] [COMMIT-MGR] [uploader]: NEW BLOCK: 4182143 
[2021-01-28 05:08:58] [DEBUG] [COMMIT-MGR] [uploader]: NEW BLOCK: 4182144 
[2021-01-28 05:09:13] [DEBUG] [COMMIT-MGR] [uploader]: NEW BLOCK: 4182145 
[2021-01-28 05:09:28] [DEBUG] [COMMIT-MGR] [uploader]: NEW BLOCK: 4182146 
[2021-01-28 05:09:43] [DEBUG] [COMMIT-MGR] [uploader]: NEW BLOCK: 4182147 
[2021-01-28 05:09:59] [DEBUG] [COMMIT-MGR] [uploader]: NEW BLOCK: 4182148 
[2021-01-28 05:10:12] [DEBUG] [COMMIT-MGR] [uploader]: NEW BLOCK: 4182149 
[2021-01-28 05:10:27] [DEBUG] [COMMIT-MGR] [uploader]: NEW BLOCK: 4182150 
[2021-01-28 05:10:43] [DEBUG] [COMMIT-MGR] [uploader]: NEW BLOCK: 4182151 
[2021-01-28 05:10:58] [DEBUG] [COMMIT-MGR] [uploader]: NEW BLOCK: 4182152 
[2021-01-28 05:11:12] [DEBUG] [COMMIT-MGR] [uploader]: NEW BLOCK: 4182153 
[2021-01-28 05:11:27] [DEBUG] [COMMIT-MGR] [uploader]: NEW BLOCK: 4182154 
[2021-01-28 05:11:39] [INFO] [COMMIT-MGR] [uploader]: Mongoose default connection disconnected. 
[2021-01-28 05:12:49] [INFO] [COMMIT-MGR] [uploader]: Starting commmitment manager server... 
[2021-01-28 05:12:49] [DEBUG] [COMMIT-MGR] [uploader]: Attempting to connect to db: localhost:27017/baseline 
[2021-01-28 05:12:49] [INFO] [COMMIT-MGR] [uploader]: Successfully connected to mongo db. 
[2021-01-28 05:12:54] [INFO] [COMMIT-MGR] [uploader]: Established websocket connection: wss://goerli.infura.io/ws/v3/655f1ad19d494a9fbbac8944c60c5ef8 
[2021-01-28 05:12:54] [INFO] [COMMIT-MGR] [uploader]: REST server listening on port 4001. 
[2021-01-28 05:13:00] [DEBUG] [COMMIT-MGR] [uploader]: NEW BLOCK: 4182160 
[2021-01-28 05:13:12] [DEBUG] [COMMIT-MGR] [uploader]: NEW BLOCK: 4182161 
[2021-01-28 05:13:28] [DEBUG] [COMMIT-MGR] [uploader]: NEW BLOCK: 4182162 
[2021-01-28 05:13:44] [DEBUG] [COMMIT-MGR] [uploader]: NEW BLOCK: 4182163 
[2021-01-28 05:13:58] [DEBUG] [COMMIT-MGR] [uploader]: NEW BLOCK: 4182164 
[2021-01-28 05:14:13] [DEBUG] [COMMIT-MGR] [uploader]: NEW BLOCK: 4182165 
[2021-01-28 05:14:27] [DEBUG] [COMMIT-MGR] [uploader]: NEW BLOCK: 4182166 
[2021-01-28 05:14:44] [DEBUG] [COMMIT-MGR] [uploader]: NEW BLOCK: 4182167 
[2021-01-28 05:14:58] [DEBUG] [COMMIT-MGR] [uploader]: NEW BLOCK: 4182168 
[2021-01-28 05:15:13] [DEBUG] [COMMIT-MGR] [uploader]: NEW BLOCK: 4182169 
[2021-01-28 05:15:28] [DEBUG] [COMMIT-MGR] [uploader]: NEW BLOCK: 4182170 
[2021-01-28 05:15:42] [DEBUG] [COMMIT-MGR] [uploader]: NEW BLOCK: 4182171 
[2021-01-28 05:15:59] [DEBUG] [COMMIT-MGR] [uploader]: NEW BLOCK: 4182172 
[2021-01-28 05:16:13] [DEBUG] [COMMIT-MGR] [uploader]: NEW BLOCK: 4182173 
[2021-01-28 05:16:28] [DEBUG] [COMMIT-MGR] [uploader]: NEW BLOCK: 4182174 
[2021-01-28 05:16:42] [DEBUG] [COMMIT-MGR] [uploader]: NEW BLOCK: 4182175 
[2021-01-28 05:16:57] [DEBUG] [COMMIT-MGR] [uploader]: NEW BLOCK: 4182176 
[2021-01-28 05:17:12] [DEBUG] [COMMIT-MGR] [uploader]: NEW BLOCK: 4182177 
[2021-01-28 05:17:28] [DEBUG] [COMMIT-MGR] [uploader]: NEW BLOCK: 4182178 
[2021-01-28 05:17:43] [DEBUG] [COMMIT-MGR] [uploader]: NEW BLOCK: 4182179 
[2021-01-28 05:17:58] [DEBUG] [COMMIT-MGR] [uploader]: NEW BLOCK: 4182180 
[2021-01-28 05:18:13] [DEBUG] [COMMIT-MGR] [uploader]: NEW BLOCK: 4182181 
[2021-01-28 05:18:28] [DEBUG] [COMMIT-MGR] [uploader]: NEW BLOCK: 4182182 
[2021-01-28 05:18:43] [DEBUG] [COMMIT-MGR] [uploader]: NEW BLOCK: 4182183 
[2021-01-28 05:18:58] [DEBUG] [COMMIT-MGR] [uploader]: NEW BLOCK: 4182184 
[2021-01-28 05:19:12] [DEBUG] [COMMIT-MGR] [uploader]: NEW BLOCK: 4182185 
[2021-01-28 05:19:28] [DEBUG] [COMMIT-MGR] [uploader]: NEW BLOCK: 4182186 
[2021-01-28 05:19:43] [DEBUG] [COMMIT-MGR] [uploader]: NEW BLOCK: 4182187 
[2021-01-28 05:19:58] [DEBUG] [COMMIT-MGR] [uploader]: NEW BLOCK: 4182188 
[2021-01-28 05:20:13] [DEBUG] [COMMIT-MGR] [uploader]: NEW BLOCK: 4182188 
[2021-01-28 05:20:13] [DEBUG] [COMMIT-MGR] [uploader]: NEW BLOCK: 4182189 
[2021-01-28 05:20:27] [DEBUG] [COMMIT-MGR] [uploader]: NEW BLOCK: 4182190 
[2021-01-28 05:20:42] [DEBUG] [COMMIT-MGR] [uploader]: NEW BLOCK: 4182191 
[2021-01-28 05:20:58] [DEBUG] [COMMIT-MGR] [uploader]: NEW BLOCK: 4182192 
[2021-01-28 05:21:13] [DEBUG] [COMMIT-MGR] [uploader]: NEW BLOCK: 4182193 
[2021-01-28 05:21:28] [DEBUG] [COMMIT-MGR] [uploader]: NEW BLOCK: 4182194 
[2021-01-28 05:21:42] [DEBUG] [COMMIT-MGR] [uploader]: NEW BLOCK: 4182195 
[2021-01-28 05:21:58] [DEBUG] [COMMIT-MGR] [uploader]: NEW BLOCK: 4182196 
[2021-01-28 05:22:13] [DEBUG] [COMMIT-MGR] [uploader]: NEW BLOCK: 4182197 
[2021-01-28 05:22:28] [DEBUG] [COMMIT-MGR] [uploader]: NEW BLOCK: 4182198 
[2021-01-28 05:22:44] [DEBUG] [COMMIT-MGR] [uploader]: NEW BLOCK: 4182199 
[2021-01-28 05:22:58] [DEBUG] [COMMIT-MGR] [uploader]: NEW BLOCK: 4182200 
[2021-01-28 05:23:13] [DEBUG] [COMMIT-MGR] [uploader]: NEW BLOCK: 4182201 
[2021-01-28 05:23:28] [DEBUG] [COMMIT-MGR] [uploader]: NEW BLOCK: 4182202 
[2021-01-28 05:23:42] [DEBUG] [COMMIT-MGR] [uploader]: NEW BLOCK: 4182203 
[2021-01-28 05:23:59] [DEBUG] [COMMIT-MGR] [uploader]: NEW BLOCK: 4182204 
[2021-01-28 05:24:13] [DEBUG] [COMMIT-MGR] [uploader]: NEW BLOCK: 4182205 
[2021-01-28 05:24:28] [DEBUG] [COMMIT-MGR] [uploader]: NEW BLOCK: 4182206 
[2021-01-28 05:24:44] [DEBUG] [COMMIT-MGR] [uploader]: NEW BLOCK: 4182207 
[2021-01-28 05:24:57] [DEBUG] [COMMIT-MGR] [uploader]: NEW BLOCK: 4182208 
[2021-01-28 05:25:13] [DEBUG] [COMMIT-MGR] [uploader]: NEW BLOCK: 4182209 
[2021-01-28 05:25:27] [DEBUG] [COMMIT-MGR] [uploader]: NEW BLOCK: 4182210 
[2021-01-28 05:25:43] [DEBUG] [COMMIT-MGR] [uploader]: NEW BLOCK: 4182211 
[2021-01-28 05:25:58] [DEBUG] [COMMIT-MGR] [uploader]: NEW BLOCK: 4182211 
[2021-01-28 05:25:58] [DEBUG] [COMMIT-MGR] [uploader]: NEW BLOCK: 4182212 
[2021-01-28 05:26:13] [DEBUG] [COMMIT-MGR] [uploader]: NEW BLOCK: 4182211 
[2021-01-28 05:26:13] [DEBUG] [COMMIT-MGR] [uploader]: NEW BLOCK: 4182212 
[2021-01-28 05:26:13] [DEBUG] [COMMIT-MGR] [uploader]: NEW BLOCK: 4182213 
[2021-01-28 05:26:29] [DEBUG] [COMMIT-MGR] [uploader]: NEW BLOCK: 4182214 
[2021-01-28 05:26:43] [DEBUG] [COMMIT-MGR] [uploader]: NEW BLOCK: 4182215 
[2021-01-28 05:26:58] [DEBUG] [COMMIT-MGR] [uploader]: NEW BLOCK: 4182216 
[2021-01-28 05:27:13] [DEBUG] [COMMIT-MGR] [uploader]: NEW BLOCK: 4182217 
[2021-01-28 05:27:28] [DEBUG] [COMMIT-MGR] [uploader]: NEW BLOCK: 4182218 
[2021-01-28 05:27:43] [DEBUG] [COMMIT-MGR] [uploader]: NEW BLOCK: 4182219 
[2021-01-28 05:27:58] [DEBUG] [COMMIT-MGR] [uploader]: NEW BLOCK: 4182220 
[2021-01-28 05:28:12] [DEBUG] [COMMIT-MGR] [uploader]: NEW BLOCK: 4182221 
[2021-01-28 05:28:28] [DEBUG] [COMMIT-MGR] [uploader]: NEW BLOCK: 4182222 
[2021-01-28 05:28:42] [DEBUG] [COMMIT-MGR] [uploader]: NEW BLOCK: 4182223 
[2021-01-28 05:28:57] [DEBUG] [COMMIT-MGR] [uploader]: NEW BLOCK: 4182224 
[2021-01-28 05:29:13] [DEBUG] [COMMIT-MGR] [uploader]: NEW BLOCK: 4182225 
[2021-01-28 05:29:28] [DEBUG] [COMMIT-MGR] [uploader]: NEW BLOCK: 4182226 
[2021-01-28 05:29:42] [DEBUG] [COMMIT-MGR] [uploader]: NEW BLOCK: 4182227 
[2021-01-28 05:29:57] [DEBUG] [COMMIT-MGR] [uploader]: NEW BLOCK: 4182228 
[2021-01-28 05:30:13] [DEBUG] [COMMIT-MGR] [uploader]: NEW BLOCK: 4182229 
[2021-01-28 05:30:28] [DEBUG] [COMMIT-MGR] [uploader]: NEW BLOCK: 4182230 
[2021-01-28 05:30:43] [DEBUG] [COMMIT-MGR] [uploader]: NEW BLOCK: 4182231 
[2021-01-28 05:30:58] [DEBUG] [COMMIT-MGR] [uploader]: NEW BLOCK: 4182232 
[2021-01-28 05:31:13] [DEBUG] [COMMIT-MGR] [uploader]: NEW BLOCK: 4182233 
[2021-01-28 05:31:28] [DEBUG] [COMMIT-MGR] [uploader]: NEW BLOCK: 4182234 
[2021-01-28 05:31:42] [DEBUG] [COMMIT-MGR] [uploader]: NEW BLOCK: 4182235 
[2021-01-28 05:31:59] [DEBUG] [COMMIT-MGR] [uploader]: NEW BLOCK: 4182236 
[2021-01-28 05:32:13] [DEBUG] [COMMIT-MGR] [uploader]: NEW BLOCK: 4182237 
[2021-01-28 05:32:27] [DEBUG] [COMMIT-MGR] [uploader]: NEW BLOCK: 4182238 
[2021-01-28 05:32:44] [DEBUG] [COMMIT-MGR] [uploader]: NEW BLOCK: 4182239 
[2021-01-28 05:32:58] [DEBUG] [COMMIT-MGR] [uploader]: NEW BLOCK: 4182240 
[2021-01-28 05:33:13] [DEBUG] [COMMIT-MGR] [uploader]: NEW BLOCK: 4182241 
[2021-01-28 05:33:27] [DEBUG] [COMMIT-MGR] [uploader]: NEW BLOCK: 4182242 
[2021-01-28 05:33:43] [DEBUG] [COMMIT-MGR] [uploader]: NEW BLOCK: 4182243 
[2021-01-28 05:33:57] [DEBUG] [COMMIT-MGR] [uploader]: NEW BLOCK: 4182243 
[2021-01-28 05:33:57] [DEBUG] [COMMIT-MGR] [uploader]: NEW BLOCK: 4182244 
[2021-01-28 05:34:12] [DEBUG] [COMMIT-MGR] [uploader]: NEW BLOCK: 4182245 
[2021-01-28 05:34:28] [DEBUG] [COMMIT-MGR] [uploader]: NEW BLOCK: 4182246 
[2021-01-28 05:34:43] [DEBUG] [COMMIT-MGR] [uploader]: NEW BLOCK: 4182247 
[2021-01-28 05:34:58] [DEBUG] [COMMIT-MGR] [uploader]: NEW BLOCK: 4182248 
[2021-01-28 05:35:12] [DEBUG] [COMMIT-MGR] [uploader]: NEW BLOCK: 4182249 
[2021-01-28 05:35:27] [DEBUG] [COMMIT-MGR] [uploader]: NEW BLOCK: 4182250 
[2021-01-28 05:35:42] [DEBUG] [COMMIT-MGR] [uploader]: NEW BLOCK: 4182251 
[2021-01-28 05:35:58] [DEBUG] [COMMIT-MGR] [uploader]: NEW BLOCK: 4182252 
[2021-01-28 05:36:13] [DEBUG] [COMMIT-MGR] [uploader]: NEW BLOCK: 4182253 
[2021-01-28 05:36:28] [DEBUG] [COMMIT-MGR] [uploader]: NEW BLOCK: 4182254 
[2021-01-28 05:36:43] [DEBUG] [COMMIT-MGR] [uploader]: NEW BLOCK: 4182255 
[2021-01-28 05:36:57] [INFO] [COMMIT-MGR] [uploader]: Mongoose default connection disconnected. 
[2021-01-28 05:37:41] [INFO] [COMMIT-MGR] [uploader]: Starting commmitment manager server... 
[2021-01-28 05:37:41] [DEBUG] [COMMIT-MGR] [uploader]: Attempting to connect to db: localhost:27017/baseline 
[2021-01-28 05:37:41] [INFO] [COMMIT-MGR] [uploader]: Successfully connected to mongo db. 
[2021-01-28 05:37:46] [INFO] [COMMIT-MGR] [uploader]: Established websocket connection: wss://goerli.infura.io/ws/v3/655f1ad19d494a9fbbac8944c60c5ef8 
[2021-01-28 05:37:46] [INFO] [COMMIT-MGR] [uploader]: REST server listening on port 4001. 
[2021-01-28 05:37:58] [DEBUG] [COMMIT-MGR] [uploader]: NEW BLOCK: 4182260 
[2021-01-28 05:38:12] [DEBUG] [COMMIT-MGR] [uploader]: NEW BLOCK: 4182261 
[2021-01-28 05:38:28] [DEBUG] [COMMIT-MGR] [uploader]: NEW BLOCK: 4182262 
[2021-01-28 05:38:43] [DEBUG] [COMMIT-MGR] [uploader]: NEW BLOCK: 4182263 
[2021-01-28 05:38:59] [DEBUG] [COMMIT-MGR] [uploader]: NEW BLOCK: 4182263 
[2021-01-28 05:38:59] [DEBUG] [COMMIT-MGR] [uploader]: NEW BLOCK: 4182264 
[2021-01-28 05:39:13] [DEBUG] [COMMIT-MGR] [uploader]: NEW BLOCK: 4182265 
[2021-01-28 05:39:28] [DEBUG] [COMMIT-MGR] [uploader]: NEW BLOCK: 4182266 
[2021-01-28 05:39:43] [DEBUG] [COMMIT-MGR] [uploader]: NEW BLOCK: 4182267 
[2021-01-28 05:39:58] [DEBUG] [COMMIT-MGR] [uploader]: NEW BLOCK: 4182268 
[2021-01-28 05:40:12] [DEBUG] [COMMIT-MGR] [uploader]: NEW BLOCK: 4182269 
[2021-01-28 05:40:28] [DEBUG] [COMMIT-MGR] [uploader]: NEW BLOCK: 4182270 
[2021-01-28 05:40:42] [DEBUG] [COMMIT-MGR] [uploader]: NEW BLOCK: 4182271 
[2021-01-28 05:40:57] [DEBUG] [COMMIT-MGR] [uploader]: NEW BLOCK: 4182272 
[2021-01-28 05:41:14] [DEBUG] [COMMIT-MGR] [uploader]: NEW BLOCK: 4182273 
[2021-01-28 05:41:27] [DEBUG] [COMMIT-MGR] [uploader]: NEW BLOCK: 4182274 
[2021-01-28 05:41:44] [DEBUG] [COMMIT-MGR] [uploader]: NEW BLOCK: 4182275 
[2021-01-28 05:41:58] [DEBUG] [COMMIT-MGR] [uploader]: NEW BLOCK: 4182275 
[2021-01-28 05:41:58] [DEBUG] [COMMIT-MGR] [uploader]: NEW BLOCK: 4182276 
[2021-01-28 05:42:11] [INFO] [COMMIT-MGR] [uploader]: Mongoose default connection disconnected. 
[2021-01-28 05:43:21] [INFO] [COMMIT-MGR] [uploader]: Starting commmitment manager server... 
[2021-01-28 05:43:21] [DEBUG] [COMMIT-MGR] [uploader]: Attempting to connect to db: localhost:27017/baseline 
[2021-01-28 05:43:21] [INFO] [COMMIT-MGR] [uploader]: Successfully connected to mongo db. 
[2021-01-28 05:43:26] [INFO] [COMMIT-MGR] [uploader]: Established websocket connection: wss://goerli.infura.io/ws/v3/655f1ad19d494a9fbbac8944c60c5ef8 
[2021-01-28 05:43:26] [INFO] [COMMIT-MGR] [uploader]: REST server listening on port 4001. 
[2021-01-28 05:43:27] [DEBUG] [COMMIT-MGR] [uploader]: NEW BLOCK: 4182281 
[2021-01-28 05:43:28] [DEBUG] [COMMIT-MGR] [uploader]: NEW BLOCK: 4182282 
[2021-01-28 05:43:42] [DEBUG] [COMMIT-MGR] [uploader]: NEW BLOCK: 4182281 
[2021-01-28 05:43:42] [DEBUG] [COMMIT-MGR] [uploader]: NEW BLOCK: 4182282 
[2021-01-28 05:43:42] [DEBUG] [COMMIT-MGR] [uploader]: NEW BLOCK: 4182283 
[2021-01-28 05:43:57] [DEBUG] [COMMIT-MGR] [uploader]: NEW BLOCK: 4182284 
[2021-01-28 05:44:14] [DEBUG] [COMMIT-MGR] [uploader]: NEW BLOCK: 4182285 
[2021-01-28 05:44:27] [DEBUG] [COMMIT-MGR] [uploader]: NEW BLOCK: 4182286 
[2021-01-28 05:44:43] [DEBUG] [COMMIT-MGR] [uploader]: NEW BLOCK: 4182287 
[2021-01-28 05:44:58] [DEBUG] [COMMIT-MGR] [uploader]: NEW BLOCK: 4182288 
[2021-01-28 05:45:12] [DEBUG] [COMMIT-MGR] [uploader]: NEW BLOCK: 4182289 
[2021-01-28 05:45:27] [DEBUG] [COMMIT-MGR] [uploader]: NEW BLOCK: 4182290 
[2021-01-28 05:45:44] [DEBUG] [COMMIT-MGR] [uploader]: NEW BLOCK: 4182291 
[2021-01-28 05:45:58] [DEBUG] [COMMIT-MGR] [uploader]: NEW BLOCK: 4182292 
[2021-01-28 05:46:12] [DEBUG] [COMMIT-MGR] [uploader]: NEW BLOCK: 4182293 
[2021-01-28 05:46:29] [DEBUG] [COMMIT-MGR] [uploader]: NEW BLOCK: 4182294 
[2021-01-28 05:46:42] [DEBUG] [COMMIT-MGR] [uploader]: NEW BLOCK: 4182295 
[2021-01-28 05:46:57] [DEBUG] [COMMIT-MGR] [uploader]: NEW BLOCK: 4182296 
[2021-01-28 05:47:13] [DEBUG] [COMMIT-MGR] [uploader]: NEW BLOCK: 4182297 
[2021-01-28 05:47:28] [DEBUG] [COMMIT-MGR] [uploader]: NEW BLOCK: 4182298 
[2021-01-28 05:47:28] [DEBUG] [COMMIT-MGR] [uploader]: NEW BLOCK: 4182298 
[2021-01-28 05:47:44] [DEBUG] [COMMIT-MGR] [uploader]: NEW BLOCK: 4182299 
[2021-01-28 05:47:58] [DEBUG] [COMMIT-MGR] [uploader]: NEW BLOCK: 4182300 
[2021-01-28 05:48:13] [DEBUG] [COMMIT-MGR] [uploader]: NEW BLOCK: 4182301 
[2021-01-28 05:48:30] [DEBUG] [COMMIT-MGR] [uploader]: NEW BLOCK: 4182302 
[2021-01-28 05:48:42] [DEBUG] [COMMIT-MGR] [uploader]: NEW BLOCK: 4182303 
[2021-01-28 05:48:58] [DEBUG] [COMMIT-MGR] [uploader]: NEW BLOCK: 4182304 
[2021-01-28 05:49:12] [DEBUG] [COMMIT-MGR] [uploader]: NEW BLOCK: 4182305 
[2021-01-28 05:49:28] [DEBUG] [COMMIT-MGR] [uploader]: NEW BLOCK: 4182306 
[2021-01-28 05:49:42] [DEBUG] [COMMIT-MGR] [uploader]: NEW BLOCK: 4182307 
[2021-01-28 05:49:58] [DEBUG] [COMMIT-MGR] [uploader]: NEW BLOCK: 4182308 
[2021-01-28 05:50:13] [DEBUG] [COMMIT-MGR] [uploader]: NEW BLOCK: 4182308 
[2021-01-28 05:50:13] [DEBUG] [COMMIT-MGR] [uploader]: NEW BLOCK: 4182309 
[2021-01-28 05:50:28] [DEBUG] [COMMIT-MGR] [uploader]: NEW BLOCK: 4182310 
[2021-01-28 05:50:44] [DEBUG] [COMMIT-MGR] [uploader]: NEW BLOCK: 4182311 
[2021-01-28 05:50:56] [INFO] [COMMIT-MGR] [uploader]: Mongoose default connection disconnected. 
