[2021-02-01 21:17:20] [INFO] [COMMIT-MGR] [uploader]: Starting commmitment manager server... 
[2021-02-01 21:17:20] [DEBUG] [COMMIT-MGR] [uploader]: shieldContract: Shield 
[2021-02-01 21:17:20] [DEBUG] [COMMIT-MGR] [uploader]: verifierContract: VerifierNoop 
[2021-02-01 21:17:20] [DEBUG] [COMMIT-MGR] [uploader]: Attempting to connect to db: localhost:27117/baseline 
[2021-02-01 21:17:20] [INFO] [COMMIT-MGR] [uploader]: Successfully connected to mongo db. 
[2021-02-01 21:17:25] [INFO] [COMMIT-MGR] [uploader]: Established websocket connection: ws://localhost:8546 
[2021-02-01 21:17:25] [INFO] [COMMIT-MGR] [uploader]: REST server listening on port 4001. 
[2021-02-01 21:17:26] [DEBUG] [COMMIT-MGR] [uploader]: NEW BLOCK: 52205 
[2021-02-01 21:17:27] [DEBUG] [COMMIT-MGR] [uploader]: NEW BLOCK: 52206 
[2021-02-01 21:17:28] [DEBUG] [COMMIT-MGR] [uploader]: NEW BLOCK: 52207 
[2021-02-01 21:17:29] [DEBUG] [COMMIT-MGR] [uploader]: NEW BLOCK: 52208 
[2021-02-01 21:17:30] [DEBUG] [COMMIT-MGR] [uploader]: NEW BLOCK: 52209 
[2021-02-01 21:17:31] [DEBUG] [COMMIT-MGR] [uploader]: NEW BLOCK: 52210 
[2021-02-01 21:17:32] [DEBUG] [COMMIT-MGR] [uploader]: NEW BLOCK: 52211 
[2021-02-01 21:17:33] [DEBUG] [COMMIT-MGR] [uploader]: NEW BLOCK: 52212 
[2021-02-01 21:17:34] [DEBUG] [COMMIT-MGR] [uploader]: NEW BLOCK: 52213 
[2021-02-01 21:17:35] [DEBUG] [COMMIT-MGR] [uploader]: NEW BLOCK: 52214 
[2021-02-01 21:17:36] [DEBUG] [COMMIT-MGR] [uploader]: NEW BLOCK: 52215 
[2021-02-01 21:17:37] [DEBUG] [COMMIT-MGR] [uploader]: NEW BLOCK: 52216 
[2021-02-01 21:17:38] [DEBUG] [COMMIT-MGR] [uploader]: NEW BLOCK: 52217 
[2021-02-01 21:17:39] [DEBUG] [COMMIT-MGR] [uploader]: NEW BLOCK: 52218 
[2021-02-01 21:17:40] [DEBUG] [COMMIT-MGR] [uploader]: NEW BLOCK: 52219 
[2021-02-01 21:17:41] [DEBUG] [COMMIT-MGR] [uploader]: NEW BLOCK: 52220 
[2021-02-01 21:17:42] [DEBUG] [COMMIT-MGR] [uploader]: NEW BLOCK: 52221 
[2021-02-01 21:17:43] [DEBUG] [COMMIT-MGR] [uploader]: NEW BLOCK: 52222 
[2021-02-01 21:17:44] [DEBUG] [COMMIT-MGR] [uploader]: NEW BLOCK: 52223 
[2021-02-01 21:17:45] [DEBUG] [COMMIT-MGR] [uploader]: NEW BLOCK: 52224 
[2021-02-01 21:17:46] [DEBUG] [COMMIT-MGR] [uploader]: NEW BLOCK: 52225 
[2021-02-01 21:17:47] [DEBUG] [COMMIT-MGR] [uploader]: NEW BLOCK: 52226 
[2021-02-01 21:17:48] [DEBUG] [COMMIT-MGR] [uploader]: NEW BLOCK: 52227 
[2021-02-01 21:17:49] [DEBUG] [COMMIT-MGR] [uploader]: NEW BLOCK: 52228 
[2021-02-01 21:17:50] [DEBUG] [COMMIT-MGR] [uploader]: NEW BLOCK: 52229 
[2021-02-01 21:17:51] [DEBUG] [COMMIT-MGR] [uploader]: NEW BLOCK: 52230 
[2021-02-01 21:17:52] [DEBUG] [COMMIT-MGR] [uploader]: NEW BLOCK: 52231 
[2021-02-01 21:17:53] [DEBUG] [COMMIT-MGR] [uploader]: NEW BLOCK: 52232 
[2021-02-01 21:17:54] [DEBUG] [COMMIT-MGR] [uploader]: NEW BLOCK: 52233 
[2021-02-01 21:17:55] [DEBUG] [COMMIT-MGR] [uploader]: NEW BLOCK: 52234 
[2021-02-01 21:17:56] [DEBUG] [COMMIT-MGR] [uploader]: NEW BLOCK: 52235 
[2021-02-01 21:17:57] [DEBUG] [COMMIT-MGR] [uploader]: NEW BLOCK: 52236 
[2021-02-01 21:17:58] [DEBUG] [COMMIT-MGR] [uploader]: NEW BLOCK: 52237 
[2021-02-01 21:17:59] [DEBUG] [COMMIT-MGR] [uploader]: NEW BLOCK: 52238 
[2021-02-01 21:18:00] [DEBUG] [COMMIT-MGR] [uploader]: NEW BLOCK: 52239 
[2021-02-01 21:18:01] [DEBUG] [COMMIT-MGR] [uploader]: NEW BLOCK: 52240 
[2021-02-01 21:18:02] [DEBUG] [COMMIT-MGR] [uploader]: NEW BLOCK: 52241 
[2021-02-01 21:18:03] [DEBUG] [COMMIT-MGR] [uploader]: NEW BLOCK: 52242 
[2021-02-01 21:18:04] [DEBUG] [COMMIT-MGR] [uploader]: NEW BLOCK: 52243 
[2021-02-01 21:18:05] [DEBUG] [COMMIT-MGR] [uploader]: NEW BLOCK: 52244 
[2021-02-01 21:18:06] [DEBUG] [COMMIT-MGR] [uploader]: NEW BLOCK: 52245 
[2021-02-01 21:18:07] [DEBUG] [COMMIT-MGR] [uploader]: NEW BLOCK: 52246 
[2021-02-01 21:18:08] [DEBUG] [COMMIT-MGR] [uploader]: NEW BLOCK: 52247 
[2021-02-01 21:18:09] [DEBUG] [COMMIT-MGR] [uploader]: NEW BLOCK: 52248 
[2021-02-01 21:18:10] [DEBUG] [COMMIT-MGR] [uploader]: NEW BLOCK: 52249 
